<?xml version="1.0" encoding="UTF-8"?>
<!-- Generated by org.testng.reporters.JUnitXMLReporter -->
<testsuite ignored="0" hostname="QA" failures="1" tests="1" name="SignInOptions_EnableMagicLink(failed)(failed)(failed)" time="30.096" errors="0" timestamp="2022-12-01T11:57:07 PKT">
  <testcase classname="SiteTestCases.SettingsTests.CompanyManagementTests.CompanyManagementTestsPage" name="SignInOptions_EnableMagicLink" time="25.757">
    <failure type="org.openqa.selenium.ElementClickInterceptedException" message="element click intercepted: Element &amp;lt;header class=&amp;quot;sc-hgYirE gbqkPH&amp;quot;&amp;gt;...&amp;lt;/header&amp;gt; is not clickable at point (796, 164). Other element would receive the click: &amp;lt;rect x=&amp;quot;0&amp;quot; y=&amp;quot;0&amp;quot; width=&amp;quot;1536&amp;quot; height=&amp;quot;708&amp;quot; fill=&amp;quot;currentColor&amp;quot; clip-path=&amp;quot;url(#clip-path)&amp;quot; pointer-events=&amp;quot;auto&amp;quot;&amp;gt;&amp;lt;/rect&amp;gt;
  (Session info: chrome=107.0.5304.107)
Build info: version: &amp;apos;4.1.2&amp;apos;, revision: &amp;apos;9a5a329c5a&amp;apos;
System info: host: &amp;apos;QA&amp;apos;, ip: &amp;apos;192.168.7.189&amp;apos;, os.name: &amp;apos;Windows 10&amp;apos;, os.arch: &amp;apos;amd64&amp;apos;, os.version: &amp;apos;10.0&amp;apos;, java.version: &amp;apos;17.0.4.1&amp;apos;
Driver info: org.openqa.selenium.chrome.ChromeDriver
Command: [e02f0f18c13978a533680003ac93fbe4, clickElement {id=5e5f1e0b-48ad-4049-b98a-4e4e2e450249}]
Capabilities {acceptInsecureCerts: false, browserName: chrome, browserVersion: 107.0.5304.107, chrome: {chromedriverVersion: 107.0.5304.62 (1eec40d3a576..., userDataDir: C:\Users\QA131F~1.USE\AppDa...}, goog:chromeOptions: {debuggerAddress: localhost:58564}, javascriptEnabled: true, networkConnectionEnabled: false, pageLoadStrategy: normal, platform: WINDOWS, platformName: WINDOWS, proxy: Proxy(), se:cdp: ws://localhost:58564/devtoo..., se:cdpVersion: 107.0.5304.107, setWindowRect: true, strictFileInteractability: false, timeouts: {implicit: 0, pageLoad: 300000, script: 30000}, unhandledPromptBehavior: dismiss and notify, webauthn:extension:credBlob: true, webauthn:extension:largeBlob: true, webauthn:virtualAuthenticators: true}
Element: [[ChromeDriver: chrome on WINDOWS (e02f0f18c13978a533680003ac93fbe4)] -&amp;gt; xpath: //header[text()=&amp;apos;Company Management&amp;apos;]]
Session ID: e02f0f18c13978a533680003ac93fbe4">
      <![CDATA[org.openqa.selenium.ElementClickInterceptedException: element click intercepted: Element <header class="sc-hgYirE gbqkPH">...</header> is not clickable at point (796, 164). Other element would receive the click: <rect x="0" y="0" width="1536" height="708" fill="currentColor" clip-path="url(#clip-path)" pointer-events="auto"></rect>
  (Session info: chrome=107.0.5304.107)
Build info: version: '4.1.2', revision: '9a5a329c5a'
System info: host: 'QA', ip: '192.168.7.189', os.name: 'Windows 10', os.arch: 'amd64', os.version: '10.0', java.version: '17.0.4.1'
Driver info: org.openqa.selenium.chrome.ChromeDriver
Command: [e02f0f18c13978a533680003ac93fbe4, clickElement {id=5e5f1e0b-48ad-4049-b98a-4e4e2e450249}]
Capabilities {acceptInsecureCerts: false, browserName: chrome, browserVersion: 107.0.5304.107, chrome: {chromedriverVersion: 107.0.5304.62 (1eec40d3a576..., userDataDir: C:\Users\QA131F~1.USE\AppDa...}, goog:chromeOptions: {debuggerAddress: localhost:58564}, javascriptEnabled: true, networkConnectionEnabled: false, pageLoadStrategy: normal, platform: WINDOWS, platformName: WINDOWS, proxy: Proxy(), se:cdp: ws://localhost:58564/devtoo..., se:cdpVersion: 107.0.5304.107, setWindowRect: true, strictFileInteractability: false, timeouts: {implicit: 0, pageLoad: 300000, script: 30000}, unhandledPromptBehavior: dismiss and notify, webauthn:extension:credBlob: true, webauthn:extension:largeBlob: true, webauthn:virtualAuthenticators: true}
Element: [[ChromeDriver: chrome on WINDOWS (e02f0f18c13978a533680003ac93fbe4)] -> xpath: //header[text()='Company Management']]
Session ID: e02f0f18c13978a533680003ac93fbe4
at org.openqa.selenium.remote.codec.w3c.W3CHttpResponseCodec.createException(W3CHttpResponseCodec.java:200)
at org.openqa.selenium.remote.codec.w3c.W3CHttpResponseCodec.decode(W3CHttpResponseCodec.java:133)
at org.openqa.selenium.remote.codec.w3c.W3CHttpResponseCodec.decode(W3CHttpResponseCodec.java:53)
at org.openqa.selenium.remote.HttpCommandExecutor.execute(HttpCommandExecutor.java:184)
at org.openqa.selenium.remote.service.DriverCommandExecutor.invokeExecute(DriverCommandExecutor.java:164)
at org.openqa.selenium.remote.service.DriverCommandExecutor.execute(DriverCommandExecutor.java:139)
at org.openqa.selenium.remote.RemoteWebDriver.execute(RemoteWebDriver.java:559)
at org.openqa.selenium.remote.RemoteWebElement.execute(RemoteWebElement.java:251)
at org.openqa.selenium.remote.RemoteWebElement.click(RemoteWebElement.java:77)
at org.openqa.selenium.support.pagefactory.internal.LocatingElementHandler.invoke(LocatingElementHandler.java:52)
at jdk.proxy2/jdk.proxy2.$Proxy22.click(Unknown Source)
at Settings.CompanyManagement.CompanyManagementPage.enableMagicLink(CompanyManagementPage.java:33)
at SiteTestCases.SettingsTests.CompanyManagementTests.CompanyManagementTestsPage.SignInOptions_EnableMagicLink(CompanyManagementTestsPage.java:52)
at java.base/java.util.ArrayList.forEach(ArrayList.java:1511)
... Removed 36 stack frames]]>
    </failure>
  </testcase> <!-- SignInOptions_EnableMagicLink -->
</testsuite> <!-- SignInOptions_EnableMagicLink(failed)(failed)(failed) -->
