<?xml version="1.0" encoding="UTF-8"?>
<!-- Generated by org.testng.reporters.JUnitXMLReporter -->
<testsuite ignored="33" hostname="QA" failures="1" tests="1" name="UploadCSVDuplicateEmail" time="90.866" errors="0" timestamp="2022-12-09T11:25:18 PKT">
  <testcase classname="SiteTestCases.RecipientsTests.RecipientsPageTests" name="UploadCSVDuplicateEmail" time="87.252">
    <failure type="org.openqa.selenium.TimeoutException" message="Expected condition failed: waiting for element to be clickable: Proxy element for: DefaultElementLocator &amp;apos;By.xpath: //span[text()=&amp;apos;Next&amp;apos;]&amp;apos; (tried for 30 second(s) with 500 milliseconds interval)">
      <![CDATA[org.openqa.selenium.TimeoutException: Expected condition failed: waiting for element to be clickable: Proxy element for: DefaultElementLocator 'By.xpath: //span[text()='Next']' (tried for 30 second(s) with 500 milliseconds interval)
at org.openqa.selenium.support.ui.WebDriverWait.timeoutException(WebDriverWait.java:138)
at org.openqa.selenium.support.ui.FluentWait.until(FluentWait.java:231)
at Utilities.CommonActions.waitForElement(CommonActions.java:254)
at Recipients.RecipientsPage.clickNext(RecipientsPage.java:1291)
at Recipients.RecipientsPage.uploadCSV(RecipientsPage.java:480)
at SiteTestCases.RecipientsTests.RecipientsPageTests.UploadCSVDuplicateEmail(RecipientsPageTests.java:156)
at java.base/java.util.ArrayList.forEach(ArrayList.java:1511)
Caused by: org.openqa.selenium.NoSuchElementException: no such element: Unable to locate element: {"method":"xpath","selector":"//span[text()='Next']"}
  (Session info: chrome=107.0.5304.107)
For documentation on this error, please visit: https://selenium.dev/exceptions/#no_such_element
Build info: version: '4.1.2', revision: '9a5a329c5a'
System info: host: 'QA', ip: '192.168.7.189', os.name: 'Windows 10', os.arch: 'amd64', os.version: '10.0', java.version: '17.0.4.1'
Driver info: org.openqa.selenium.chrome.ChromeDriver
Command: [1881fa08f919308b4bdea43f30bdcd5f, findElement {using=xpath, value=//span[text()='Next']}]
Capabilities {acceptInsecureCerts: false, browserName: chrome, browserVersion: 107.0.5304.107, chrome: {chromedriverVersion: 107.0.5304.62 (1eec40d3a576..., userDataDir: C:\Users\QA131F~1.USE\AppDa...}, goog:chromeOptions: {debuggerAddress: localhost:61425}, javascriptEnabled: true, networkConnectionEnabled: false, pageLoadStrategy: normal, platform: WINDOWS, platformName: WINDOWS, proxy: Proxy(), se:cdp: ws://localhost:61425/devtoo..., se:cdpVersion: 107.0.5304.107, setWindowRect: true, strictFileInteractability: false, timeouts: {implicit: 0, pageLoad: 300000, script: 30000}, unhandledPromptBehavior: dismiss and notify, webauthn:extension:credBlob: true, webauthn:extension:largeBlob: true, webauthn:virtualAuthenticators: true}
Session ID: 1881fa08f919308b4bdea43f30bdcd5f
at org.openqa.selenium.remote.codec.w3c.W3CHttpResponseCodec.createException(W3CHttpResponseCodec.java:200)
at org.openqa.selenium.remote.codec.w3c.W3CHttpResponseCodec.decode(W3CHttpResponseCodec.java:133)
at org.openqa.selenium.remote.codec.w3c.W3CHttpResponseCodec.decode(W3CHttpResponseCodec.java:53)
at org.openqa.selenium.remote.HttpCommandExecutor.execute(HttpCommandExecutor.java:184)
at org.openqa.selenium.remote.service.DriverCommandExecutor.invokeExecute(DriverCommandExecutor.java:164)
at org.openqa.selenium.remote.service.DriverCommandExecutor.execute(DriverCommandExecutor.java:139)
at org.openqa.selenium.remote.RemoteWebDriver.execute(RemoteWebDriver.java:559)
at org.openqa.selenium.remote.ElementLocation$ElementFinder$2.findElement(ElementLocation.java:162)
at org.openqa.selenium.remote.ElementLocation.findElement(ElementLocation.java:60)
at org.openqa.selenium.remote.RemoteWebDriver.findElement(RemoteWebDriver.java:383)
at org.openqa.selenium.remote.RemoteWebDriver.findElement(RemoteWebDriver.java:375)
at org.openqa.selenium.support.pagefactory.DefaultElementLocator.findElement(DefaultElementLocator.java:70)
at org.openqa.selenium.support.pagefactory.internal.LocatingElementHandler.invoke(LocatingElementHandler.java:39)
at jdk.proxy2/jdk.proxy2.$Proxy22.isDisplayed(Unknown Source)
at org.openqa.selenium.support.ui.ExpectedConditions.elementIfVisible(ExpectedConditions.java:307)
at org.openqa.selenium.support.ui.ExpectedConditions.access$000(ExpectedConditions.java:40)
at org.openqa.selenium.support.ui.ExpectedConditions$10.apply(ExpectedConditions.java:293)
at org.openqa.selenium.support.ui.ExpectedConditions$10.apply(ExpectedConditions.java:290)
at org.openqa.selenium.support.ui.ExpectedConditions$23.apply(ExpectedConditions.java:660)
at org.openqa.selenium.support.ui.ExpectedConditions$23.apply(ExpectedConditions.java:656)
at org.openqa.selenium.support.ui.FluentWait.until(FluentWait.java:208)
... 32 more
... Removed 31 stack frames]]>
    </failure>
  </testcase> <!-- UploadCSVDuplicateEmail -->
  <testcase classname="SiteTestCases.RecipientsTests.RecipientsPageTests" name="UploadCSVUpdateMerge" time="0.0">
    <ignored/>
  </testcase> <!-- UploadCSVUpdateMerge -->
  <testcase classname="SiteTestCases.RecipientsTests.RecipientsPageTests" name="selectLocationFromDashboardSearch_TC01" time="0.0">
    <ignored/>
  </testcase> <!-- selectLocationFromDashboardSearch_TC01 -->
  <testcase classname="SiteTestCases.RecipientsTests.RecipientsPageTests" name="SuperAdminUploadCSVEditUploadMerge" time="0.0">
    <ignored/>
  </testcase> <!-- SuperAdminUploadCSVEditUploadMerge -->
  <testcase classname="SiteTestCases.RecipientsTests.RecipientsPageTests" name="UploadCSVEditUploadMerge" time="0.0">
    <ignored/>
  </testcase> <!-- UploadCSVEditUploadMerge -->
  <testcase classname="SiteTestCases.RecipientsTests.RecipientsPageTests" name="UploadCSVLongAdress" time="0.0">
    <ignored/>
  </testcase> <!-- UploadCSVLongAdress -->
  <testcase classname="SiteTestCases.RecipientsTests.RecipientsPageTests" name="SuperAdminUploadCSVUpdateMerge" time="0.0">
    <ignored/>
  </testcase> <!-- SuperAdminUploadCSVUpdateMerge -->
  <testcase classname="SiteTestCases.RecipientsTests.RecipientsPageTests" name="UploadCSVInvalidEmail" time="0.0">
    <ignored/>
  </testcase> <!-- UploadCSVInvalidEmail -->
  <testcase classname="SiteTestCases.RecipientsTests.RecipientsPageTests" name="AddNewRecipientByOperator" time="0.0">
    <ignored/>
  </testcase> <!-- AddNewRecipientByOperator -->
  <testcase classname="SiteTestCases.RecipientsTests.RecipientsPageTests" name="UploadCSVAlternateFieldsDuplicate" time="0.0">
    <ignored/>
  </testcase> <!-- UploadCSVAlternateFieldsDuplicate -->
  <testcase classname="SiteTestCases.RecipientsTests.RecipientsPageTests" name="UploadCSVUnitGroup" time="0.0">
    <ignored/>
  </testcase> <!-- UploadCSVUnitGroup -->
  <testcase classname="SiteTestCases.RecipientsTests.RecipientsPageTests" name="SuperAdminAddNewGroup" time="0.0">
    <ignored/>
  </testcase> <!-- SuperAdminAddNewGroup -->
  <testcase classname="SiteTestCases.RecipientsTests.RecipientsPageTests" name="SuperAdminUploadCSVNameEmailMissing" time="0.0">
    <ignored/>
  </testcase> <!-- SuperAdminUploadCSVNameEmailMissing -->
  <testcase classname="SiteTestCases.RecipientsTests.RecipientsPageTests" name="UploadCSVEmptyAlternateFields" time="0.0">
    <ignored/>
  </testcase> <!-- UploadCSVEmptyAlternateFields -->
  <testcase classname="SiteTestCases.RecipientsTests.RecipientsPageTests" name="UploadCSVAlternateFields" time="0.0">
    <ignored/>
  </testcase> <!-- UploadCSVAlternateFields -->
  <testcase classname="SiteTestCases.RecipientsTests.RecipientsPageTests" name="UploadCSVAlternateEmailDuplicate" time="0.0">
    <ignored/>
  </testcase> <!-- UploadCSVAlternateEmailDuplicate -->
  <testcase classname="SiteTestCases.RecipientsTests.RecipientsPageTests" name="UploadCSVNameEmailMissing" time="0.0">
    <ignored/>
  </testcase> <!-- UploadCSVNameEmailMissing -->
  <testcase classname="SiteTestCases.RecipientsTests.RecipientsPageTests" name="SuperAdminUploadCSVEmailMissing" time="0.0">
    <ignored/>
  </testcase> <!-- SuperAdminUploadCSVEmailMissing -->
  <testcase classname="SiteTestCases.RecipientsTests.RecipientsPageTests" name="SuperAdminUploadCSVLongAdress" time="0.0">
    <ignored/>
  </testcase> <!-- SuperAdminUploadCSVLongAdress -->
  <testcase classname="SiteTestCases.RecipientsTests.RecipientsPageTests" name="ColumnPreferencesGroups" time="0.0">
    <ignored/>
  </testcase> <!-- ColumnPreferencesGroups -->
  <testcase classname="SiteTestCases.RecipientsTests.RecipientsPageTests" name="UploadCSV10000Recipients" time="0.0">
    <ignored/>
  </testcase> <!-- UploadCSV10000Recipients -->
  <testcase classname="SiteTestCases.RecipientsTests.RecipientsPageTests" name="AddCustomFields" time="0.0">
    <ignored/>
  </testcase> <!-- AddCustomFields -->
  <testcase classname="SiteTestCases.RecipientsTests.RecipientsPageTests" name="ColumnPreferencesRecipients" time="0.0">
    <ignored/>
  </testcase> <!-- ColumnPreferencesRecipients -->
  <testcase classname="SiteTestCases.RecipientsTests.RecipientsPageTests" name="UploadCSV30MinWait" time="0.0">
    <ignored/>
  </testcase> <!-- UploadCSV30MinWait -->
  <testcase classname="SiteTestCases.RecipientsTests.RecipientsPageTests" name="UploadCSVUPOverwrite" time="0.0">
    <ignored/>
  </testcase> <!-- UploadCSVUPOverwrite -->
  <testcase classname="SiteTestCases.RecipientsTests.RecipientsPageTests" name="AddNewGroup" time="0.0">
    <ignored/>
  </testcase> <!-- AddNewGroup -->
  <testcase classname="SiteTestCases.RecipientsTests.RecipientsPageTests" name="UploadCSVUPMerge" time="0.0">
    <ignored/>
  </testcase> <!-- UploadCSVUPMerge -->
  <testcase classname="SiteTestCases.RecipientsTests.RecipientsPageTests" name="AddNewRecipient" time="0.0">
    <ignored/>
  </testcase> <!-- AddNewRecipient -->
  <testcase classname="SiteTestCases.RecipientsTests.RecipientsPageTests" name="SuperAdminAddNewRecipient" time="0.0">
    <ignored/>
  </testcase> <!-- SuperAdminAddNewRecipient -->
  <testcase classname="SiteTestCases.RecipientsTests.RecipientsPageTests" name="SuperAdminUploadCSVDuplicateEmail" time="0.0">
    <ignored/>
  </testcase> <!-- SuperAdminUploadCSVDuplicateEmail -->
  <testcase classname="SiteTestCases.RecipientsTests.RecipientsPageTests" name="SuperAdminUploadCSVMerge" time="0.0">
    <ignored/>
  </testcase> <!-- SuperAdminUploadCSVMerge -->
  <testcase classname="SiteTestCases.RecipientsTests.RecipientsPageTests" name="SuperAdminUploadCSVOverwrite" time="0.0">
    <ignored/>
  </testcase> <!-- SuperAdminUploadCSVOverwrite -->
  <testcase classname="SiteTestCases.RecipientsTests.RecipientsPageTests" name="SuperAdminUploadCSVInvalidEmail" time="0.0">
    <ignored/>
  </testcase> <!-- SuperAdminUploadCSVInvalidEmail -->
  <testcase classname="SiteTestCases.RecipientsTests.RecipientsPageTests" name="UploadCSVEmailMissing" time="0.0">
    <ignored/>
  </testcase> <!-- UploadCSVEmailMissing -->
</testsuite> <!-- UploadCSVDuplicateEmail -->
