<?xml version="1.0" encoding="UTF-8"?>
<!-- Generated by org.testng.reporters.JUnitXMLReporter -->
<testsuite ignored="8" hostname="QA" failures="1" tests="2" name="LoginViaMagicLink" time="61.693" errors="0" timestamp="2022-11-18T14:55:47 PKT">
  <testcase classname="SiteTestCases.LoginTests.LoginPageTests" name="ForgotPassword" time="30.088">
    <skipped/>
  </testcase> <!-- ForgotPassword -->
  <testcase classname="SiteTestCases.LoginTests.LoginPageTests" name="ForgotPassword" time="27.127">
    <failure type="org.openqa.selenium.StaleElementReferenceException" message="stale element reference: element is not attached to the page document
  (Session info: chrome=107.0.5304.107)
For documentation on this error, please visit: https://selenium.dev/exceptions/#stale_element_reference
Build info: version: &amp;apos;4.1.2&amp;apos;, revision: &amp;apos;9a5a329c5a&amp;apos;
System info: host: &amp;apos;QA&amp;apos;, ip: &amp;apos;192.168.7.189&amp;apos;, os.name: &amp;apos;Windows 10&amp;apos;, os.arch: &amp;apos;amd64&amp;apos;, os.version: &amp;apos;10.0&amp;apos;, java.version: &amp;apos;17.0.4.1&amp;apos;
Driver info: org.openqa.selenium.chrome.ChromeDriver
Command: [a3b41afb3234e5ecf1445cbb803c04d6, clickElement {id=4b5c8e6d-bbe8-4a5d-9707-454722e8f934}]
Capabilities {acceptInsecureCerts: false, browserName: chrome, browserVersion: 107.0.5304.107, chrome: {chromedriverVersion: 107.0.5304.62 (1eec40d3a576..., userDataDir: C:\Users\QA131F~1.USE\AppDa...}, goog:chromeOptions: {debuggerAddress: localhost:59813}, javascriptEnabled: true, networkConnectionEnabled: false, pageLoadStrategy: normal, platform: WINDOWS, platformName: WINDOWS, proxy: Proxy(), se:cdp: ws://localhost:59813/devtoo..., se:cdpVersion: 107.0.5304.107, setWindowRect: true, strictFileInteractability: false, timeouts: {implicit: 0, pageLoad: 300000, script: 30000}, unhandledPromptBehavior: dismiss and notify, webauthn:extension:credBlob: true, webauthn:extension:largeBlob: true, webauthn:virtualAuthenticators: true}
Element: [[ChromeDriver: chrome on WINDOWS (a3b41afb3234e5ecf1445cbb803c04d6)] -&amp;gt; xpath: //input[@type=&amp;apos;submit&amp;apos;]]
Session ID: a3b41afb3234e5ecf1445cbb803c04d6">
      <![CDATA[org.openqa.selenium.StaleElementReferenceException: stale element reference: element is not attached to the page document
  (Session info: chrome=107.0.5304.107)
For documentation on this error, please visit: https://selenium.dev/exceptions/#stale_element_reference
Build info: version: '4.1.2', revision: '9a5a329c5a'
System info: host: 'QA', ip: '192.168.7.189', os.name: 'Windows 10', os.arch: 'amd64', os.version: '10.0', java.version: '17.0.4.1'
Driver info: org.openqa.selenium.chrome.ChromeDriver
Command: [a3b41afb3234e5ecf1445cbb803c04d6, clickElement {id=4b5c8e6d-bbe8-4a5d-9707-454722e8f934}]
Capabilities {acceptInsecureCerts: false, browserName: chrome, browserVersion: 107.0.5304.107, chrome: {chromedriverVersion: 107.0.5304.62 (1eec40d3a576..., userDataDir: C:\Users\QA131F~1.USE\AppDa...}, goog:chromeOptions: {debuggerAddress: localhost:59813}, javascriptEnabled: true, networkConnectionEnabled: false, pageLoadStrategy: normal, platform: WINDOWS, platformName: WINDOWS, proxy: Proxy(), se:cdp: ws://localhost:59813/devtoo..., se:cdpVersion: 107.0.5304.107, setWindowRect: true, strictFileInteractability: false, timeouts: {implicit: 0, pageLoad: 300000, script: 30000}, unhandledPromptBehavior: dismiss and notify, webauthn:extension:credBlob: true, webauthn:extension:largeBlob: true, webauthn:virtualAuthenticators: true}
Element: [[ChromeDriver: chrome on WINDOWS (a3b41afb3234e5ecf1445cbb803c04d6)] -> xpath: //input[@type='submit']]
Session ID: a3b41afb3234e5ecf1445cbb803c04d6
at org.openqa.selenium.remote.codec.w3c.W3CHttpResponseCodec.createException(W3CHttpResponseCodec.java:200)
at org.openqa.selenium.remote.codec.w3c.W3CHttpResponseCodec.decode(W3CHttpResponseCodec.java:133)
at org.openqa.selenium.remote.codec.w3c.W3CHttpResponseCodec.decode(W3CHttpResponseCodec.java:53)
at org.openqa.selenium.remote.HttpCommandExecutor.execute(HttpCommandExecutor.java:184)
at org.openqa.selenium.remote.service.DriverCommandExecutor.invokeExecute(DriverCommandExecutor.java:164)
at org.openqa.selenium.remote.service.DriverCommandExecutor.execute(DriverCommandExecutor.java:139)
at org.openqa.selenium.remote.RemoteWebDriver.execute(RemoteWebDriver.java:559)
at org.openqa.selenium.remote.RemoteWebElement.execute(RemoteWebElement.java:251)
at org.openqa.selenium.remote.RemoteWebElement.click(RemoteWebElement.java:77)
at org.openqa.selenium.support.pagefactory.internal.LocatingElementHandler.invoke(LocatingElementHandler.java:52)
at jdk.proxy2/jdk.proxy2.$Proxy21.click(Unknown Source)
at Login.LoginPage.switchToNewWindowAndGetEmailCodeOL(LoginPage.java:355)
at Login.LoginPage.forgotPasswordOL(LoginPage.java:283)
at SiteTestCases.LoginTests.LoginPageTests.ForgotPassword(LoginPageTests.java:77)
at java.base/java.util.ArrayList.forEach(ArrayList.java:1511)
... Removed 36 stack frames]]>
    </failure>
  </testcase> <!-- ForgotPassword -->
  <testcase classname="SiteTestCases.LoginTests.LoginPageTests" name="LoginManager" time="0.0">
    <ignored/>
  </testcase> <!-- LoginManager -->
  <testcase classname="SiteTestCases.LoginTests.LoginPageTests" name="LoginOperator" time="0.0">
    <ignored/>
  </testcase> <!-- LoginOperator -->
  <testcase classname="SiteTestCases.LoginTests.LoginPageTests" name="LoginViaMagicLink" time="0.0">
    <ignored/>
  </testcase> <!-- LoginViaMagicLink -->
  <testcase classname="SiteTestCases.LoginTests.LoginPageTests" name="WrongPassword" time="0.0">
    <ignored/>
  </testcase> <!-- WrongPassword -->
  <testcase classname="SiteTestCases.LoginTests.LoginPageTests" name="LoginAdmin" time="0.0">
    <ignored/>
  </testcase> <!-- LoginAdmin -->
  <testcase classname="SiteTestCases.LoginTests.LoginPageTests" name="ForgotPasswordNegativeCase" time="0.0">
    <ignored/>
  </testcase> <!-- ForgotPasswordNegativeCase -->
  <testcase classname="SiteTestCases.LoginTests.LoginPageTests" name="LoginSuperAdmin" time="0.0">
    <ignored/>
  </testcase> <!-- LoginSuperAdmin -->
  <testcase classname="SiteTestCases.LoginTests.LoginPageTests" name="LoginNegativeCase" time="0.0">
    <ignored/>
  </testcase> <!-- LoginNegativeCase -->
</testsuite> <!-- LoginViaMagicLink -->
