<?xml version="1.0" encoding="UTF-8"?>
<!-- Generated by org.testng.reporters.JUnitXMLReporter -->
<testsuite ignored="33" hostname="QA" failures="1" tests="1" name="Default test" time="65.801" errors="0" timestamp="2022-12-09T15:21:04 PKT">
  <testcase classname="SiteTestCases.RecipientsTests.RecipientsPageTests" name="UploadCSVDuplicateEmail" time="60.431">
    <failure type="org.openqa.selenium.NoSuchElementException" message="no such element: Unable to locate element: {&amp;quot;method&amp;quot;:&amp;quot;xpath&amp;quot;,&amp;quot;selector&amp;quot;:&amp;quot;//div[@class=&amp;apos;ant-upload ant-upload-drag sc-hrDvXV kUHhKy&amp;apos;]/span/div/p[1]&amp;quot;}
  (Session info: chrome=107.0.5304.107)
For documentation on this error, please visit: https://selenium.dev/exceptions/#no_such_element
Build info: version: &amp;apos;4.1.2&amp;apos;, revision: &amp;apos;9a5a329c5a&amp;apos;
System info: host: &amp;apos;QA&amp;apos;, ip: &amp;apos;192.168.7.189&amp;apos;, os.name: &amp;apos;Windows 10&amp;apos;, os.arch: &amp;apos;amd64&amp;apos;, os.version: &amp;apos;10.0&amp;apos;, java.version: &amp;apos;17.0.4.1&amp;apos;
Driver info: org.openqa.selenium.chrome.ChromeDriver
Command: [3b405b14c5679ff39b89b0710199883d, findElement {using=xpath, value=//div[@class=&amp;apos;ant-upload ant-upload-drag sc-hrDvXV kUHhKy&amp;apos;]/span/div/p[1]}]
Capabilities {acceptInsecureCerts: false, browserName: chrome, browserVersion: 107.0.5304.107, chrome: {chromedriverVersion: 107.0.5304.62 (1eec40d3a576..., userDataDir: C:\Users\QA131F~1.USE\AppDa...}, goog:chromeOptions: {debuggerAddress: localhost:53231}, javascriptEnabled: true, networkConnectionEnabled: false, pageLoadStrategy: normal, platform: WINDOWS, platformName: WINDOWS, proxy: Proxy(), se:cdp: ws://localhost:53231/devtoo..., se:cdpVersion: 107.0.5304.107, setWindowRect: true, strictFileInteractability: false, timeouts: {implicit: 0, pageLoad: 300000, script: 30000}, unhandledPromptBehavior: dismiss and notify, webauthn:extension:credBlob: true, webauthn:extension:largeBlob: true, webauthn:virtualAuthenticators: true}
Session ID: 3b405b14c5679ff39b89b0710199883d">
      <![CDATA[org.openqa.selenium.NoSuchElementException: no such element: Unable to locate element: {"method":"xpath","selector":"//div[@class='ant-upload ant-upload-drag sc-hrDvXV kUHhKy']/span/div/p[1]"}
  (Session info: chrome=107.0.5304.107)
For documentation on this error, please visit: https://selenium.dev/exceptions/#no_such_element
Build info: version: '4.1.2', revision: '9a5a329c5a'
System info: host: 'QA', ip: '192.168.7.189', os.name: 'Windows 10', os.arch: 'amd64', os.version: '10.0', java.version: '17.0.4.1'
Driver info: org.openqa.selenium.chrome.ChromeDriver
Command: [3b405b14c5679ff39b89b0710199883d, findElement {using=xpath, value=//div[@class='ant-upload ant-upload-drag sc-hrDvXV kUHhKy']/span/div/p[1]}]
Capabilities {acceptInsecureCerts: false, browserName: chrome, browserVersion: 107.0.5304.107, chrome: {chromedriverVersion: 107.0.5304.62 (1eec40d3a576..., userDataDir: C:\Users\QA131F~1.USE\AppDa...}, goog:chromeOptions: {debuggerAddress: localhost:53231}, javascriptEnabled: true, networkConnectionEnabled: false, pageLoadStrategy: normal, platform: WINDOWS, platformName: WINDOWS, proxy: Proxy(), se:cdp: ws://localhost:53231/devtoo..., se:cdpVersion: 107.0.5304.107, setWindowRect: true, strictFileInteractability: false, timeouts: {implicit: 0, pageLoad: 300000, script: 30000}, unhandledPromptBehavior: dismiss and notify, webauthn:extension:credBlob: true, webauthn:extension:largeBlob: true, webauthn:virtualAuthenticators: true}
Session ID: 3b405b14c5679ff39b89b0710199883d
at java.base/jdk.internal.reflect.NativeConstructorAccessorImpl.newInstance0(Native Method)
at java.base/jdk.internal.reflect.NativeConstructorAccessorImpl.newInstance(NativeConstructorAccessorImpl.java:77)
at java.base/jdk.internal.reflect.DelegatingConstructorAccessorImpl.newInstance(DelegatingConstructorAccessorImpl.java:45)
at java.base/java.lang.reflect.Constructor.newInstanceWithCaller(Constructor.java:499)
at java.base/java.lang.reflect.Constructor.newInstance(Constructor.java:480)
at org.openqa.selenium.remote.codec.w3c.W3CHttpResponseCodec.createException(W3CHttpResponseCodec.java:200)
at org.openqa.selenium.remote.codec.w3c.W3CHttpResponseCodec.decode(W3CHttpResponseCodec.java:133)
at org.openqa.selenium.remote.codec.w3c.W3CHttpResponseCodec.decode(W3CHttpResponseCodec.java:53)
at org.openqa.selenium.remote.HttpCommandExecutor.execute(HttpCommandExecutor.java:184)
at org.openqa.selenium.remote.service.DriverCommandExecutor.invokeExecute(DriverCommandExecutor.java:164)
at org.openqa.selenium.remote.service.DriverCommandExecutor.execute(DriverCommandExecutor.java:139)
at org.openqa.selenium.remote.RemoteWebDriver.execute(RemoteWebDriver.java:559)
at org.openqa.selenium.remote.ElementLocation$ElementFinder$2.findElement(ElementLocation.java:162)
at org.openqa.selenium.remote.ElementLocation.findElement(ElementLocation.java:60)
at org.openqa.selenium.remote.RemoteWebDriver.findElement(RemoteWebDriver.java:383)
at org.openqa.selenium.remote.RemoteWebDriver.findElement(RemoteWebDriver.java:375)
at org.openqa.selenium.support.pagefactory.DefaultElementLocator.findElement(DefaultElementLocator.java:70)
at org.openqa.selenium.support.pagefactory.internal.LocatingElementHandler.invoke(LocatingElementHandler.java:39)
at jdk.proxy2/jdk.proxy2.$Proxy21.sendKeys(Unknown Source)
at Recipients.RecipientsPage.attachFileDuplicateEmail(RecipientsPage.java:1032)
at Recipients.RecipientsPage.uploadCSV(RecipientsPage.java:453)
at SiteTestCases.RecipientsTests.RecipientsPageTests.UploadCSVDuplicateEmail(RecipientsPageTests.java:156)
at java.base/jdk.internal.reflect.NativeMethodAccessorImpl.invoke0(Native Method)
at java.base/jdk.internal.reflect.NativeMethodAccessorImpl.invoke(NativeMethodAccessorImpl.java:77)
at java.base/jdk.internal.reflect.DelegatingMethodAccessorImpl.invoke(DelegatingMethodAccessorImpl.java:43)
at java.base/java.lang.reflect.Method.invoke(Method.java:568)
at org.testng.internal.MethodInvocationHelper.invokeMethod(MethodInvocationHelper.java:133)
at org.testng.internal.TestInvoker.invokeMethod(TestInvoker.java:598)
at org.testng.internal.TestInvoker.invokeTestMethod(TestInvoker.java:173)
at org.testng.internal.MethodRunner.runInSequence(MethodRunner.java:46)
at org.testng.internal.TestInvoker$MethodInvocationAgent.invoke(TestInvoker.java:824)
at org.testng.internal.TestInvoker.invokeTestMethods(TestInvoker.java:146)
at org.testng.internal.TestMethodWorker.invokeTestMethods(TestMethodWorker.java:146)
at org.testng.internal.TestMethodWorker.run(TestMethodWorker.java:128)
at java.base/java.util.ArrayList.forEach(ArrayList.java:1511)
at org.testng.TestRunner.privateRun(TestRunner.java:794)
at org.testng.TestRunner.run(TestRunner.java:596)
at org.testng.SuiteRunner.runTest(SuiteRunner.java:377)
at org.testng.SuiteRunner.runSequentially(SuiteRunner.java:371)
at org.testng.SuiteRunner.privateRun(SuiteRunner.java:332)
at org.testng.SuiteRunner.run(SuiteRunner.java:276)
at org.testng.SuiteRunnerWorker.runSuite(SuiteRunnerWorker.java:53)
at org.testng.SuiteRunnerWorker.run(SuiteRunnerWorker.java:96)
at org.testng.TestNG.runSuitesSequentially(TestNG.java:1212)
at org.testng.TestNG.runSuitesLocally(TestNG.java:1134)
at org.testng.TestNG.runSuites(TestNG.java:1063)
at org.testng.TestNG.run(TestNG.java:1031)
at org.testng.remote.AbstractRemoteTestNG.run(AbstractRemoteTestNG.java:115)
at org.testng.remote.RemoteTestNG.initAndRun(RemoteTestNG.java:251)
at org.testng.remote.RemoteTestNG.main(RemoteTestNG.java:77)
]]>
    </failure>
  </testcase> <!-- UploadCSVDuplicateEmail -->
  <testcase classname="SiteTestCases.RecipientsTests.RecipientsPageTests" name="UploadCSVUpdateMerge" time="0.0">
    <ignored/>
  </testcase> <!-- UploadCSVUpdateMerge -->
  <testcase classname="SiteTestCases.RecipientsTests.RecipientsPageTests" name="selectLocationFromDashboardSearch_TC01" time="0.0">
    <ignored/>
  </testcase> <!-- selectLocationFromDashboardSearch_TC01 -->
  <testcase classname="SiteTestCases.RecipientsTests.RecipientsPageTests" name="SuperAdminUploadCSVEditUploadMerge" time="0.0">
    <ignored/>
  </testcase> <!-- SuperAdminUploadCSVEditUploadMerge -->
  <testcase classname="SiteTestCases.RecipientsTests.RecipientsPageTests" name="UploadCSVEditUploadMerge" time="0.0">
    <ignored/>
  </testcase> <!-- UploadCSVEditUploadMerge -->
  <testcase classname="SiteTestCases.RecipientsTests.RecipientsPageTests" name="UploadCSVLongAdress" time="0.0">
    <ignored/>
  </testcase> <!-- UploadCSVLongAdress -->
  <testcase classname="SiteTestCases.RecipientsTests.RecipientsPageTests" name="SuperAdminUploadCSVUpdateMerge" time="0.0">
    <ignored/>
  </testcase> <!-- SuperAdminUploadCSVUpdateMerge -->
  <testcase classname="SiteTestCases.RecipientsTests.RecipientsPageTests" name="UploadCSVInvalidEmail" time="0.0">
    <ignored/>
  </testcase> <!-- UploadCSVInvalidEmail -->
  <testcase classname="SiteTestCases.RecipientsTests.RecipientsPageTests" name="AddNewRecipientByOperator" time="0.0">
    <ignored/>
  </testcase> <!-- AddNewRecipientByOperator -->
  <testcase classname="SiteTestCases.RecipientsTests.RecipientsPageTests" name="UploadCSVAlternateFieldsDuplicate" time="0.0">
    <ignored/>
  </testcase> <!-- UploadCSVAlternateFieldsDuplicate -->
  <testcase classname="SiteTestCases.RecipientsTests.RecipientsPageTests" name="UploadCSVUnitGroup" time="0.0">
    <ignored/>
  </testcase> <!-- UploadCSVUnitGroup -->
  <testcase classname="SiteTestCases.RecipientsTests.RecipientsPageTests" name="SuperAdminAddNewGroup" time="0.0">
    <ignored/>
  </testcase> <!-- SuperAdminAddNewGroup -->
  <testcase classname="SiteTestCases.RecipientsTests.RecipientsPageTests" name="SuperAdminUploadCSVNameEmailMissing" time="0.0">
    <ignored/>
  </testcase> <!-- SuperAdminUploadCSVNameEmailMissing -->
  <testcase classname="SiteTestCases.RecipientsTests.RecipientsPageTests" name="UploadCSVEmptyAlternateFields" time="0.0">
    <ignored/>
  </testcase> <!-- UploadCSVEmptyAlternateFields -->
  <testcase classname="SiteTestCases.RecipientsTests.RecipientsPageTests" name="UploadCSVAlternateFields" time="0.0">
    <ignored/>
  </testcase> <!-- UploadCSVAlternateFields -->
  <testcase classname="SiteTestCases.RecipientsTests.RecipientsPageTests" name="UploadCSVAlternateEmailDuplicate" time="0.0">
    <ignored/>
  </testcase> <!-- UploadCSVAlternateEmailDuplicate -->
  <testcase classname="SiteTestCases.RecipientsTests.RecipientsPageTests" name="UploadCSVNameEmailMissing" time="0.0">
    <ignored/>
  </testcase> <!-- UploadCSVNameEmailMissing -->
  <testcase classname="SiteTestCases.RecipientsTests.RecipientsPageTests" name="SuperAdminUploadCSVEmailMissing" time="0.0">
    <ignored/>
  </testcase> <!-- SuperAdminUploadCSVEmailMissing -->
  <testcase classname="SiteTestCases.RecipientsTests.RecipientsPageTests" name="SuperAdminUploadCSVLongAdress" time="0.0">
    <ignored/>
  </testcase> <!-- SuperAdminUploadCSVLongAdress -->
  <testcase classname="SiteTestCases.RecipientsTests.RecipientsPageTests" name="ColumnPreferencesGroups" time="0.0">
    <ignored/>
  </testcase> <!-- ColumnPreferencesGroups -->
  <testcase classname="SiteTestCases.RecipientsTests.RecipientsPageTests" name="UploadCSV10000Recipients" time="0.0">
    <ignored/>
  </testcase> <!-- UploadCSV10000Recipients -->
  <testcase classname="SiteTestCases.RecipientsTests.RecipientsPageTests" name="AddCustomFields" time="0.0">
    <ignored/>
  </testcase> <!-- AddCustomFields -->
  <testcase classname="SiteTestCases.RecipientsTests.RecipientsPageTests" name="ColumnPreferencesRecipients" time="0.0">
    <ignored/>
  </testcase> <!-- ColumnPreferencesRecipients -->
  <testcase classname="SiteTestCases.RecipientsTests.RecipientsPageTests" name="UploadCSV30MinWait" time="0.0">
    <ignored/>
  </testcase> <!-- UploadCSV30MinWait -->
  <testcase classname="SiteTestCases.RecipientsTests.RecipientsPageTests" name="UploadCSVUPOverwrite" time="0.0">
    <ignored/>
  </testcase> <!-- UploadCSVUPOverwrite -->
  <testcase classname="SiteTestCases.RecipientsTests.RecipientsPageTests" name="AddNewGroup" time="0.0">
    <ignored/>
  </testcase> <!-- AddNewGroup -->
  <testcase classname="SiteTestCases.RecipientsTests.RecipientsPageTests" name="UploadCSVUPMerge" time="0.0">
    <ignored/>
  </testcase> <!-- UploadCSVUPMerge -->
  <testcase classname="SiteTestCases.RecipientsTests.RecipientsPageTests" name="AddNewRecipient" time="0.0">
    <ignored/>
  </testcase> <!-- AddNewRecipient -->
  <testcase classname="SiteTestCases.RecipientsTests.RecipientsPageTests" name="SuperAdminAddNewRecipient" time="0.0">
    <ignored/>
  </testcase> <!-- SuperAdminAddNewRecipient -->
  <testcase classname="SiteTestCases.RecipientsTests.RecipientsPageTests" name="SuperAdminUploadCSVDuplicateEmail" time="0.0">
    <ignored/>
  </testcase> <!-- SuperAdminUploadCSVDuplicateEmail -->
  <testcase classname="SiteTestCases.RecipientsTests.RecipientsPageTests" name="SuperAdminUploadCSVMerge" time="0.0">
    <ignored/>
  </testcase> <!-- SuperAdminUploadCSVMerge -->
  <testcase classname="SiteTestCases.RecipientsTests.RecipientsPageTests" name="SuperAdminUploadCSVOverwrite" time="0.0">
    <ignored/>
  </testcase> <!-- SuperAdminUploadCSVOverwrite -->
  <testcase classname="SiteTestCases.RecipientsTests.RecipientsPageTests" name="SuperAdminUploadCSVInvalidEmail" time="0.0">
    <ignored/>
  </testcase> <!-- SuperAdminUploadCSVInvalidEmail -->
  <testcase classname="SiteTestCases.RecipientsTests.RecipientsPageTests" name="UploadCSVEmailMissing" time="0.0">
    <ignored/>
  </testcase> <!-- UploadCSVEmailMissing -->
</testsuite> <!-- Default test -->
