<!DOCTYPE html PUBLIC "-//W3C//DTD XHTML 1.1//EN" "https://www.w3.org/TR/xhtml11/DTD/xhtml11.dtd">
<html xmlns="https://www.w3.org/1999/xhtml">
<head>
<meta http-equiv="content-type" content="text/html; charset=UTF-8"/>
<title>TestNG Report</title>
<style type="text/css">table {margin-bottom:10px;border-collapse:collapse;empty-cells:show}th,td {border:1px solid #009;padding:.25em .5em}th {vertical-align:bottom}td {vertical-align:top}table a {font-weight:bold}.stripe td {background-color: #E6EBF9}.num {text-align:right}.passedodd td {background-color: #3F3}.passedeven td {background-color: #0A0}.skippedodd td {background-color: #DDD}.skippedeven td {background-color: #CCC}.failedodd td,.attn {background-color: #F33}.failedeven td,.stripe .attn {background-color: #D00}.stacktrace {white-space:pre;font-family:monospace}.totop {font-size:85%;text-align:center;border-bottom:2px solid #000}.invisible {display:none}</style>
</head>
<body>
<table>
<tr><th>Test</th><th># Passed</th><th># Skipped</th><th># Retried</th><th># Failed</th><th>Time (ms)</th><th>Included Groups</th><th>Excluded Groups</th></tr>
<tr><th colspan="8">MailRoom2.Automation QA</th></tr>
<tr><td><a href="#t0">LoginNegativeCase</a></td><td class="num">1</td><td class="num">0</td><td class="num">0</td><td class="num">0</td><td class="num">37,943</td><td>Login</td><td></td></tr>
<tr class="stripe"><td><a href="#t1">LoginViaMagicLink</a></td><td class="num">0</td><td class="num">0</td><td class="num">0</td><td class="num attn">1</td><td class="num">91,134</td><td>Login</td><td></td></tr>
<tr><td><a href="#t2">ForgotPassword</a></td><td class="num">1</td><td class="num">0</td><td class="num">0</td><td class="num">0</td><td class="num">64,396</td><td>Login</td><td></td></tr>
<tr class="stripe"><td><a href="#t3">AddNewAdmin</a></td><td class="num">1</td><td class="num">0</td><td class="num">0</td><td class="num">0</td><td class="num">189,223</td><td>Users</td><td></td></tr>
<tr><td><a href="#t4">AddNewManager</a></td><td class="num">1</td><td class="num">0</td><td class="num">0</td><td class="num">0</td><td class="num">313,488</td><td>Users</td><td></td></tr>
<tr class="stripe"><td><a href="#t5">AddNewOperator</a></td><td class="num">1</td><td class="num">0</td><td class="num">0</td><td class="num">0</td><td class="num">279,673</td><td>Users</td><td></td></tr>
<tr><td><a href="#t6">AddNewAdminUserFiltersSorting</a></td><td class="num">1</td><td class="num">0</td><td class="num">0</td><td class="num">0</td><td class="num">187,668</td><td>Users</td><td></td></tr>
<tr class="stripe"><td><a href="#t7">AddNewRecipient</a></td><td class="num">1</td><td class="num">0</td><td class="num">0</td><td class="num">0</td><td class="num">251,124</td><td>Recipients</td><td></td></tr>
<tr><td><a href="#t8">AddNewGroup</a></td><td class="num">1</td><td class="num">0</td><td class="num">0</td><td class="num">0</td><td class="num">185,583</td><td>Groups</td><td></td></tr>
<tr class="stripe"><td><a href="#t9">UploadCSVUPMerge</a></td><td class="num">1</td><td class="num">0</td><td class="num">0</td><td class="num">0</td><td class="num">99,498</td><td>UploadCSV</td><td></td></tr>
<tr><td><a href="#t10">UploadCSVUPOverwrite</a></td><td class="num">0</td><td class="num">0</td><td class="num">0</td><td class="num attn">1</td><td class="num">57,054</td><td>UploadCSV</td><td></td></tr>
<tr class="stripe"><td><a href="#t11">UploadCSVInvalidEmail</a></td><td class="num">0</td><td class="num">0</td><td class="num">0</td><td class="num attn">1</td><td class="num">95,448</td><td>UploadCSV</td><td></td></tr>
<tr><td><a href="#t12">UploadCSVDuplicateEmail</a></td><td class="num">0</td><td class="num">0</td><td class="num">0</td><td class="num attn">1</td><td class="num">90,866</td><td>UploadCSV</td><td></td></tr>
<tr class="stripe"><td><a href="#t13">UploadCSVNameEmailMissing</a></td><td class="num">0</td><td class="num">0</td><td class="num">0</td><td class="num attn">1</td><td class="num">94,399</td><td>UploadCSV</td><td></td></tr>
<tr><td><a href="#t14">UploadCSVEmailMissing</a></td><td class="num">0</td><td class="num">0</td><td class="num">0</td><td class="num attn">1</td><td class="num">96,671</td><td>UploadCSV</td><td></td></tr>
<tr class="stripe"><td><a href="#t15">UploadCSVLongAdress</a></td><td class="num">0</td><td class="num">0</td><td class="num">0</td><td class="num attn">1</td><td class="num">97,863</td><td>UploadCSV</td><td></td></tr>
<tr><td><a href="#t16">UploadCSVUpdateMerge</a></td><td class="num">0</td><td class="num">0</td><td class="num">0</td><td class="num attn">1</td><td class="num">91,200</td><td>UploadCSV</td><td></td></tr>
<tr class="stripe"><td><a href="#t17">UploadCSVEditUploadMerge</a></td><td class="num">0</td><td class="num">0</td><td class="num">0</td><td class="num attn">1</td><td class="num">111,426</td><td>UploadCSV</td><td></td></tr>
<tr><td><a href="#t18">UploadCSVUnitGroup</a></td><td class="num">1</td><td class="num">0</td><td class="num">0</td><td class="num">0</td><td class="num">94,243</td><td>UploadCSV</td><td></td></tr>
<tr class="stripe"><td><a href="#t19">UploadCSVEmptyAlternateFields</a></td><td class="num">1</td><td class="num">0</td><td class="num">0</td><td class="num">0</td><td class="num">115,829</td><td>UploadCSV</td><td></td></tr>
<tr><td><a href="#t20">UploadCSVAlternateFields</a></td><td class="num">1</td><td class="num">0</td><td class="num">0</td><td class="num">0</td><td class="num">101,494</td><td>UploadCSV</td><td></td></tr>
<tr class="stripe"><td><a href="#t21">UploadCSVAlternateEmailDuplicate</a></td><td class="num">1</td><td class="num">0</td><td class="num">0</td><td class="num">0</td><td class="num">78,333</td><td>UploadCSV</td><td></td></tr>
<tr><td><a href="#t22">UploadCSVAlternateFieldsDuplicate</a></td><td class="num">1</td><td class="num">0</td><td class="num">0</td><td class="num">0</td><td class="num">95,842</td><td>UploadCSV</td><td></td></tr>
<tr class="stripe"><td><a href="#t23">Analytics</a></td><td class="num">1</td><td class="num">0</td><td class="num">0</td><td class="num">0</td><td class="num">125,257</td><td>Analytics</td><td></td></tr>
<tr><td><a href="#t24">GlobalSearch</a></td><td class="num">1</td><td class="num">0</td><td class="num">0</td><td class="num">0</td><td class="num">69,845</td><td>Analytics</td><td></td></tr>
<tr class="stripe"><td><a href="#t25">SignInOptions_EnableMagicLink</a></td><td class="num">1</td><td class="num">0</td><td class="num">0</td><td class="num">0</td><td class="num">63,780</td><td>Settings</td><td></td></tr>
<tr><td><a href="#t26">CreateNewWorkflow</a></td><td class="num">0</td><td class="num">0</td><td class="num">0</td><td class="num attn">1</td><td class="num">54,756</td><td>Settings</td><td></td></tr>
<tr class="stripe"><td><a href="#t27">CustomizeTemplates</a></td><td class="num">1</td><td class="num">0</td><td class="num">0</td><td class="num">0</td><td class="num">33,328</td><td>Settings</td><td></td></tr>
<tr><td><a href="#t28">PreviewCustomize</a></td><td class="num">1</td><td class="num">0</td><td class="num">0</td><td class="num">0</td><td class="num">34,746</td><td>Settings</td><td></td></tr>
<tr class="stripe"><td><a href="#t29">GenerateAPIKey</a></td><td class="num">1</td><td class="num">0</td><td class="num">0</td><td class="num">0</td><td class="num">43,515</td><td>Settings</td><td></td></tr>
<tr><td><a href="#t30">GenerateLabelOCRAPIKey</a></td><td class="num">1</td><td class="num">0</td><td class="num">0</td><td class="num">0</td><td class="num">44,929</td><td>Settings</td><td></td></tr>
<tr class="stripe"><td><a href="#t31">CreateWebhooks</a></td><td class="num">1</td><td class="num">0</td><td class="num">0</td><td class="num">0</td><td class="num">55,147</td><td>Settings</td><td></td></tr>
<tr><th>Total</th><th class="num">22</th><th class="num">0</th><th class="num">0</th><th class="num attn">10</th><th class="num">3,445,701</th><th colspan="2"></th></tr>
</table>
<table id='summary'><thead><tr><th>Class</th><th>Method</th><th>Start</th><th>Time (ms)</th></tr></thead><tbody><tr><th colspan="4">MailRoom2.Automation QA</th></tr></tbody><tbody id="t0"><tr><th colspan="4">LoginNegativeCase &#8212; passed</th></tr><tr class="passedeven"><td rowspan="1">SiteTestCases.LoginTests.LoginPageTests</td><td><a href="#m0">LoginNegativeCase</a></td><td rowspan="1">1670565178622</td><td rowspan="1">33844</td></tr></tbody>
<tbody id="t1"><tr><th colspan="4">LoginViaMagicLink &#8212; failed</th></tr><tr class="failedeven"><td rowspan="1">SiteTestCases.LoginTests.LoginPageTests</td><td><a href="#m1">LoginViaMagicLink</a></td><td rowspan="1">1670565214409</td><td rowspan="1">88846</td></tr></tbody>
<tbody id="t2"><tr><th colspan="4">ForgotPassword &#8212; passed</th></tr><tr class="passedeven"><td rowspan="1">SiteTestCases.LoginTests.LoginPageTests</td><td><a href="#m2">ForgotPassword</a></td><td rowspan="1">1670565306307</td><td rowspan="1">60002</td></tr></tbody>
<tbody id="t3"><tr><th colspan="4">AddNewAdmin &#8212; passed</th></tr><tr class="passedeven"><td rowspan="1">SiteTestCases.UsersTests.UsersPageTests</td><td><a href="#m3">AddNewAdminUser</a></td><td rowspan="1">1670565369813</td><td rowspan="1">187350</td></tr></tbody>
<tbody id="t4"><tr><th colspan="4">AddNewManager &#8212; passed</th></tr><tr class="passedeven"><td rowspan="1">SiteTestCases.UsersTests.UsersPageTests</td><td><a href="#m4">AddNewManagerUser</a></td><td rowspan="1">1670565559184</td><td rowspan="1">311502</td></tr></tbody>
<tbody id="t5"><tr><th colspan="4">AddNewOperator &#8212; passed</th></tr><tr class="passedeven"><td rowspan="1">SiteTestCases.UsersTests.UsersPageTests</td><td><a href="#m5">AddNewOperatorUser</a></td><td rowspan="1">1670565872489</td><td rowspan="1">277652</td></tr></tbody>
<tbody id="t6"><tr><th colspan="4">AddNewAdminUserFiltersSorting &#8212; passed</th></tr><tr class="passedeven"><td rowspan="1">SiteTestCases.UsersTests.UsersPageTests</td><td><a href="#m6">AddNewAdminUserFiltersSorting</a></td><td rowspan="1">1670566152593</td><td rowspan="1">185516</td></tr></tbody>
<tbody id="t7"><tr><th colspan="4">AddNewRecipient &#8212; passed</th></tr><tr class="passedeven"><td rowspan="1">SiteTestCases.RecipientsTests.RecipientsPageTests</td><td><a href="#m7">AddNewRecipient</a></td><td rowspan="1">1670566339856</td><td rowspan="1">249274</td></tr></tbody>
<tbody id="t8"><tr><th colspan="4">AddNewGroup &#8212; passed</th></tr><tr class="passedeven"><td rowspan="1">SiteTestCases.RecipientsTests.RecipientsPageTests</td><td><a href="#m8">AddNewGroup</a></td><td rowspan="1">1670566590922</td><td rowspan="1">183924</td></tr></tbody>
<tbody id="t9"><tr><th colspan="4">UploadCSVUPMerge &#8212; passed</th></tr><tr class="passedeven"><td rowspan="1">SiteTestCases.RecipientsTests.RecipientsPageTests</td><td><a href="#m9">UploadCSVUPMerge</a></td><td rowspan="1">1670566776557</td><td rowspan="1">97495</td></tr></tbody>
<tbody id="t10"><tr><th colspan="4">UploadCSVUPOverwrite &#8212; failed</th></tr><tr class="failedeven"><td rowspan="1">SiteTestCases.RecipientsTests.RecipientsPageTests</td><td><a href="#m10">UploadCSVUPOverwrite</a></td><td rowspan="1">1670566876347</td><td rowspan="1">54901</td></tr></tbody>
<tbody id="t11"><tr><th colspan="4">UploadCSVInvalidEmail &#8212; failed</th></tr><tr class="failedeven"><td rowspan="1">SiteTestCases.RecipientsTests.RecipientsPageTests</td><td><a href="#m11">UploadCSVInvalidEmail</a></td><td rowspan="1">1670566933259</td><td rowspan="1">91536</td></tr></tbody>
<tbody id="t12"><tr><th colspan="4">UploadCSVDuplicateEmail &#8212; failed</th></tr><tr class="failedeven"><td rowspan="1">SiteTestCases.RecipientsTests.RecipientsPageTests</td><td><a href="#m12">UploadCSVDuplicateEmail</a></td><td rowspan="1">1670567028606</td><td rowspan="1">87252</td></tr></tbody>
<tbody id="t13"><tr><th colspan="4">UploadCSVNameEmailMissing &#8212; failed</th></tr><tr class="failedeven"><td rowspan="1">SiteTestCases.RecipientsTests.RecipientsPageTests</td><td><a href="#m13">UploadCSVNameEmailMissing</a></td><td rowspan="1">1670567119448</td><td rowspan="1">90770</td></tr></tbody>
<tbody id="t14"><tr><th colspan="4">UploadCSVEmailMissing &#8212; failed</th></tr><tr class="failedeven"><td rowspan="1">SiteTestCases.RecipientsTests.RecipientsPageTests</td><td><a href="#m14">UploadCSVEmailMissing</a></td><td rowspan="1">1670567213746</td><td rowspan="1">93234</td></tr></tbody>
<tbody id="t15"><tr><th colspan="4">UploadCSVLongAdress &#8212; failed</th></tr><tr class="failedeven"><td rowspan="1">SiteTestCases.RecipientsTests.RecipientsPageTests</td><td><a href="#m15">UploadCSVLongAdress</a></td><td rowspan="1">1670567310591</td><td rowspan="1">94263</td></tr></tbody>
<tbody id="t16"><tr><th colspan="4">UploadCSVUpdateMerge &#8212; failed</th></tr><tr class="failedeven"><td rowspan="1">SiteTestCases.RecipientsTests.RecipientsPageTests</td><td><a href="#m16">UploadCSVUpdateMerge</a></td><td rowspan="1">1670567408457</td><td rowspan="1">87645</td></tr></tbody>
<tbody id="t17"><tr><th colspan="4">UploadCSVEditUploadMerge &#8212; failed</th></tr><tr class="failedeven"><td rowspan="1">SiteTestCases.RecipientsTests.RecipientsPageTests</td><td><a href="#m17">UploadCSVEditUploadMerge</a></td><td rowspan="1">1670567499848</td><td rowspan="1">109305</td></tr></tbody>
<tbody id="t18"><tr><th colspan="4">UploadCSVUnitGroup &#8212; passed</th></tr><tr class="passedeven"><td rowspan="1">SiteTestCases.RecipientsTests.RecipientsPageTests</td><td><a href="#m18">UploadCSVUnitGroup</a></td><td rowspan="1">1670567611951</td><td rowspan="1">91355</td></tr></tbody>
<tbody id="t19"><tr><th colspan="4">UploadCSVEmptyAlternateFields &#8212; passed</th></tr><tr class="passedeven"><td rowspan="1">SiteTestCases.RecipientsTests.RecipientsPageTests</td><td><a href="#m19">UploadCSVEmptyAlternateFields</a></td><td rowspan="1">1670567705929</td><td rowspan="1">113614</td></tr></tbody>
<tbody id="t20"><tr><th colspan="4">UploadCSVAlternateFields &#8212; passed</th></tr><tr class="passedeven"><td rowspan="1">SiteTestCases.RecipientsTests.RecipientsPageTests</td><td><a href="#m20">UploadCSVAlternateFields</a></td><td rowspan="1">1670567821363</td><td rowspan="1">99548</td></tr></tbody>
<tbody id="t21"><tr><th colspan="4">UploadCSVAlternateEmailDuplicate &#8212; passed</th></tr><tr class="passedeven"><td rowspan="1">SiteTestCases.RecipientsTests.RecipientsPageTests</td><td><a href="#m21">UploadCSVAlternateEmailDuplicate</a></td><td rowspan="1">1670567922736</td><td rowspan="1">76195</td></tr></tbody>
<tbody id="t22"><tr><th colspan="4">UploadCSVAlternateFieldsDuplicate &#8212; passed</th></tr><tr class="passedeven"><td rowspan="1">SiteTestCases.RecipientsTests.RecipientsPageTests</td><td><a href="#m22">UploadCSVAlternateFieldsDuplicate</a></td><td rowspan="1">1670568001086</td><td rowspan="1">94105</td></tr></tbody>
<tbody id="t23"><tr><th colspan="4">Analytics &#8212; passed</th></tr><tr class="passedeven"><td rowspan="1">SiteTestCases.AnalyticsTests.AnalyticsPageTests</td><td><a href="#m23">Analytics</a></td><td rowspan="1">1670568097021</td><td rowspan="1">123402</td></tr></tbody>
<tbody id="t24"><tr><th colspan="4">GlobalSearch &#8212; passed</th></tr><tr class="passedeven"><td rowspan="1">SiteTestCases.AnalyticsTests.AnalyticsPageTests</td><td><a href="#m24">GlobalSearch</a></td><td rowspan="1">1670568222117</td><td rowspan="1">68311</td></tr></tbody>
<tbody id="t25"><tr><th colspan="4">SignInOptions_EnableMagicLink &#8212; passed</th></tr><tr class="passedeven"><td rowspan="1">SiteTestCases.SettingsTests.CompanyManagementTests.CompanyManagementTestsPage</td><td><a href="#m25">SignInOptions_EnableMagicLink</a></td><td rowspan="1">1670568291963</td><td rowspan="1">62205</td></tr></tbody>
<tbody id="t26"><tr><th colspan="4">CreateNewWorkflow &#8212; failed</th></tr><tr class="failedeven"><td rowspan="1">SiteTestCases.SettingsTests.WorkflowsTests.WorkflowsPageTests</td><td><a href="#m26">CreateNewWorkflow</a></td><td rowspan="1">1670568355771</td><td rowspan="1">52905</td></tr></tbody>
<tbody id="t27"><tr><th colspan="4">CustomizeTemplates &#8212; passed</th></tr><tr class="passedeven"><td rowspan="1">SiteTestCases.SettingsTests.WorkflowsTests.WorkflowsPageTests</td><td><a href="#m27">CustomizeTemplates</a></td><td rowspan="1">1670568410568</td><td rowspan="1">31726</td></tr></tbody>
<tbody id="t28"><tr><th colspan="4">PreviewCustomize &#8212; passed</th></tr><tr class="passedeven"><td rowspan="1">SiteTestCases.SettingsTests.WorkflowsTests.WorkflowsPageTests</td><td><a href="#m28">PreviewCustomize</a></td><td rowspan="1">1670568443771</td><td rowspan="1">33245</td></tr></tbody>
<tbody id="t29"><tr><th colspan="4">GenerateAPIKey &#8212; passed</th></tr><tr class="passedeven"><td rowspan="1">SiteTestCases.SettingsTests.APIandWebhooksTests.APIandWebhooksTestsPage</td><td><a href="#m29">GenerateAPIKey</a></td><td rowspan="1">1670568478509</td><td rowspan="1">42070</td></tr></tbody>
<tbody id="t30"><tr><th colspan="4">GenerateLabelOCRAPIKey &#8212; passed</th></tr><tr class="passedeven"><td rowspan="1">SiteTestCases.SettingsTests.APIandWebhooksTests.APIandWebhooksTestsPage</td><td><a href="#m30">GenerateLabelOCRAPIKey</a></td><td rowspan="1">1670568522094</td><td rowspan="1">43429</td></tr></tbody>
<tbody id="t31"><tr><th colspan="4">CreateWebhooks &#8212; passed</th></tr><tr class="passedeven"><td rowspan="1">SiteTestCases.SettingsTests.APIandWebhooksTests.APIandWebhooksTestsPage</td><td><a href="#m31">CreateWebhooks</a></td><td rowspan="1">1670568567018</td><td rowspan="1">53522</td></tr></tbody>
</table>
<h2>LoginNegativeCase</h2><h3 id="m0">SiteTestCases.LoginTests.LoginPageTests#LoginNegativeCase</h3><table class="result"><tr class="param"><th>Parameter #1</th></tr><tr class="param stripe"><td>https://qa.portal.packagex.xyz/login</td></tr></table><p class="totop"><a href="#summary">back to summary</a></p>
<h2>LoginViaMagicLink</h2><h3 id="m1">SiteTestCases.LoginTests.LoginPageTests#LoginViaMagicLink</h3><table class="result"><tr class="param"><th>Parameter #1</th></tr><tr class="param stripe"><td>https://qa.portal.packagex.xyz/login</td></tr><tr><th>Exception</th></tr><tr><td><div class="stacktrace">org.openqa.selenium.TimeoutException: Expected condition failed: waiting for element to be clickable: Proxy element for: DefaultElementLocator &apos;By.id: user_preferences&apos; (tried for 30 second(s) with 500 milliseconds interval)
	at org.openqa.selenium.support.ui.WebDriverWait.timeoutException(WebDriverWait.java:138)
	at org.openqa.selenium.support.ui.FluentWait.until(FluentWait.java:231)
	at Utilities.CommonActions.waitForElement(CommonActions.java:254)
	at Login.LoginPage.logout(LoginPage.java:143)
	at SiteTestCases.LoginTests.LoginPageTests.LoginViaMagicLink(LoginPageTests.java:102)
	at java.base/java.util.ArrayList.forEach(ArrayList.java:1511)
Caused by: org.openqa.selenium.NoSuchElementException: no such element: Unable to locate element: {&quot;method&quot;:&quot;css selector&quot;,&quot;selector&quot;:&quot;#user_preferences&quot;}
  (Session info: chrome=107.0.5304.107)
For documentation on this error, please visit: https://selenium.dev/exceptions/#no_such_element
Build info: version: &apos;4.1.2&apos;, revision: &apos;9a5a329c5a&apos;
System info: host: &apos;QA&apos;, ip: &apos;192.168.7.189&apos;, os.name: &apos;Windows 10&apos;, os.arch: &apos;amd64&apos;, os.version: &apos;10.0&apos;, java.version: &apos;17.0.4.1&apos;
Driver info: org.openqa.selenium.chrome.ChromeDriver
Command: [cf490f2b774de65908de12665de45a7e, findElement {using=id, value=user_preferences}]
Capabilities {acceptInsecureCerts: false, browserName: chrome, browserVersion: 107.0.5304.107, chrome: {chromedriverVersion: 107.0.5304.62 (1eec40d3a576..., userDataDir: C:\Users\QA131F~1.USE\AppDa...}, goog:chromeOptions: {debuggerAddress: localhost:59961}, javascriptEnabled: true, networkConnectionEnabled: false, pageLoadStrategy: normal, platform: WINDOWS, platformName: WINDOWS, proxy: Proxy(), se:cdp: ws://localhost:59961/devtoo..., se:cdpVersion: 107.0.5304.107, setWindowRect: true, strictFileInteractability: false, timeouts: {implicit: 0, pageLoad: 300000, script: 30000}, unhandledPromptBehavior: dismiss and notify, webauthn:extension:credBlob: true, webauthn:extension:largeBlob: true, webauthn:virtualAuthenticators: true}
Session ID: cf490f2b774de65908de12665de45a7e
	at org.openqa.selenium.remote.codec.w3c.W3CHttpResponseCodec.createException(W3CHttpResponseCodec.java:200)
	at org.openqa.selenium.remote.codec.w3c.W3CHttpResponseCodec.decode(W3CHttpResponseCodec.java:133)
	at org.openqa.selenium.remote.codec.w3c.W3CHttpResponseCodec.decode(W3CHttpResponseCodec.java:53)
	at org.openqa.selenium.remote.HttpCommandExecutor.execute(HttpCommandExecutor.java:184)
	at org.openqa.selenium.remote.service.DriverCommandExecutor.invokeExecute(DriverCommandExecutor.java:164)
	at org.openqa.selenium.remote.service.DriverCommandExecutor.execute(DriverCommandExecutor.java:139)
	at org.openqa.selenium.remote.RemoteWebDriver.execute(RemoteWebDriver.java:559)
	at org.openqa.selenium.remote.ElementLocation$ElementFinder$2.findElement(ElementLocation.java:162)
	at org.openqa.selenium.remote.ElementLocation.findElement(ElementLocation.java:60)
	at org.openqa.selenium.remote.RemoteWebDriver.findElement(RemoteWebDriver.java:383)
	at org.openqa.selenium.remote.RemoteWebDriver.findElement(RemoteWebDriver.java:375)
	at org.openqa.selenium.support.pagefactory.DefaultElementLocator.findElement(DefaultElementLocator.java:70)
	at org.openqa.selenium.support.pagefactory.internal.LocatingElementHandler.invoke(LocatingElementHandler.java:39)
	at jdk.proxy2/jdk.proxy2.$Proxy22.isDisplayed(Unknown Source)
	at org.openqa.selenium.support.ui.ExpectedConditions.elementIfVisible(ExpectedConditions.java:307)
	at org.openqa.selenium.support.ui.ExpectedConditions.access$000(ExpectedConditions.java:40)
	at org.openqa.selenium.support.ui.ExpectedConditions$10.apply(ExpectedConditions.java:293)
	at org.openqa.selenium.support.ui.ExpectedConditions$10.apply(ExpectedConditions.java:290)
	at org.openqa.selenium.support.ui.ExpectedConditions$23.apply(ExpectedConditions.java:660)
	at org.openqa.selenium.support.ui.ExpectedConditions$23.apply(ExpectedConditions.java:656)
	at org.openqa.selenium.support.ui.FluentWait.until(FluentWait.java:208)
	... 31 more
... Removed 31 stack frames</div></td></tr></table><p class="totop"><a href="#summary">back to summary</a></p>
<h2>ForgotPassword</h2><h3 id="m2">SiteTestCases.LoginTests.LoginPageTests#ForgotPassword</h3><table class="result"><tr class="param"><th>Parameter #1</th></tr><tr class="param stripe"><td>https://qa.portal.packagex.xyz/login</td></tr></table><p class="totop"><a href="#summary">back to summary</a></p>
<h2>AddNewAdmin</h2><h3 id="m3">SiteTestCases.UsersTests.UsersPageTests#AddNewAdminUser</h3><table class="result"><tr class="param"><th>Parameter #1</th></tr><tr class="param stripe"><td>https://qa.portal.packagex.xyz/login</td></tr></table><p class="totop"><a href="#summary">back to summary</a></p>
<h2>AddNewManager</h2><h3 id="m4">SiteTestCases.UsersTests.UsersPageTests#AddNewManagerUser</h3><table class="result"><tr class="param"><th>Parameter #1</th></tr><tr class="param stripe"><td>https://qa.portal.packagex.xyz/login</td></tr></table><p class="totop"><a href="#summary">back to summary</a></p>
<h2>AddNewOperator</h2><h3 id="m5">SiteTestCases.UsersTests.UsersPageTests#AddNewOperatorUser</h3><table class="result"><tr class="param"><th>Parameter #1</th></tr><tr class="param stripe"><td>https://qa.portal.packagex.xyz/login</td></tr></table><p class="totop"><a href="#summary">back to summary</a></p>
<h2>AddNewAdminUserFiltersSorting</h2><h3 id="m6">SiteTestCases.UsersTests.UsersPageTests#AddNewAdminUserFiltersSorting</h3><table class="result"><tr class="param"><th>Parameter #1</th></tr><tr class="param stripe"><td>https://qa.portal.packagex.xyz/login</td></tr></table><p class="totop"><a href="#summary">back to summary</a></p>
<h2>AddNewRecipient</h2><h3 id="m7">SiteTestCases.RecipientsTests.RecipientsPageTests#AddNewRecipient</h3><table class="result"><tr class="param"><th>Parameter #1</th></tr><tr class="param stripe"><td>https://qa.portal.packagex.xyz/login</td></tr></table><p class="totop"><a href="#summary">back to summary</a></p>
<h2>AddNewGroup</h2><h3 id="m8">SiteTestCases.RecipientsTests.RecipientsPageTests#AddNewGroup</h3><table class="result"><tr class="param"><th>Parameter #1</th></tr><tr class="param stripe"><td>https://qa.portal.packagex.xyz/login</td></tr></table><p class="totop"><a href="#summary">back to summary</a></p>
<h2>UploadCSVUPMerge</h2><h3 id="m9">SiteTestCases.RecipientsTests.RecipientsPageTests#UploadCSVUPMerge</h3><table class="result"><tr class="param"><th>Parameter #1</th></tr><tr class="param stripe"><td>https://qa.portal.packagex.xyz/login</td></tr></table><p class="totop"><a href="#summary">back to summary</a></p>
<h2>UploadCSVUPOverwrite</h2><h3 id="m10">SiteTestCases.RecipientsTests.RecipientsPageTests#UploadCSVUPOverwrite</h3><table class="result"><tr class="param"><th>Parameter #1</th></tr><tr class="param stripe"><td>https://qa.portal.packagex.xyz/login</td></tr><tr><th>Exception</th></tr><tr><td><div class="stacktrace">org.openqa.selenium.StaleElementReferenceException: stale element reference: element is not attached to the page document
  (Session info: chrome=107.0.5304.107)
For documentation on this error, please visit: https://selenium.dev/exceptions/#stale_element_reference
Build info: version: &apos;4.1.2&apos;, revision: &apos;9a5a329c5a&apos;
System info: host: &apos;QA&apos;, ip: &apos;192.168.7.189&apos;, os.name: &apos;Windows 10&apos;, os.arch: &apos;amd64&apos;, os.version: &apos;10.0&apos;, java.version: &apos;17.0.4.1&apos;
Driver info: org.openqa.selenium.chrome.ChromeDriver
Command: [f47e82ba02a67279231b86d8ac336e99, getElementText {id=5b99d75a-746b-4f65-b97d-250ee32243e5}]
Capabilities {acceptInsecureCerts: false, browserName: chrome, browserVersion: 107.0.5304.107, chrome: {chromedriverVersion: 107.0.5304.62 (1eec40d3a576..., userDataDir: C:\Users\QA131F~1.USE\AppDa...}, goog:chromeOptions: {debuggerAddress: localhost:61262}, javascriptEnabled: true, networkConnectionEnabled: false, pageLoadStrategy: normal, platform: WINDOWS, platformName: WINDOWS, proxy: Proxy(), se:cdp: ws://localhost:61262/devtoo..., se:cdpVersion: 107.0.5304.107, setWindowRect: true, strictFileInteractability: false, timeouts: {implicit: 0, pageLoad: 300000, script: 30000}, unhandledPromptBehavior: dismiss and notify, webauthn:extension:credBlob: true, webauthn:extension:largeBlob: true, webauthn:virtualAuthenticators: true}
Element: [[ChromeDriver: chrome on WINDOWS (f47e82ba02a67279231b86d8ac336e99)] -&gt; xpath: //div[@class=&apos;ant-notification-notice-with-icon&apos;]]
Session ID: f47e82ba02a67279231b86d8ac336e99
	at org.openqa.selenium.remote.codec.w3c.W3CHttpResponseCodec.createException(W3CHttpResponseCodec.java:200)
	at org.openqa.selenium.remote.codec.w3c.W3CHttpResponseCodec.decode(W3CHttpResponseCodec.java:133)
	at org.openqa.selenium.remote.codec.w3c.W3CHttpResponseCodec.decode(W3CHttpResponseCodec.java:53)
	at org.openqa.selenium.remote.HttpCommandExecutor.execute(HttpCommandExecutor.java:184)
	at org.openqa.selenium.remote.service.DriverCommandExecutor.invokeExecute(DriverCommandExecutor.java:164)
	at org.openqa.selenium.remote.service.DriverCommandExecutor.execute(DriverCommandExecutor.java:139)
	at org.openqa.selenium.remote.RemoteWebDriver.execute(RemoteWebDriver.java:559)
	at org.openqa.selenium.remote.RemoteWebElement.execute(RemoteWebElement.java:251)
	at org.openqa.selenium.remote.RemoteWebElement.getText(RemoteWebElement.java:201)
	at org.openqa.selenium.support.pagefactory.internal.LocatingElementHandler.invoke(LocatingElementHandler.java:52)
	at jdk.proxy2/jdk.proxy2.$Proxy22.getText(Unknown Source)
	at Recipients.RecipientsPage.csvUploadedAssertion(RecipientsPage.java:1425)
	at Recipients.RecipientsPage.uploadCSV(RecipientsPage.java:501)
	at SiteTestCases.RecipientsTests.RecipientsPageTests.UploadCSVUPOverwrite(RecipientsPageTests.java:125)
	at java.base/java.util.ArrayList.forEach(ArrayList.java:1511)
... Removed 35 stack frames</div></td></tr></table><p class="totop"><a href="#summary">back to summary</a></p>
<h2>UploadCSVInvalidEmail</h2><h3 id="m11">SiteTestCases.RecipientsTests.RecipientsPageTests#UploadCSVInvalidEmail</h3><table class="result"><tr class="param"><th>Parameter #1</th></tr><tr class="param stripe"><td>https://qa.portal.packagex.xyz/login</td></tr><tr><th>Exception</th></tr><tr><td><div class="stacktrace">org.openqa.selenium.TimeoutException: Expected condition failed: waiting for element to be clickable: Proxy element for: DefaultElementLocator &apos;By.xpath: //span[text()=&apos;Next&apos;]&apos; (tried for 30 second(s) with 500 milliseconds interval)
	at org.openqa.selenium.support.ui.WebDriverWait.timeoutException(WebDriverWait.java:138)
	at org.openqa.selenium.support.ui.FluentWait.until(FluentWait.java:231)
	at Utilities.CommonActions.waitForElement(CommonActions.java:254)
	at Recipients.RecipientsPage.clickNext(RecipientsPage.java:1291)
	at Recipients.RecipientsPage.uploadCSV(RecipientsPage.java:480)
	at SiteTestCases.RecipientsTests.RecipientsPageTests.UploadCSVInvalidEmail(RecipientsPageTests.java:140)
	at java.base/java.util.ArrayList.forEach(ArrayList.java:1511)
Caused by: org.openqa.selenium.NoSuchElementException: no such element: Unable to locate element: {&quot;method&quot;:&quot;xpath&quot;,&quot;selector&quot;:&quot;//span[text()=&apos;Next&apos;]&quot;}
  (Session info: chrome=107.0.5304.107)
For documentation on this error, please visit: https://selenium.dev/exceptions/#no_such_element
Build info: version: &apos;4.1.2&apos;, revision: &apos;9a5a329c5a&apos;
System info: host: &apos;QA&apos;, ip: &apos;192.168.7.189&apos;, os.name: &apos;Windows 10&apos;, os.arch: &apos;amd64&apos;, os.version: &apos;10.0&apos;, java.version: &apos;17.0.4.1&apos;
Driver info: org.openqa.selenium.chrome.ChromeDriver
Command: [5c7fb112f8a22d03ee53c4042a11e743, findElement {using=xpath, value=//span[text()=&apos;Next&apos;]}]
Capabilities {acceptInsecureCerts: false, browserName: chrome, browserVersion: 107.0.5304.107, chrome: {chromedriverVersion: 107.0.5304.62 (1eec40d3a576..., userDataDir: C:\Users\QA131F~1.USE\AppDa...}, goog:chromeOptions: {debuggerAddress: localhost:61332}, javascriptEnabled: true, networkConnectionEnabled: false, pageLoadStrategy: normal, platform: WINDOWS, platformName: WINDOWS, proxy: Proxy(), se:cdp: ws://localhost:61332/devtoo..., se:cdpVersion: 107.0.5304.107, setWindowRect: true, strictFileInteractability: false, timeouts: {implicit: 0, pageLoad: 300000, script: 30000}, unhandledPromptBehavior: dismiss and notify, webauthn:extension:credBlob: true, webauthn:extension:largeBlob: true, webauthn:virtualAuthenticators: true}
Session ID: 5c7fb112f8a22d03ee53c4042a11e743
	at org.openqa.selenium.remote.codec.w3c.W3CHttpResponseCodec.createException(W3CHttpResponseCodec.java:200)
	at org.openqa.selenium.remote.codec.w3c.W3CHttpResponseCodec.decode(W3CHttpResponseCodec.java:133)
	at org.openqa.selenium.remote.codec.w3c.W3CHttpResponseCodec.decode(W3CHttpResponseCodec.java:53)
	at org.openqa.selenium.remote.HttpCommandExecutor.execute(HttpCommandExecutor.java:184)
	at org.openqa.selenium.remote.service.DriverCommandExecutor.invokeExecute(DriverCommandExecutor.java:164)
	at org.openqa.selenium.remote.service.DriverCommandExecutor.execute(DriverCommandExecutor.java:139)
	at org.openqa.selenium.remote.RemoteWebDriver.execute(RemoteWebDriver.java:559)
	at org.openqa.selenium.remote.ElementLocation$ElementFinder$2.findElement(ElementLocation.java:162)
	at org.openqa.selenium.remote.ElementLocation.findElement(ElementLocation.java:60)
	at org.openqa.selenium.remote.RemoteWebDriver.findElement(RemoteWebDriver.java:383)
	at org.openqa.selenium.remote.RemoteWebDriver.findElement(RemoteWebDriver.java:375)
	at org.openqa.selenium.support.pagefactory.DefaultElementLocator.findElement(DefaultElementLocator.java:70)
	at org.openqa.selenium.support.pagefactory.internal.LocatingElementHandler.invoke(LocatingElementHandler.java:39)
	at jdk.proxy2/jdk.proxy2.$Proxy22.isDisplayed(Unknown Source)
	at org.openqa.selenium.support.ui.ExpectedConditions.elementIfVisible(ExpectedConditions.java:307)
	at org.openqa.selenium.support.ui.ExpectedConditions.access$000(ExpectedConditions.java:40)
	at org.openqa.selenium.support.ui.ExpectedConditions$10.apply(ExpectedConditions.java:293)
	at org.openqa.selenium.support.ui.ExpectedConditions$10.apply(ExpectedConditions.java:290)
	at org.openqa.selenium.support.ui.ExpectedConditions$23.apply(ExpectedConditions.java:660)
	at org.openqa.selenium.support.ui.ExpectedConditions$23.apply(ExpectedConditions.java:656)
	at org.openqa.selenium.support.ui.FluentWait.until(FluentWait.java:208)
	... 32 more
... Removed 31 stack frames</div></td></tr></table><p class="totop"><a href="#summary">back to summary</a></p>
<h2>UploadCSVDuplicateEmail</h2><h3 id="m12">SiteTestCases.RecipientsTests.RecipientsPageTests#UploadCSVDuplicateEmail</h3><table class="result"><tr class="param"><th>Parameter #1</th></tr><tr class="param stripe"><td>https://qa.portal.packagex.xyz/login</td></tr><tr><th>Exception</th></tr><tr><td><div class="stacktrace">org.openqa.selenium.TimeoutException: Expected condition failed: waiting for element to be clickable: Proxy element for: DefaultElementLocator &apos;By.xpath: //span[text()=&apos;Next&apos;]&apos; (tried for 30 second(s) with 500 milliseconds interval)
	at org.openqa.selenium.support.ui.WebDriverWait.timeoutException(WebDriverWait.java:138)
	at org.openqa.selenium.support.ui.FluentWait.until(FluentWait.java:231)
	at Utilities.CommonActions.waitForElement(CommonActions.java:254)
	at Recipients.RecipientsPage.clickNext(RecipientsPage.java:1291)
	at Recipients.RecipientsPage.uploadCSV(RecipientsPage.java:480)
	at SiteTestCases.RecipientsTests.RecipientsPageTests.UploadCSVDuplicateEmail(RecipientsPageTests.java:156)
	at java.base/java.util.ArrayList.forEach(ArrayList.java:1511)
Caused by: org.openqa.selenium.NoSuchElementException: no such element: Unable to locate element: {&quot;method&quot;:&quot;xpath&quot;,&quot;selector&quot;:&quot;//span[text()=&apos;Next&apos;]&quot;}
  (Session info: chrome=107.0.5304.107)
For documentation on this error, please visit: https://selenium.dev/exceptions/#no_such_element
Build info: version: &apos;4.1.2&apos;, revision: &apos;9a5a329c5a&apos;
System info: host: &apos;QA&apos;, ip: &apos;192.168.7.189&apos;, os.name: &apos;Windows 10&apos;, os.arch: &apos;amd64&apos;, os.version: &apos;10.0&apos;, java.version: &apos;17.0.4.1&apos;
Driver info: org.openqa.selenium.chrome.ChromeDriver
Command: [1881fa08f919308b4bdea43f30bdcd5f, findElement {using=xpath, value=//span[text()=&apos;Next&apos;]}]
Capabilities {acceptInsecureCerts: false, browserName: chrome, browserVersion: 107.0.5304.107, chrome: {chromedriverVersion: 107.0.5304.62 (1eec40d3a576..., userDataDir: C:\Users\QA131F~1.USE\AppDa...}, goog:chromeOptions: {debuggerAddress: localhost:61425}, javascriptEnabled: true, networkConnectionEnabled: false, pageLoadStrategy: normal, platform: WINDOWS, platformName: WINDOWS, proxy: Proxy(), se:cdp: ws://localhost:61425/devtoo..., se:cdpVersion: 107.0.5304.107, setWindowRect: true, strictFileInteractability: false, timeouts: {implicit: 0, pageLoad: 300000, script: 30000}, unhandledPromptBehavior: dismiss and notify, webauthn:extension:credBlob: true, webauthn:extension:largeBlob: true, webauthn:virtualAuthenticators: true}
Session ID: 1881fa08f919308b4bdea43f30bdcd5f
	at org.openqa.selenium.remote.codec.w3c.W3CHttpResponseCodec.createException(W3CHttpResponseCodec.java:200)
	at org.openqa.selenium.remote.codec.w3c.W3CHttpResponseCodec.decode(W3CHttpResponseCodec.java:133)
	at org.openqa.selenium.remote.codec.w3c.W3CHttpResponseCodec.decode(W3CHttpResponseCodec.java:53)
	at org.openqa.selenium.remote.HttpCommandExecutor.execute(HttpCommandExecutor.java:184)
	at org.openqa.selenium.remote.service.DriverCommandExecutor.invokeExecute(DriverCommandExecutor.java:164)
	at org.openqa.selenium.remote.service.DriverCommandExecutor.execute(DriverCommandExecutor.java:139)
	at org.openqa.selenium.remote.RemoteWebDriver.execute(RemoteWebDriver.java:559)
	at org.openqa.selenium.remote.ElementLocation$ElementFinder$2.findElement(ElementLocation.java:162)
	at org.openqa.selenium.remote.ElementLocation.findElement(ElementLocation.java:60)
	at org.openqa.selenium.remote.RemoteWebDriver.findElement(RemoteWebDriver.java:383)
	at org.openqa.selenium.remote.RemoteWebDriver.findElement(RemoteWebDriver.java:375)
	at org.openqa.selenium.support.pagefactory.DefaultElementLocator.findElement(DefaultElementLocator.java:70)
	at org.openqa.selenium.support.pagefactory.internal.LocatingElementHandler.invoke(LocatingElementHandler.java:39)
	at jdk.proxy2/jdk.proxy2.$Proxy22.isDisplayed(Unknown Source)
	at org.openqa.selenium.support.ui.ExpectedConditions.elementIfVisible(ExpectedConditions.java:307)
	at org.openqa.selenium.support.ui.ExpectedConditions.access$000(ExpectedConditions.java:40)
	at org.openqa.selenium.support.ui.ExpectedConditions$10.apply(ExpectedConditions.java:293)
	at org.openqa.selenium.support.ui.ExpectedConditions$10.apply(ExpectedConditions.java:290)
	at org.openqa.selenium.support.ui.ExpectedConditions$23.apply(ExpectedConditions.java:660)
	at org.openqa.selenium.support.ui.ExpectedConditions$23.apply(ExpectedConditions.java:656)
	at org.openqa.selenium.support.ui.FluentWait.until(FluentWait.java:208)
	... 32 more
... Removed 31 stack frames</div></td></tr></table><p class="totop"><a href="#summary">back to summary</a></p>
<h2>UploadCSVNameEmailMissing</h2><h3 id="m13">SiteTestCases.RecipientsTests.RecipientsPageTests#UploadCSVNameEmailMissing</h3><table class="result"><tr class="param"><th>Parameter #1</th></tr><tr class="param stripe"><td>https://qa.portal.packagex.xyz/login</td></tr><tr><th>Exception</th></tr><tr><td><div class="stacktrace">org.openqa.selenium.TimeoutException: Expected condition failed: waiting for element to be clickable: Proxy element for: DefaultElementLocator &apos;By.xpath: //span[text()=&apos;Next&apos;]&apos; (tried for 30 second(s) with 500 milliseconds interval)
	at org.openqa.selenium.support.ui.WebDriverWait.timeoutException(WebDriverWait.java:138)
	at org.openqa.selenium.support.ui.FluentWait.until(FluentWait.java:231)
	at Utilities.CommonActions.waitForElement(CommonActions.java:254)
	at Recipients.RecipientsPage.clickNext(RecipientsPage.java:1291)
	at Recipients.RecipientsPage.uploadCSVNameEmailMissing(RecipientsPage.java:706)
	at SiteTestCases.RecipientsTests.RecipientsPageTests.UploadCSVNameEmailMissing(RecipientsPageTests.java:238)
	at java.base/java.util.ArrayList.forEach(ArrayList.java:1511)
Caused by: org.openqa.selenium.NoSuchElementException: no such element: Unable to locate element: {&quot;method&quot;:&quot;xpath&quot;,&quot;selector&quot;:&quot;//span[text()=&apos;Next&apos;]&quot;}
  (Session info: chrome=107.0.5304.107)
For documentation on this error, please visit: https://selenium.dev/exceptions/#no_such_element
Build info: version: &apos;4.1.2&apos;, revision: &apos;9a5a329c5a&apos;
System info: host: &apos;QA&apos;, ip: &apos;192.168.7.189&apos;, os.name: &apos;Windows 10&apos;, os.arch: &apos;amd64&apos;, os.version: &apos;10.0&apos;, java.version: &apos;17.0.4.1&apos;
Driver info: org.openqa.selenium.chrome.ChromeDriver
Command: [5c3b74aedc268b871ceeb7683decd6ee, findElement {using=xpath, value=//span[text()=&apos;Next&apos;]}]
Capabilities {acceptInsecureCerts: false, browserName: chrome, browserVersion: 107.0.5304.107, chrome: {chromedriverVersion: 107.0.5304.62 (1eec40d3a576..., userDataDir: C:\Users\QA131F~1.USE\AppDa...}, goog:chromeOptions: {debuggerAddress: localhost:61513}, javascriptEnabled: true, networkConnectionEnabled: false, pageLoadStrategy: normal, platform: WINDOWS, platformName: WINDOWS, proxy: Proxy(), se:cdp: ws://localhost:61513/devtoo..., se:cdpVersion: 107.0.5304.107, setWindowRect: true, strictFileInteractability: false, timeouts: {implicit: 0, pageLoad: 300000, script: 30000}, unhandledPromptBehavior: dismiss and notify, webauthn:extension:credBlob: true, webauthn:extension:largeBlob: true, webauthn:virtualAuthenticators: true}
Session ID: 5c3b74aedc268b871ceeb7683decd6ee
	at org.openqa.selenium.remote.codec.w3c.W3CHttpResponseCodec.createException(W3CHttpResponseCodec.java:200)
	at org.openqa.selenium.remote.codec.w3c.W3CHttpResponseCodec.decode(W3CHttpResponseCodec.java:133)
	at org.openqa.selenium.remote.codec.w3c.W3CHttpResponseCodec.decode(W3CHttpResponseCodec.java:53)
	at org.openqa.selenium.remote.HttpCommandExecutor.execute(HttpCommandExecutor.java:184)
	at org.openqa.selenium.remote.service.DriverCommandExecutor.invokeExecute(DriverCommandExecutor.java:164)
	at org.openqa.selenium.remote.service.DriverCommandExecutor.execute(DriverCommandExecutor.java:139)
	at org.openqa.selenium.remote.RemoteWebDriver.execute(RemoteWebDriver.java:559)
	at org.openqa.selenium.remote.ElementLocation$ElementFinder$2.findElement(ElementLocation.java:162)
	at org.openqa.selenium.remote.ElementLocation.findElement(ElementLocation.java:60)
	at org.openqa.selenium.remote.RemoteWebDriver.findElement(RemoteWebDriver.java:383)
	at org.openqa.selenium.remote.RemoteWebDriver.findElement(RemoteWebDriver.java:375)
	at org.openqa.selenium.support.pagefactory.DefaultElementLocator.findElement(DefaultElementLocator.java:70)
	at org.openqa.selenium.support.pagefactory.internal.LocatingElementHandler.invoke(LocatingElementHandler.java:39)
	at jdk.proxy2/jdk.proxy2.$Proxy22.isDisplayed(Unknown Source)
	at org.openqa.selenium.support.ui.ExpectedConditions.elementIfVisible(ExpectedConditions.java:307)
	at org.openqa.selenium.support.ui.ExpectedConditions.access$000(ExpectedConditions.java:40)
	at org.openqa.selenium.support.ui.ExpectedConditions$10.apply(ExpectedConditions.java:293)
	at org.openqa.selenium.support.ui.ExpectedConditions$10.apply(ExpectedConditions.java:290)
	at org.openqa.selenium.support.ui.ExpectedConditions$23.apply(ExpectedConditions.java:660)
	at org.openqa.selenium.support.ui.ExpectedConditions$23.apply(ExpectedConditions.java:656)
	at org.openqa.selenium.support.ui.FluentWait.until(FluentWait.java:208)
	... 32 more
... Removed 31 stack frames</div></td></tr></table><p class="totop"><a href="#summary">back to summary</a></p>
<h2>UploadCSVEmailMissing</h2><h3 id="m14">SiteTestCases.RecipientsTests.RecipientsPageTests#UploadCSVEmailMissing</h3><table class="result"><tr class="param"><th>Parameter #1</th></tr><tr class="param stripe"><td>https://qa.portal.packagex.xyz/login</td></tr><tr><th>Exception</th></tr><tr><td><div class="stacktrace">org.openqa.selenium.TimeoutException: Expected condition failed: waiting for element to be clickable: Proxy element for: DefaultElementLocator &apos;By.xpath: //span[text()=&apos;Next&apos;]&apos; (tried for 30 second(s) with 500 milliseconds interval)
	at org.openqa.selenium.support.ui.WebDriverWait.timeoutException(WebDriverWait.java:138)
	at org.openqa.selenium.support.ui.FluentWait.until(FluentWait.java:231)
	at Utilities.CommonActions.waitForElement(CommonActions.java:254)
	at Recipients.RecipientsPage.clickNext(RecipientsPage.java:1291)
	at Recipients.RecipientsPage.uploadCSVMissingData(RecipientsPage.java:847)
	at SiteTestCases.RecipientsTests.RecipientsPageTests.UploadCSVEmailMissing(RecipientsPageTests.java:172)
	at java.base/java.util.ArrayList.forEach(ArrayList.java:1511)
Caused by: org.openqa.selenium.NoSuchElementException: no such element: Unable to locate element: {&quot;method&quot;:&quot;xpath&quot;,&quot;selector&quot;:&quot;//span[text()=&apos;Next&apos;]&quot;}
  (Session info: chrome=107.0.5304.107)
For documentation on this error, please visit: https://selenium.dev/exceptions/#no_such_element
Build info: version: &apos;4.1.2&apos;, revision: &apos;9a5a329c5a&apos;
System info: host: &apos;QA&apos;, ip: &apos;192.168.7.189&apos;, os.name: &apos;Windows 10&apos;, os.arch: &apos;amd64&apos;, os.version: &apos;10.0&apos;, java.version: &apos;17.0.4.1&apos;
Driver info: org.openqa.selenium.chrome.ChromeDriver
Command: [f7cbdb8b2fea095ed2fad38b3b3fbdcc, findElement {using=xpath, value=//span[text()=&apos;Next&apos;]}]
Capabilities {acceptInsecureCerts: false, browserName: chrome, browserVersion: 107.0.5304.107, chrome: {chromedriverVersion: 107.0.5304.62 (1eec40d3a576..., userDataDir: C:\Users\QA131F~1.USE\AppDa...}, goog:chromeOptions: {debuggerAddress: localhost:61603}, javascriptEnabled: true, networkConnectionEnabled: false, pageLoadStrategy: normal, platform: WINDOWS, platformName: WINDOWS, proxy: Proxy(), se:cdp: ws://localhost:61603/devtoo..., se:cdpVersion: 107.0.5304.107, setWindowRect: true, strictFileInteractability: false, timeouts: {implicit: 0, pageLoad: 300000, script: 30000}, unhandledPromptBehavior: dismiss and notify, webauthn:extension:credBlob: true, webauthn:extension:largeBlob: true, webauthn:virtualAuthenticators: true}
Session ID: f7cbdb8b2fea095ed2fad38b3b3fbdcc
	at org.openqa.selenium.remote.codec.w3c.W3CHttpResponseCodec.createException(W3CHttpResponseCodec.java:200)
	at org.openqa.selenium.remote.codec.w3c.W3CHttpResponseCodec.decode(W3CHttpResponseCodec.java:133)
	at org.openqa.selenium.remote.codec.w3c.W3CHttpResponseCodec.decode(W3CHttpResponseCodec.java:53)
	at org.openqa.selenium.remote.HttpCommandExecutor.execute(HttpCommandExecutor.java:184)
	at org.openqa.selenium.remote.service.DriverCommandExecutor.invokeExecute(DriverCommandExecutor.java:164)
	at org.openqa.selenium.remote.service.DriverCommandExecutor.execute(DriverCommandExecutor.java:139)
	at org.openqa.selenium.remote.RemoteWebDriver.execute(RemoteWebDriver.java:559)
	at org.openqa.selenium.remote.ElementLocation$ElementFinder$2.findElement(ElementLocation.java:162)
	at org.openqa.selenium.remote.ElementLocation.findElement(ElementLocation.java:60)
	at org.openqa.selenium.remote.RemoteWebDriver.findElement(RemoteWebDriver.java:383)
	at org.openqa.selenium.remote.RemoteWebDriver.findElement(RemoteWebDriver.java:375)
	at org.openqa.selenium.support.pagefactory.DefaultElementLocator.findElement(DefaultElementLocator.java:70)
	at org.openqa.selenium.support.pagefactory.internal.LocatingElementHandler.invoke(LocatingElementHandler.java:39)
	at jdk.proxy2/jdk.proxy2.$Proxy22.isDisplayed(Unknown Source)
	at org.openqa.selenium.support.ui.ExpectedConditions.elementIfVisible(ExpectedConditions.java:307)
	at org.openqa.selenium.support.ui.ExpectedConditions.access$000(ExpectedConditions.java:40)
	at org.openqa.selenium.support.ui.ExpectedConditions$10.apply(ExpectedConditions.java:293)
	at org.openqa.selenium.support.ui.ExpectedConditions$10.apply(ExpectedConditions.java:290)
	at org.openqa.selenium.support.ui.ExpectedConditions$23.apply(ExpectedConditions.java:660)
	at org.openqa.selenium.support.ui.ExpectedConditions$23.apply(ExpectedConditions.java:656)
	at org.openqa.selenium.support.ui.FluentWait.until(FluentWait.java:208)
	... 32 more
... Removed 31 stack frames</div></td></tr></table><p class="totop"><a href="#summary">back to summary</a></p>
<h2>UploadCSVLongAdress</h2><h3 id="m15">SiteTestCases.RecipientsTests.RecipientsPageTests#UploadCSVLongAdress</h3><table class="result"><tr class="param"><th>Parameter #1</th></tr><tr class="param stripe"><td>https://qa.portal.packagex.xyz/login</td></tr><tr><th>Exception</th></tr><tr><td><div class="stacktrace">org.openqa.selenium.TimeoutException: Expected condition failed: waiting for element to be clickable: Proxy element for: DefaultElementLocator &apos;By.xpath: //span[text()=&apos;Next&apos;]&apos; (tried for 30 second(s) with 500 milliseconds interval)
	at org.openqa.selenium.support.ui.WebDriverWait.timeoutException(WebDriverWait.java:138)
	at org.openqa.selenium.support.ui.FluentWait.until(FluentWait.java:231)
	at Utilities.CommonActions.waitForElement(CommonActions.java:254)
	at Recipients.RecipientsPage.clickNext(RecipientsPage.java:1291)
	at Recipients.RecipientsPage.uploadCSV(RecipientsPage.java:480)
	at SiteTestCases.RecipientsTests.RecipientsPageTests.UploadCSVLongAdress(RecipientsPageTests.java:188)
	at java.base/java.util.ArrayList.forEach(ArrayList.java:1511)
Caused by: org.openqa.selenium.NoSuchElementException: no such element: Unable to locate element: {&quot;method&quot;:&quot;xpath&quot;,&quot;selector&quot;:&quot;//span[text()=&apos;Next&apos;]&quot;}
  (Session info: chrome=107.0.5304.107)
For documentation on this error, please visit: https://selenium.dev/exceptions/#no_such_element
Build info: version: &apos;4.1.2&apos;, revision: &apos;9a5a329c5a&apos;
System info: host: &apos;QA&apos;, ip: &apos;192.168.7.189&apos;, os.name: &apos;Windows 10&apos;, os.arch: &apos;amd64&apos;, os.version: &apos;10.0&apos;, java.version: &apos;17.0.4.1&apos;
Driver info: org.openqa.selenium.chrome.ChromeDriver
Command: [e8724bca8aba2ccd051a1c5e2d896673, findElement {using=xpath, value=//span[text()=&apos;Next&apos;]}]
Capabilities {acceptInsecureCerts: false, browserName: chrome, browserVersion: 107.0.5304.107, chrome: {chromedriverVersion: 107.0.5304.62 (1eec40d3a576..., userDataDir: C:\Users\QA131F~1.USE\AppDa...}, goog:chromeOptions: {debuggerAddress: localhost:61695}, javascriptEnabled: true, networkConnectionEnabled: false, pageLoadStrategy: normal, platform: WINDOWS, platformName: WINDOWS, proxy: Proxy(), se:cdp: ws://localhost:61695/devtoo..., se:cdpVersion: 107.0.5304.107, setWindowRect: true, strictFileInteractability: false, timeouts: {implicit: 0, pageLoad: 300000, script: 30000}, unhandledPromptBehavior: dismiss and notify, webauthn:extension:credBlob: true, webauthn:extension:largeBlob: true, webauthn:virtualAuthenticators: true}
Session ID: e8724bca8aba2ccd051a1c5e2d896673
	at org.openqa.selenium.remote.codec.w3c.W3CHttpResponseCodec.createException(W3CHttpResponseCodec.java:200)
	at org.openqa.selenium.remote.codec.w3c.W3CHttpResponseCodec.decode(W3CHttpResponseCodec.java:133)
	at org.openqa.selenium.remote.codec.w3c.W3CHttpResponseCodec.decode(W3CHttpResponseCodec.java:53)
	at org.openqa.selenium.remote.HttpCommandExecutor.execute(HttpCommandExecutor.java:184)
	at org.openqa.selenium.remote.service.DriverCommandExecutor.invokeExecute(DriverCommandExecutor.java:164)
	at org.openqa.selenium.remote.service.DriverCommandExecutor.execute(DriverCommandExecutor.java:139)
	at org.openqa.selenium.remote.RemoteWebDriver.execute(RemoteWebDriver.java:559)
	at org.openqa.selenium.remote.ElementLocation$ElementFinder$2.findElement(ElementLocation.java:162)
	at org.openqa.selenium.remote.ElementLocation.findElement(ElementLocation.java:60)
	at org.openqa.selenium.remote.RemoteWebDriver.findElement(RemoteWebDriver.java:383)
	at org.openqa.selenium.remote.RemoteWebDriver.findElement(RemoteWebDriver.java:375)
	at org.openqa.selenium.support.pagefactory.DefaultElementLocator.findElement(DefaultElementLocator.java:70)
	at org.openqa.selenium.support.pagefactory.internal.LocatingElementHandler.invoke(LocatingElementHandler.java:39)
	at jdk.proxy2/jdk.proxy2.$Proxy22.isDisplayed(Unknown Source)
	at org.openqa.selenium.support.ui.ExpectedConditions.elementIfVisible(ExpectedConditions.java:307)
	at org.openqa.selenium.support.ui.ExpectedConditions.access$000(ExpectedConditions.java:40)
	at org.openqa.selenium.support.ui.ExpectedConditions$10.apply(ExpectedConditions.java:293)
	at org.openqa.selenium.support.ui.ExpectedConditions$10.apply(ExpectedConditions.java:290)
	at org.openqa.selenium.support.ui.ExpectedConditions$23.apply(ExpectedConditions.java:660)
	at org.openqa.selenium.support.ui.ExpectedConditions$23.apply(ExpectedConditions.java:656)
	at org.openqa.selenium.support.ui.FluentWait.until(FluentWait.java:208)
	... 32 more
... Removed 31 stack frames</div></td></tr></table><p class="totop"><a href="#summary">back to summary</a></p>
<h2>UploadCSVUpdateMerge</h2><h3 id="m16">SiteTestCases.RecipientsTests.RecipientsPageTests#UploadCSVUpdateMerge</h3><table class="result"><tr class="param"><th>Parameter #1</th><th>Parameter #2</th></tr><tr class="param stripe"><td>https://qa.portal.packagex.xyz/login</td><td>@Optional</td></tr><tr><th colspan="2">Exception</th></tr><tr><td colspan="2"><div class="stacktrace">org.openqa.selenium.TimeoutException: Expected condition failed: waiting for element to be clickable: Proxy element for: DefaultElementLocator &apos;By.xpath: //span[text()=&apos;Next&apos;]&apos; (tried for 30 second(s) with 500 milliseconds interval)
	at org.openqa.selenium.support.ui.WebDriverWait.timeoutException(WebDriverWait.java:138)
	at org.openqa.selenium.support.ui.FluentWait.until(FluentWait.java:231)
	at Utilities.CommonActions.waitForElement(CommonActions.java:254)
	at Recipients.RecipientsPage.clickNext(RecipientsPage.java:1291)
	at Recipients.RecipientsPage.uploadCSV(RecipientsPage.java:480)
	at SiteTestCases.RecipientsTests.RecipientsPageTests.UploadCSVUpdateMerge(RecipientsPageTests.java:203)
	at java.base/java.util.ArrayList.forEach(ArrayList.java:1511)
Caused by: org.openqa.selenium.NoSuchElementException: no such element: Unable to locate element: {&quot;method&quot;:&quot;xpath&quot;,&quot;selector&quot;:&quot;//span[text()=&apos;Next&apos;]&quot;}
  (Session info: chrome=107.0.5304.107)
For documentation on this error, please visit: https://selenium.dev/exceptions/#no_such_element
Build info: version: &apos;4.1.2&apos;, revision: &apos;9a5a329c5a&apos;
System info: host: &apos;QA&apos;, ip: &apos;192.168.7.189&apos;, os.name: &apos;Windows 10&apos;, os.arch: &apos;amd64&apos;, os.version: &apos;10.0&apos;, java.version: &apos;17.0.4.1&apos;
Driver info: org.openqa.selenium.chrome.ChromeDriver
Command: [ad0c2a96cf6e8d27651b81287fadbf27, findElement {using=xpath, value=//span[text()=&apos;Next&apos;]}]
Capabilities {acceptInsecureCerts: false, browserName: chrome, browserVersion: 107.0.5304.107, chrome: {chromedriverVersion: 107.0.5304.62 (1eec40d3a576..., userDataDir: C:\Users\QA131F~1.USE\AppDa...}, goog:chromeOptions: {debuggerAddress: localhost:61791}, javascriptEnabled: true, networkConnectionEnabled: false, pageLoadStrategy: normal, platform: WINDOWS, platformName: WINDOWS, proxy: Proxy(), se:cdp: ws://localhost:61791/devtoo..., se:cdpVersion: 107.0.5304.107, setWindowRect: true, strictFileInteractability: false, timeouts: {implicit: 0, pageLoad: 300000, script: 30000}, unhandledPromptBehavior: dismiss and notify, webauthn:extension:credBlob: true, webauthn:extension:largeBlob: true, webauthn:virtualAuthenticators: true}
Session ID: ad0c2a96cf6e8d27651b81287fadbf27
	at org.openqa.selenium.remote.codec.w3c.W3CHttpResponseCodec.createException(W3CHttpResponseCodec.java:200)
	at org.openqa.selenium.remote.codec.w3c.W3CHttpResponseCodec.decode(W3CHttpResponseCodec.java:133)
	at org.openqa.selenium.remote.codec.w3c.W3CHttpResponseCodec.decode(W3CHttpResponseCodec.java:53)
	at org.openqa.selenium.remote.HttpCommandExecutor.execute(HttpCommandExecutor.java:184)
	at org.openqa.selenium.remote.service.DriverCommandExecutor.invokeExecute(DriverCommandExecutor.java:164)
	at org.openqa.selenium.remote.service.DriverCommandExecutor.execute(DriverCommandExecutor.java:139)
	at org.openqa.selenium.remote.RemoteWebDriver.execute(RemoteWebDriver.java:559)
	at org.openqa.selenium.remote.ElementLocation$ElementFinder$2.findElement(ElementLocation.java:162)
	at org.openqa.selenium.remote.ElementLocation.findElement(ElementLocation.java:60)
	at org.openqa.selenium.remote.RemoteWebDriver.findElement(RemoteWebDriver.java:383)
	at org.openqa.selenium.remote.RemoteWebDriver.findElement(RemoteWebDriver.java:375)
	at org.openqa.selenium.support.pagefactory.DefaultElementLocator.findElement(DefaultElementLocator.java:70)
	at org.openqa.selenium.support.pagefactory.internal.LocatingElementHandler.invoke(LocatingElementHandler.java:39)
	at jdk.proxy2/jdk.proxy2.$Proxy22.isDisplayed(Unknown Source)
	at org.openqa.selenium.support.ui.ExpectedConditions.elementIfVisible(ExpectedConditions.java:307)
	at org.openqa.selenium.support.ui.ExpectedConditions.access$000(ExpectedConditions.java:40)
	at org.openqa.selenium.support.ui.ExpectedConditions$10.apply(ExpectedConditions.java:293)
	at org.openqa.selenium.support.ui.ExpectedConditions$10.apply(ExpectedConditions.java:290)
	at org.openqa.selenium.support.ui.ExpectedConditions$23.apply(ExpectedConditions.java:660)
	at org.openqa.selenium.support.ui.ExpectedConditions$23.apply(ExpectedConditions.java:656)
	at org.openqa.selenium.support.ui.FluentWait.until(FluentWait.java:208)
	... 32 more
... Removed 31 stack frames</div></td></tr></table><p class="totop"><a href="#summary">back to summary</a></p>
<h2>UploadCSVEditUploadMerge</h2><h3 id="m17">SiteTestCases.RecipientsTests.RecipientsPageTests#UploadCSVEditUploadMerge</h3><table class="result"><tr class="param"><th>Parameter #1</th><th>Parameter #2</th></tr><tr class="param stripe"><td>https://qa.portal.packagex.xyz/login</td><td>@Optional</td></tr><tr><th colspan="2">Exception</th></tr><tr><td colspan="2"><div class="stacktrace">org.openqa.selenium.TimeoutException: Expected condition failed: waiting for element to be clickable: Proxy element for: DefaultElementLocator &apos;By.xpath: //span[text()=&apos;Next&apos;]&apos; (tried for 30 second(s) with 500 milliseconds interval)
	at org.openqa.selenium.support.ui.WebDriverWait.timeoutException(WebDriverWait.java:138)
	at org.openqa.selenium.support.ui.FluentWait.until(FluentWait.java:231)
	at Utilities.CommonActions.waitForElement(CommonActions.java:254)
	at Recipients.RecipientsPage.clickNext(RecipientsPage.java:1291)
	at Recipients.RecipientsPage.uploadCSV(RecipientsPage.java:480)
	at SiteTestCases.RecipientsTests.RecipientsPageTests.UploadCSVEditUploadMerge(RecipientsPageTests.java:223)
	at java.base/java.util.ArrayList.forEach(ArrayList.java:1511)
Caused by: org.openqa.selenium.NoSuchElementException: no such element: Unable to locate element: {&quot;method&quot;:&quot;xpath&quot;,&quot;selector&quot;:&quot;//span[text()=&apos;Next&apos;]&quot;}
  (Session info: chrome=107.0.5304.107)
For documentation on this error, please visit: https://selenium.dev/exceptions/#no_such_element
Build info: version: &apos;4.1.2&apos;, revision: &apos;9a5a329c5a&apos;
System info: host: &apos;QA&apos;, ip: &apos;192.168.7.189&apos;, os.name: &apos;Windows 10&apos;, os.arch: &apos;amd64&apos;, os.version: &apos;10.0&apos;, java.version: &apos;17.0.4.1&apos;
Driver info: org.openqa.selenium.chrome.ChromeDriver
Command: [66d6428170fe908f63ef07fd78631142, findElement {using=xpath, value=//span[text()=&apos;Next&apos;]}]
Capabilities {acceptInsecureCerts: false, browserName: chrome, browserVersion: 107.0.5304.107, chrome: {chromedriverVersion: 107.0.5304.62 (1eec40d3a576..., userDataDir: C:\Users\QA131F~1.USE\AppDa...}, goog:chromeOptions: {debuggerAddress: localhost:61873}, javascriptEnabled: true, networkConnectionEnabled: false, pageLoadStrategy: normal, platform: WINDOWS, platformName: WINDOWS, proxy: Proxy(), se:cdp: ws://localhost:61873/devtoo..., se:cdpVersion: 107.0.5304.107, setWindowRect: true, strictFileInteractability: false, timeouts: {implicit: 0, pageLoad: 300000, script: 30000}, unhandledPromptBehavior: dismiss and notify, webauthn:extension:credBlob: true, webauthn:extension:largeBlob: true, webauthn:virtualAuthenticators: true}
Session ID: 66d6428170fe908f63ef07fd78631142
	at org.openqa.selenium.remote.codec.w3c.W3CHttpResponseCodec.createException(W3CHttpResponseCodec.java:200)
	at org.openqa.selenium.remote.codec.w3c.W3CHttpResponseCodec.decode(W3CHttpResponseCodec.java:133)
	at org.openqa.selenium.remote.codec.w3c.W3CHttpResponseCodec.decode(W3CHttpResponseCodec.java:53)
	at org.openqa.selenium.remote.HttpCommandExecutor.execute(HttpCommandExecutor.java:184)
	at org.openqa.selenium.remote.service.DriverCommandExecutor.invokeExecute(DriverCommandExecutor.java:164)
	at org.openqa.selenium.remote.service.DriverCommandExecutor.execute(DriverCommandExecutor.java:139)
	at org.openqa.selenium.remote.RemoteWebDriver.execute(RemoteWebDriver.java:559)
	at org.openqa.selenium.remote.ElementLocation$ElementFinder$2.findElement(ElementLocation.java:162)
	at org.openqa.selenium.remote.ElementLocation.findElement(ElementLocation.java:60)
	at org.openqa.selenium.remote.RemoteWebDriver.findElement(RemoteWebDriver.java:383)
	at org.openqa.selenium.remote.RemoteWebDriver.findElement(RemoteWebDriver.java:375)
	at org.openqa.selenium.support.pagefactory.DefaultElementLocator.findElement(DefaultElementLocator.java:70)
	at org.openqa.selenium.support.pagefactory.internal.LocatingElementHandler.invoke(LocatingElementHandler.java:39)
	at jdk.proxy2/jdk.proxy2.$Proxy22.isDisplayed(Unknown Source)
	at org.openqa.selenium.support.ui.ExpectedConditions.elementIfVisible(ExpectedConditions.java:307)
	at org.openqa.selenium.support.ui.ExpectedConditions.access$000(ExpectedConditions.java:40)
	at org.openqa.selenium.support.ui.ExpectedConditions$10.apply(ExpectedConditions.java:293)
	at org.openqa.selenium.support.ui.ExpectedConditions$10.apply(ExpectedConditions.java:290)
	at org.openqa.selenium.support.ui.ExpectedConditions$23.apply(ExpectedConditions.java:660)
	at org.openqa.selenium.support.ui.ExpectedConditions$23.apply(ExpectedConditions.java:656)
	at org.openqa.selenium.support.ui.FluentWait.until(FluentWait.java:208)
	... 32 more
... Removed 31 stack frames</div></td></tr></table><p class="totop"><a href="#summary">back to summary</a></p>
<h2>UploadCSVUnitGroup</h2><h3 id="m18">SiteTestCases.RecipientsTests.RecipientsPageTests#UploadCSVUnitGroup</h3><table class="result"><tr class="param"><th>Parameter #1</th></tr><tr class="param stripe"><td>https://uat.portal.packagex.xyz/login</td></tr></table><p class="totop"><a href="#summary">back to summary</a></p>
<h2>UploadCSVEmptyAlternateFields</h2><h3 id="m19">SiteTestCases.RecipientsTests.RecipientsPageTests#UploadCSVEmptyAlternateFields</h3><table class="result"><tr class="param"><th>Parameter #1</th></tr><tr class="param stripe"><td>https://uat.portal.packagex.xyz/login</td></tr></table><p class="totop"><a href="#summary">back to summary</a></p>
<h2>UploadCSVAlternateFields</h2><h3 id="m20">SiteTestCases.RecipientsTests.RecipientsPageTests#UploadCSVAlternateFields</h3><table class="result"><tr class="param"><th>Parameter #1</th></tr><tr class="param stripe"><td>https://uat.portal.packagex.xyz/login</td></tr></table><p class="totop"><a href="#summary">back to summary</a></p>
<h2>UploadCSVAlternateEmailDuplicate</h2><h3 id="m21">SiteTestCases.RecipientsTests.RecipientsPageTests#UploadCSVAlternateEmailDuplicate</h3><table class="result"><tr class="param"><th>Parameter #1</th></tr><tr class="param stripe"><td>https://uat.portal.packagex.xyz/login</td></tr></table><p class="totop"><a href="#summary">back to summary</a></p>
<h2>UploadCSVAlternateFieldsDuplicate</h2><h3 id="m22">SiteTestCases.RecipientsTests.RecipientsPageTests#UploadCSVAlternateFieldsDuplicate</h3><table class="result"><tr class="param"><th>Parameter #1</th></tr><tr class="param stripe"><td>https://uat.portal.packagex.xyz/login</td></tr></table><p class="totop"><a href="#summary">back to summary</a></p>
<h2>Analytics</h2><h3 id="m23">SiteTestCases.AnalyticsTests.AnalyticsPageTests#Analytics</h3><table class="result"><tr class="param"><th>Parameter #1</th></tr><tr class="param stripe"><td>https://qa.portal.packagex.xyz/login</td></tr></table><p class="totop"><a href="#summary">back to summary</a></p>
<h2>GlobalSearch</h2><h3 id="m24">SiteTestCases.AnalyticsTests.AnalyticsPageTests#GlobalSearch</h3><table class="result"><tr class="param"><th>Parameter #1</th></tr><tr class="param stripe"><td>https://qa.portal.packagex.xyz/login</td></tr></table><p class="totop"><a href="#summary">back to summary</a></p>
<h2>SignInOptions_EnableMagicLink</h2><h3 id="m25">SiteTestCases.SettingsTests.CompanyManagementTests.CompanyManagementTestsPage#SignInOptions_EnableMagicLink</h3><table class="result"><tr class="param"><th>Parameter #1</th></tr><tr class="param stripe"><td>https://qa.portal.packagex.xyz/login</td></tr></table><p class="totop"><a href="#summary">back to summary</a></p>
<h2>CreateNewWorkflow</h2><h3 id="m26">SiteTestCases.SettingsTests.WorkflowsTests.WorkflowsPageTests#CreateNewWorkflow</h3><table class="result"><tr class="param"><th>Parameter #1</th></tr><tr class="param stripe"><td>https://qa.portal.packagex.xyz/login</td></tr><tr><th>Exception</th></tr><tr><td><div class="stacktrace">org.openqa.selenium.NoSuchElementException: no such element: Unable to locate element: {&quot;method&quot;:&quot;xpath&quot;,&quot;selector&quot;:&quot;//div[contains(@style,&apos;rgb(151, 160, 175);&apos;)]/span[text()=&apos;Bar Code&apos;]&quot;}
  (Session info: chrome=107.0.5304.107)
For documentation on this error, please visit: https://selenium.dev/exceptions/#no_such_element
Build info: version: &apos;4.1.2&apos;, revision: &apos;9a5a329c5a&apos;
System info: host: &apos;QA&apos;, ip: &apos;192.168.7.189&apos;, os.name: &apos;Windows 10&apos;, os.arch: &apos;amd64&apos;, os.version: &apos;10.0&apos;, java.version: &apos;17.0.4.1&apos;
Driver info: org.openqa.selenium.chrome.ChromeDriver
Command: [7cee4088f9c4f07d34c48bd54fe00257, findElement {using=xpath, value=//div[contains(@style,&apos;rgb(151, 160, 175);&apos;)]/span[text()=&apos;Bar Code&apos;]}]
Capabilities {acceptInsecureCerts: false, browserName: chrome, browserVersion: 107.0.5304.107, chrome: {chromedriverVersion: 107.0.5304.62 (1eec40d3a576..., userDataDir: C:\Users\QA131F~1.USE\AppDa...}, goog:chromeOptions: {debuggerAddress: localhost:62716}, javascriptEnabled: true, networkConnectionEnabled: false, pageLoadStrategy: normal, platform: WINDOWS, platformName: WINDOWS, proxy: Proxy(), se:cdp: ws://localhost:62716/devtoo..., se:cdpVersion: 107.0.5304.107, setWindowRect: true, strictFileInteractability: false, timeouts: {implicit: 0, pageLoad: 300000, script: 30000}, unhandledPromptBehavior: dismiss and notify, webauthn:extension:credBlob: true, webauthn:extension:largeBlob: true, webauthn:virtualAuthenticators: true}
Session ID: 7cee4088f9c4f07d34c48bd54fe00257
	at org.openqa.selenium.remote.codec.w3c.W3CHttpResponseCodec.createException(W3CHttpResponseCodec.java:200)
	at org.openqa.selenium.remote.codec.w3c.W3CHttpResponseCodec.decode(W3CHttpResponseCodec.java:133)
	at org.openqa.selenium.remote.codec.w3c.W3CHttpResponseCodec.decode(W3CHttpResponseCodec.java:53)
	at org.openqa.selenium.remote.HttpCommandExecutor.execute(HttpCommandExecutor.java:184)
	at org.openqa.selenium.remote.service.DriverCommandExecutor.invokeExecute(DriverCommandExecutor.java:164)
	at org.openqa.selenium.remote.service.DriverCommandExecutor.execute(DriverCommandExecutor.java:139)
	at org.openqa.selenium.remote.RemoteWebDriver.execute(RemoteWebDriver.java:559)
	at org.openqa.selenium.remote.ElementLocation$ElementFinder$2.findElement(ElementLocation.java:162)
	at org.openqa.selenium.remote.ElementLocation.findElement(ElementLocation.java:60)
	at org.openqa.selenium.remote.RemoteWebDriver.findElement(RemoteWebDriver.java:383)
	at org.openqa.selenium.remote.RemoteWebDriver.findElement(RemoteWebDriver.java:375)
	at org.openqa.selenium.support.pagefactory.DefaultElementLocator.findElement(DefaultElementLocator.java:70)
	at org.openqa.selenium.support.pagefactory.internal.LocatingElementHandler.invoke(LocatingElementHandler.java:39)
	at jdk.proxy2/jdk.proxy2.$Proxy22.isDisplayed(Unknown Source)
	at Settings.Workflows.WorkflowsPage.unSelectAddOnsPackageXCam(WorkflowsPage.java:236)
	at Settings.Workflows.WorkflowsPage.customizeAWorkflow(WorkflowsPage.java:499)
	at SiteTestCases.SettingsTests.WorkflowsTests.WorkflowsPageTests.CreateNewWorkflow(WorkflowsPageTests.java:58)
	at java.base/java.util.ArrayList.forEach(ArrayList.java:1511)
... Removed 31 stack frames</div></td></tr></table><p class="totop"><a href="#summary">back to summary</a></p>
<h2>CustomizeTemplates</h2><h3 id="m27">SiteTestCases.SettingsTests.WorkflowsTests.WorkflowsPageTests#CustomizeTemplates</h3><table class="result"><tr class="param"><th>Parameter #1</th></tr><tr class="param stripe"><td>https://qa.portal.packagex.xyz/login</td></tr></table><p class="totop"><a href="#summary">back to summary</a></p>
<h2>PreviewCustomize</h2><h3 id="m28">SiteTestCases.SettingsTests.WorkflowsTests.WorkflowsPageTests#PreviewCustomize</h3><table class="result"><tr class="param"><th>Parameter #1</th></tr><tr class="param stripe"><td>https://qa.portal.packagex.xyz/login</td></tr></table><p class="totop"><a href="#summary">back to summary</a></p>
<h2>GenerateAPIKey</h2><h3 id="m29">SiteTestCases.SettingsTests.APIandWebhooksTests.APIandWebhooksTestsPage#GenerateAPIKey</h3><table class="result"><tr class="param"><th>Parameter #1</th></tr><tr class="param stripe"><td>https://qa.portal.packagex.xyz/login</td></tr></table><p class="totop"><a href="#summary">back to summary</a></p>
<h2>GenerateLabelOCRAPIKey</h2><h3 id="m30">SiteTestCases.SettingsTests.APIandWebhooksTests.APIandWebhooksTestsPage#GenerateLabelOCRAPIKey</h3><table class="result"><tr class="param"><th>Parameter #1</th></tr><tr class="param stripe"><td>https://qa.portal.packagex.xyz/login</td></tr></table><p class="totop"><a href="#summary">back to summary</a></p>
<h2>CreateWebhooks</h2><h3 id="m31">SiteTestCases.SettingsTests.APIandWebhooksTests.APIandWebhooksTestsPage#CreateWebhooks</h3><table class="result"><tr class="param"><th>Parameter #1</th></tr><tr class="param stripe"><td>https://qa.portal.packagex.xyz/login</td></tr></table><p class="totop"><a href="#summary">back to summary</a></p>
</body>
</html>
