<?xml version="1.0" encoding="UTF-8"?>
<testng-results ignored="598" total="630" passed="22" failed="10" skipped="0">
  <reporter-output>
  </reporter-output>
  <suite started-at="2022-12-09T10:52:54 PKT" name="MailRoom2.Automation QA" finished-at="2022-12-09T11:50:20 PKT" duration-ms="3446015">
    <groups>
      <group name="Recipients">
        <method signature="RecipientsPageTests.AddNewRecipient(java.lang.String)[pri:0, instance:SiteTestCases.RecipientsTests.RecipientsPageTests@55cb6996]" name="AddNewRecipient" class="SiteTestCases.RecipientsTests.RecipientsPageTests"/>
      </group> <!-- Recipients -->
      <group name="Workflows">
        <method signature="WorkflowsPageTests.CreateNewWorkflow(java.lang.String)[pri:0, instance:SiteTestCases.SettingsTests.WorkflowsTests.WorkflowsPageTests@14bdbc74]" name="CreateNewWorkflow" class="SiteTestCases.SettingsTests.WorkflowsTests.WorkflowsPageTests"/>
        <method signature="WorkflowsPageTests.CustomizeTemplates(java.lang.String)[pri:0, instance:SiteTestCases.SettingsTests.WorkflowsTests.WorkflowsPageTests@465232e9]" name="CustomizeTemplates" class="SiteTestCases.SettingsTests.WorkflowsTests.WorkflowsPageTests"/>
        <method signature="WorkflowsPageTests.PreviewCustomize(java.lang.String)[pri:0, instance:SiteTestCases.SettingsTests.WorkflowsTests.WorkflowsPageTests@660acfb]" name="PreviewCustomize" class="SiteTestCases.SettingsTests.WorkflowsTests.WorkflowsPageTests"/>
      </group> <!-- Workflows -->
      <group name="UploadCSV">
        <method signature="RecipientsPageTests.UploadCSVUPMerge(java.lang.String)[pri:0, instance:SiteTestCases.RecipientsTests.RecipientsPageTests@5b7a7f33]" name="UploadCSVUPMerge" class="SiteTestCases.RecipientsTests.RecipientsPageTests"/>
        <method signature="RecipientsPageTests.UploadCSVUPOverwrite(java.lang.String)[pri:0, instance:SiteTestCases.RecipientsTests.RecipientsPageTests@4b8d604b]" name="UploadCSVUPOverwrite" class="SiteTestCases.RecipientsTests.RecipientsPageTests"/>
        <method signature="RecipientsPageTests.UploadCSVInvalidEmail(java.lang.String)[pri:0, instance:SiteTestCases.RecipientsTests.RecipientsPageTests@15888343]" name="UploadCSVInvalidEmail" class="SiteTestCases.RecipientsTests.RecipientsPageTests"/>
        <method signature="RecipientsPageTests.UploadCSVDuplicateEmail(java.lang.String)[pri:0, instance:SiteTestCases.RecipientsTests.RecipientsPageTests@6a8658ff]" name="UploadCSVDuplicateEmail" class="SiteTestCases.RecipientsTests.RecipientsPageTests"/>
        <method signature="RecipientsPageTests.UploadCSVNameEmailMissing(java.lang.String)[pri:0, instance:SiteTestCases.RecipientsTests.RecipientsPageTests@30f842ca]" name="UploadCSVNameEmailMissing" class="SiteTestCases.RecipientsTests.RecipientsPageTests"/>
        <method signature="RecipientsPageTests.UploadCSVEmailMissing(java.lang.String)[pri:0, instance:SiteTestCases.RecipientsTests.RecipientsPageTests@25df00a0]" name="UploadCSVEmailMissing" class="SiteTestCases.RecipientsTests.RecipientsPageTests"/>
        <method signature="RecipientsPageTests.UploadCSVLongAdress(java.lang.String)[pri:0, instance:SiteTestCases.RecipientsTests.RecipientsPageTests@60f00693]" name="UploadCSVLongAdress" class="SiteTestCases.RecipientsTests.RecipientsPageTests"/>
        <method signature="RecipientsPageTests.UploadCSVUpdateMerge(java.lang.String,java.lang.String)[pri:0, instance:SiteTestCases.RecipientsTests.RecipientsPageTests@5a5a729f]" name="UploadCSVUpdateMerge" class="SiteTestCases.RecipientsTests.RecipientsPageTests"/>
        <method signature="RecipientsPageTests.UploadCSVEditUploadMerge(java.lang.String,java.lang.String)[pri:0, instance:SiteTestCases.RecipientsTests.RecipientsPageTests@3932c79a]" name="UploadCSVEditUploadMerge" class="SiteTestCases.RecipientsTests.RecipientsPageTests"/>
        <method signature="RecipientsPageTests.UploadCSVUnitGroup(java.lang.String)[pri:0, instance:SiteTestCases.RecipientsTests.RecipientsPageTests@821330f]" name="UploadCSVUnitGroup" class="SiteTestCases.RecipientsTests.RecipientsPageTests"/>
        <method signature="RecipientsPageTests.UploadCSVEmptyAlternateFields(java.lang.String)[pri:0, instance:SiteTestCases.RecipientsTests.RecipientsPageTests@7857fe2]" name="UploadCSVEmptyAlternateFields" class="SiteTestCases.RecipientsTests.RecipientsPageTests"/>
        <method signature="RecipientsPageTests.UploadCSVAlternateFields(java.lang.String)[pri:0, instance:SiteTestCases.RecipientsTests.RecipientsPageTests@446a1e84]" name="UploadCSVAlternateFields" class="SiteTestCases.RecipientsTests.RecipientsPageTests"/>
        <method signature="RecipientsPageTests.UploadCSVAlternateEmailDuplicate(java.lang.String)[pri:0, instance:SiteTestCases.RecipientsTests.RecipientsPageTests@7139992f]" name="UploadCSVAlternateEmailDuplicate" class="SiteTestCases.RecipientsTests.RecipientsPageTests"/>
        <method signature="RecipientsPageTests.UploadCSVAlternateFieldsDuplicate(java.lang.String)[pri:0, instance:SiteTestCases.RecipientsTests.RecipientsPageTests@57db2b13]" name="UploadCSVAlternateFieldsDuplicate" class="SiteTestCases.RecipientsTests.RecipientsPageTests"/>
      </group> <!-- UploadCSV -->
      <group name="MagicLink">
        <method signature="LoginPageTests.LoginViaMagicLink(java.lang.String)[pri:0, instance:SiteTestCases.LoginTests.LoginPageTests@2b30a42c]" name="LoginViaMagicLink" class="SiteTestCases.LoginTests.LoginPageTests"/>
      </group> <!-- MagicLink -->
      <group name="Users">
        <method signature="UsersPageTests.AddNewAdminUser(java.lang.String)[pri:0, instance:SiteTestCases.UsersTests.UsersPageTests@723ca036]" name="AddNewAdminUser" class="SiteTestCases.UsersTests.UsersPageTests"/>
        <method signature="UsersPageTests.AddNewManagerUser(java.lang.String)[pri:0, instance:SiteTestCases.UsersTests.UsersPageTests@4c163e3]" name="AddNewManagerUser" class="SiteTestCases.UsersTests.UsersPageTests"/>
        <method signature="UsersPageTests.AddNewOperatorUser(java.lang.String)[pri:0, instance:SiteTestCases.UsersTests.UsersPageTests@536f2a7e]" name="AddNewOperatorUser" class="SiteTestCases.UsersTests.UsersPageTests"/>
        <method signature="UsersPageTests.AddNewAdminUserFiltersSorting(java.lang.String)[pri:0, instance:SiteTestCases.UsersTests.UsersPageTests@65987993]" name="AddNewAdminUserFiltersSorting" class="SiteTestCases.UsersTests.UsersPageTests"/>
      </group> <!-- Users -->
      <group name="Login">
        <method signature="LoginPageTests.LoginNegativeCase(java.lang.String)[pri:0, instance:SiteTestCases.LoginTests.LoginPageTests@4a83a74a]" name="LoginNegativeCase" class="SiteTestCases.LoginTests.LoginPageTests"/>
        <method signature="LoginPageTests.LoginViaMagicLink(java.lang.String)[pri:0, instance:SiteTestCases.LoginTests.LoginPageTests@2b30a42c]" name="LoginViaMagicLink" class="SiteTestCases.LoginTests.LoginPageTests"/>
        <method signature="LoginPageTests.ForgotPassword(java.lang.String)[pri:0, instance:SiteTestCases.LoginTests.LoginPageTests@792b749c]" name="ForgotPassword" class="SiteTestCases.LoginTests.LoginPageTests"/>
      </group> <!-- Login -->
      <group name="ForgotPassword">
        <method signature="LoginPageTests.ForgotPassword(java.lang.String)[pri:0, instance:SiteTestCases.LoginTests.LoginPageTests@792b749c]" name="ForgotPassword" class="SiteTestCases.LoginTests.LoginPageTests"/>
      </group> <!-- ForgotPassword -->
      <group name="Analytics">
        <method signature="AnalyticsPageTests.Analytics(java.lang.String)[pri:0, instance:SiteTestCases.AnalyticsTests.AnalyticsPageTests@7fb4f2a9]" name="Analytics" class="SiteTestCases.AnalyticsTests.AnalyticsPageTests"/>
        <method signature="AnalyticsPageTests.GlobalSearch(java.lang.String)[pri:0, instance:SiteTestCases.AnalyticsTests.AnalyticsPageTests@7bbc8656]" name="GlobalSearch" class="SiteTestCases.AnalyticsTests.AnalyticsPageTests"/>
      </group> <!-- Analytics -->
      <group name="Groups">
        <method signature="RecipientsPageTests.AddNewGroup(java.lang.String)[pri:0, instance:SiteTestCases.RecipientsTests.RecipientsPageTests@26abb146]" name="AddNewGroup" class="SiteTestCases.RecipientsTests.RecipientsPageTests"/>
      </group> <!-- Groups -->
      <group name="LoginNegativeTestCase">
        <method signature="LoginPageTests.LoginNegativeCase(java.lang.String)[pri:0, instance:SiteTestCases.LoginTests.LoginPageTests@4a83a74a]" name="LoginNegativeCase" class="SiteTestCases.LoginTests.LoginPageTests"/>
      </group> <!-- LoginNegativeTestCase -->
      <group name="SignIn">
        <method signature="CompanyManagementTestsPage.SignInOptions_EnableMagicLink(java.lang.String)[pri:0, instance:SiteTestCases.SettingsTests.CompanyManagementTests.CompanyManagementTestsPage@3aa078fd]" name="SignInOptions_EnableMagicLink" class="SiteTestCases.SettingsTests.CompanyManagementTests.CompanyManagementTestsPage"/>
      </group> <!-- SignIn -->
      <group name="APIandWebhooks">
        <method signature="APIandWebhooksTestsPage.GenerateAPIKey(java.lang.String)[pri:0, instance:SiteTestCases.SettingsTests.APIandWebhooksTests.APIandWebhooksTestsPage@6e2aa843]" name="GenerateAPIKey" class="SiteTestCases.SettingsTests.APIandWebhooksTests.APIandWebhooksTestsPage"/>
        <method signature="APIandWebhooksTestsPage.GenerateLabelOCRAPIKey(java.lang.String)[pri:0, instance:SiteTestCases.SettingsTests.APIandWebhooksTests.APIandWebhooksTestsPage@700fb871]" name="GenerateLabelOCRAPIKey" class="SiteTestCases.SettingsTests.APIandWebhooksTests.APIandWebhooksTestsPage"/>
        <method signature="APIandWebhooksTestsPage.CreateWebhooks(java.lang.String)[pri:0, instance:SiteTestCases.SettingsTests.APIandWebhooksTests.APIandWebhooksTestsPage@565f390]" name="CreateWebhooks" class="SiteTestCases.SettingsTests.APIandWebhooksTests.APIandWebhooksTestsPage"/>
      </group> <!-- APIandWebhooks -->
      <group name="Settings">
        <method signature="CompanyManagementTestsPage.SignInOptions_EnableMagicLink(java.lang.String)[pri:0, instance:SiteTestCases.SettingsTests.CompanyManagementTests.CompanyManagementTestsPage@3aa078fd]" name="SignInOptions_EnableMagicLink" class="SiteTestCases.SettingsTests.CompanyManagementTests.CompanyManagementTestsPage"/>
        <method signature="WorkflowsPageTests.CreateNewWorkflow(java.lang.String)[pri:0, instance:SiteTestCases.SettingsTests.WorkflowsTests.WorkflowsPageTests@14bdbc74]" name="CreateNewWorkflow" class="SiteTestCases.SettingsTests.WorkflowsTests.WorkflowsPageTests"/>
        <method signature="WorkflowsPageTests.CustomizeTemplates(java.lang.String)[pri:0, instance:SiteTestCases.SettingsTests.WorkflowsTests.WorkflowsPageTests@465232e9]" name="CustomizeTemplates" class="SiteTestCases.SettingsTests.WorkflowsTests.WorkflowsPageTests"/>
        <method signature="WorkflowsPageTests.PreviewCustomize(java.lang.String)[pri:0, instance:SiteTestCases.SettingsTests.WorkflowsTests.WorkflowsPageTests@660acfb]" name="PreviewCustomize" class="SiteTestCases.SettingsTests.WorkflowsTests.WorkflowsPageTests"/>
        <method signature="APIandWebhooksTestsPage.GenerateAPIKey(java.lang.String)[pri:0, instance:SiteTestCases.SettingsTests.APIandWebhooksTests.APIandWebhooksTestsPage@6e2aa843]" name="GenerateAPIKey" class="SiteTestCases.SettingsTests.APIandWebhooksTests.APIandWebhooksTestsPage"/>
        <method signature="APIandWebhooksTestsPage.GenerateLabelOCRAPIKey(java.lang.String)[pri:0, instance:SiteTestCases.SettingsTests.APIandWebhooksTests.APIandWebhooksTestsPage@700fb871]" name="GenerateLabelOCRAPIKey" class="SiteTestCases.SettingsTests.APIandWebhooksTests.APIandWebhooksTestsPage"/>
        <method signature="APIandWebhooksTestsPage.CreateWebhooks(java.lang.String)[pri:0, instance:SiteTestCases.SettingsTests.APIandWebhooksTests.APIandWebhooksTestsPage@565f390]" name="CreateWebhooks" class="SiteTestCases.SettingsTests.APIandWebhooksTests.APIandWebhooksTestsPage"/>
      </group> <!-- Settings -->
    </groups>
    <test started-at="2022-12-09T10:52:54 PKT" name="LoginNegativeCase" finished-at="2022-12-09T10:53:32 PKT" duration-ms="37943">
      <class name="SiteTestCases.LoginTests.LoginPageTests">
        <test-method is-config="true" signature="initDriver(java.lang.String)[pri:0, instance:SiteTestCases.LoginTests.LoginPageTests@4a83a74a]" started-at="2022-12-09T10:52:54 PKT" name="initDriver" finished-at="2022-12-09T10:52:58 PKT" duration-ms="3486" status="PASS">
          <params>
            <param index="0">
              <value>
                <![CDATA[Chrome]]>
              </value>
            </param>
          </params>
          <reporter-output>
          </reporter-output>
        </test-method> <!-- initDriver -->
        <test-method is-config="true" signature="initPageObjectClass()[pri:0, instance:SiteTestCases.LoginTests.LoginPageTests@4a83a74a]" started-at="2022-12-09T10:52:58 PKT" name="initPageObjectClass" finished-at="2022-12-09T10:52:58 PKT" duration-ms="75" status="PASS">
          <reporter-output>
          </reporter-output>
        </test-method> <!-- initPageObjectClass -->
        <test-method is-config="true" signature="initPageObjectClass1()[pri:0, instance:SiteTestCases.LoginTests.LoginPageTests@4a83a74a]" started-at="2022-12-09T10:52:58 PKT" name="initPageObjectClass1" finished-at="2022-12-09T10:52:58 PKT" duration-ms="35" status="PASS">
          <reporter-output>
          </reporter-output>
        </test-method> <!-- initPageObjectClass1 -->
        <test-method is-config="true" signature="initPageObjectClass2()[pri:0, instance:SiteTestCases.LoginTests.LoginPageTests@4a83a74a]" started-at="2022-12-09T10:52:58 PKT" name="initPageObjectClass2" finished-at="2022-12-09T10:52:58 PKT" duration-ms="46" status="PASS">
          <reporter-output>
          </reporter-output>
        </test-method> <!-- initPageObjectClass2 -->
        <test-method signature="LoginNegativeCase(java.lang.String)[pri:0, instance:SiteTestCases.LoginTests.LoginPageTests@4a83a74a]" started-at="2022-12-09T10:52:58 PKT" name="LoginNegativeCase" finished-at="2022-12-09T10:53:32 PKT" duration-ms="33844" status="PASS">
          <params>
            <param index="0">
              <value>
                <![CDATA[https://qa.portal.packagex.xyz/login]]>
              </value>
            </param>
          </params>
          <reporter-output>
          </reporter-output>
        </test-method> <!-- LoginNegativeCase -->
        <test-method is-config="true" signature="tearDown(org.testng.ITestResult)[pri:0, instance:SiteTestCases.LoginTests.LoginPageTests@4a83a74a]" started-at="2022-12-09T10:53:32 PKT" name="tearDown" finished-at="2022-12-09T10:53:32 PKT" duration-ms="1" status="PASS">
          <params>
            <param index="0">
              <value>
                <![CDATA[[TestResult name=LoginNegativeCase status=SUCCESS method=LoginPageTests.LoginNegativeCase(java.lang.String)[pri:0, instance:SiteTestCases.LoginTests.LoginPageTests@4a83a74a] output={null}]]]>
              </value>
            </param>
          </params>
          <reporter-output>
          </reporter-output>
        </test-method> <!-- tearDown -->
        <test-method is-config="true" signature="closeDriver()[pri:0, instance:SiteTestCases.LoginTests.LoginPageTests@4a83a74a]" started-at="2022-12-09T10:53:32 PKT" name="closeDriver" finished-at="2022-12-09T10:53:32 PKT" duration-ms="406" status="PASS">
          <reporter-output>
          </reporter-output>
        </test-method> <!-- closeDriver -->
      </class> <!-- SiteTestCases.LoginTests.LoginPageTests -->
    </test> <!-- LoginNegativeCase -->
    <test started-at="2022-12-09T10:53:32 PKT" name="LoginViaMagicLink" finished-at="2022-12-09T10:55:04 PKT" duration-ms="91134">
      <class name="SiteTestCases.LoginTests.LoginPageTests">
        <test-method is-config="true" signature="initDriver(java.lang.String)[pri:0, instance:SiteTestCases.LoginTests.LoginPageTests@2b30a42c]" started-at="2022-12-09T10:53:32 PKT" name="initDriver" finished-at="2022-12-09T10:53:34 PKT" duration-ms="1479" status="PASS">
          <params>
            <param index="0">
              <value>
                <![CDATA[Chrome]]>
              </value>
            </param>
          </params>
          <reporter-output>
          </reporter-output>
        </test-method> <!-- initDriver -->
        <test-method is-config="true" signature="initPageObjectClass1()[pri:0, instance:SiteTestCases.LoginTests.LoginPageTests@2b30a42c]" started-at="2022-12-09T10:53:34 PKT" name="initPageObjectClass1" finished-at="2022-12-09T10:53:34 PKT" duration-ms="3" status="PASS">
          <reporter-output>
          </reporter-output>
        </test-method> <!-- initPageObjectClass1 -->
        <test-method is-config="true" signature="initPageObjectClass()[pri:0, instance:SiteTestCases.LoginTests.LoginPageTests@2b30a42c]" started-at="2022-12-09T10:53:34 PKT" name="initPageObjectClass" finished-at="2022-12-09T10:53:34 PKT" duration-ms="0" status="PASS">
          <reporter-output>
          </reporter-output>
        </test-method> <!-- initPageObjectClass -->
        <test-method is-config="true" signature="initPageObjectClass2()[pri:0, instance:SiteTestCases.LoginTests.LoginPageTests@2b30a42c]" started-at="2022-12-09T10:53:34 PKT" name="initPageObjectClass2" finished-at="2022-12-09T10:53:34 PKT" duration-ms="14" status="PASS">
          <reporter-output>
          </reporter-output>
        </test-method> <!-- initPageObjectClass2 -->
        <test-method signature="LoginViaMagicLink(java.lang.String)[pri:0, instance:SiteTestCases.LoginTests.LoginPageTests@2b30a42c]" started-at="2022-12-09T10:53:34 PKT" name="LoginViaMagicLink" finished-at="2022-12-09T10:55:03 PKT" duration-ms="88846" status="FAIL">
          <params>
            <param index="0">
              <value>
                <![CDATA[https://qa.portal.packagex.xyz/login]]>
              </value>
            </param>
          </params>
          <exception class="org.openqa.selenium.TimeoutException">
            <message>
              <![CDATA[Expected condition failed: waiting for element to be clickable: Proxy element for: DefaultElementLocator 'By.id: user_preferences' (tried for 30 second(s) with 500 milliseconds interval)]]>
            </message>
            <full-stacktrace>
              <![CDATA[org.openqa.selenium.TimeoutException: Expected condition failed: waiting for element to be clickable: Proxy element for: DefaultElementLocator 'By.id: user_preferences' (tried for 30 second(s) with 500 milliseconds interval)
at org.openqa.selenium.support.ui.WebDriverWait.timeoutException(WebDriverWait.java:138)
at org.openqa.selenium.support.ui.FluentWait.until(FluentWait.java:231)
at Utilities.CommonActions.waitForElement(CommonActions.java:254)
at Login.LoginPage.logout(LoginPage.java:143)
at SiteTestCases.LoginTests.LoginPageTests.LoginViaMagicLink(LoginPageTests.java:102)
at java.base/jdk.internal.reflect.NativeMethodAccessorImpl.invoke0(Native Method)
at java.base/jdk.internal.reflect.NativeMethodAccessorImpl.invoke(NativeMethodAccessorImpl.java:77)
at java.base/jdk.internal.reflect.DelegatingMethodAccessorImpl.invoke(DelegatingMethodAccessorImpl.java:43)
at java.base/java.lang.reflect.Method.invoke(Method.java:568)
at org.testng.internal.MethodInvocationHelper.invokeMethod(MethodInvocationHelper.java:133)
at org.testng.internal.TestInvoker.invokeMethod(TestInvoker.java:598)
at org.testng.internal.TestInvoker.invokeTestMethod(TestInvoker.java:173)
at org.testng.internal.MethodRunner.runInSequence(MethodRunner.java:46)
at org.testng.internal.TestInvoker$MethodInvocationAgent.invoke(TestInvoker.java:824)
at org.testng.internal.TestInvoker.invokeTestMethods(TestInvoker.java:146)
at org.testng.internal.TestMethodWorker.invokeTestMethods(TestMethodWorker.java:146)
at org.testng.internal.TestMethodWorker.run(TestMethodWorker.java:128)
at java.base/java.util.ArrayList.forEach(ArrayList.java:1511)
at org.testng.TestRunner.privateRun(TestRunner.java:794)
at org.testng.TestRunner.run(TestRunner.java:596)
at org.testng.SuiteRunner.runTest(SuiteRunner.java:377)
at org.testng.SuiteRunner.runSequentially(SuiteRunner.java:371)
at org.testng.SuiteRunner.privateRun(SuiteRunner.java:332)
at org.testng.SuiteRunner.run(SuiteRunner.java:276)
at org.testng.SuiteRunnerWorker.runSuite(SuiteRunnerWorker.java:53)
at org.testng.SuiteRunnerWorker.run(SuiteRunnerWorker.java:96)
at org.testng.TestNG.runSuitesSequentially(TestNG.java:1212)
at org.testng.TestNG.runSuitesLocally(TestNG.java:1134)
at org.testng.TestNG.runSuites(TestNG.java:1063)
at org.testng.TestNG.run(TestNG.java:1031)
at org.testng.remote.AbstractRemoteTestNG.run(AbstractRemoteTestNG.java:115)
at org.testng.remote.RemoteTestNG.initAndRun(RemoteTestNG.java:251)
at org.testng.remote.RemoteTestNG.main(RemoteTestNG.java:77)
Caused by: org.openqa.selenium.NoSuchElementException: no such element: Unable to locate element: {"method":"css selector","selector":"#user_preferences"}
  (Session info: chrome=107.0.5304.107)
For documentation on this error, please visit: https://selenium.dev/exceptions/#no_such_element
Build info: version: '4.1.2', revision: '9a5a329c5a'
System info: host: 'QA', ip: '192.168.7.189', os.name: 'Windows 10', os.arch: 'amd64', os.version: '10.0', java.version: '17.0.4.1'
Driver info: org.openqa.selenium.chrome.ChromeDriver
Command: [cf490f2b774de65908de12665de45a7e, findElement {using=id, value=user_preferences}]
Capabilities {acceptInsecureCerts: false, browserName: chrome, browserVersion: 107.0.5304.107, chrome: {chromedriverVersion: 107.0.5304.62 (1eec40d3a576..., userDataDir: C:\Users\QA131F~1.USE\AppDa...}, goog:chromeOptions: {debuggerAddress: localhost:59961}, javascriptEnabled: true, networkConnectionEnabled: false, pageLoadStrategy: normal, platform: WINDOWS, platformName: WINDOWS, proxy: Proxy(), se:cdp: ws://localhost:59961/devtoo..., se:cdpVersion: 107.0.5304.107, setWindowRect: true, strictFileInteractability: false, timeouts: {implicit: 0, pageLoad: 300000, script: 30000}, unhandledPromptBehavior: dismiss and notify, webauthn:extension:credBlob: true, webauthn:extension:largeBlob: true, webauthn:virtualAuthenticators: true}
Session ID: cf490f2b774de65908de12665de45a7e
at jdk.internal.reflect.GeneratedConstructorAccessor23.newInstance(Unknown Source)
at java.base/jdk.internal.reflect.DelegatingConstructorAccessorImpl.newInstance(DelegatingConstructorAccessorImpl.java:45)
at java.base/java.lang.reflect.Constructor.newInstanceWithCaller(Constructor.java:499)
at java.base/java.lang.reflect.Constructor.newInstance(Constructor.java:480)
at org.openqa.selenium.remote.codec.w3c.W3CHttpResponseCodec.createException(W3CHttpResponseCodec.java:200)
at org.openqa.selenium.remote.codec.w3c.W3CHttpResponseCodec.decode(W3CHttpResponseCodec.java:133)
at org.openqa.selenium.remote.codec.w3c.W3CHttpResponseCodec.decode(W3CHttpResponseCodec.java:53)
at org.openqa.selenium.remote.HttpCommandExecutor.execute(HttpCommandExecutor.java:184)
at org.openqa.selenium.remote.service.DriverCommandExecutor.invokeExecute(DriverCommandExecutor.java:164)
at org.openqa.selenium.remote.service.DriverCommandExecutor.execute(DriverCommandExecutor.java:139)
at org.openqa.selenium.remote.RemoteWebDriver.execute(RemoteWebDriver.java:559)
at org.openqa.selenium.remote.ElementLocation$ElementFinder$2.findElement(ElementLocation.java:162)
at org.openqa.selenium.remote.ElementLocation.findElement(ElementLocation.java:60)
at org.openqa.selenium.remote.RemoteWebDriver.findElement(RemoteWebDriver.java:383)
at org.openqa.selenium.remote.RemoteWebDriver.findElement(RemoteWebDriver.java:375)
at org.openqa.selenium.support.pagefactory.DefaultElementLocator.findElement(DefaultElementLocator.java:70)
at org.openqa.selenium.support.pagefactory.internal.LocatingElementHandler.invoke(LocatingElementHandler.java:39)
at jdk.proxy2/jdk.proxy2.$Proxy22.isDisplayed(Unknown Source)
at org.openqa.selenium.support.ui.ExpectedConditions.elementIfVisible(ExpectedConditions.java:307)
at org.openqa.selenium.support.ui.ExpectedConditions.access$000(ExpectedConditions.java:40)
at org.openqa.selenium.support.ui.ExpectedConditions$10.apply(ExpectedConditions.java:293)
at org.openqa.selenium.support.ui.ExpectedConditions$10.apply(ExpectedConditions.java:290)
at org.openqa.selenium.support.ui.ExpectedConditions$23.apply(ExpectedConditions.java:660)
at org.openqa.selenium.support.ui.ExpectedConditions$23.apply(ExpectedConditions.java:656)
at org.openqa.selenium.support.ui.FluentWait.until(FluentWait.java:208)
... 31 more
]]>
            </full-stacktrace>
          </exception> <!-- org.openqa.selenium.TimeoutException -->
          <reporter-output>
          </reporter-output>
        </test-method> <!-- LoginViaMagicLink -->
        <test-method is-config="true" signature="tearDown(org.testng.ITestResult)[pri:0, instance:SiteTestCases.LoginTests.LoginPageTests@2b30a42c]" started-at="2022-12-09T10:55:03 PKT" name="tearDown" finished-at="2022-12-09T10:55:03 PKT" duration-ms="217" status="PASS">
          <params>
            <param index="0">
              <value>
                <![CDATA[[TestResult name=LoginViaMagicLink status=FAILURE method=LoginPageTests.LoginViaMagicLink(java.lang.String)[pri:0, instance:SiteTestCases.LoginTests.LoginPageTests@2b30a42c] output={null}]]]>
              </value>
            </param>
          </params>
          <reporter-output>
          </reporter-output>
        </test-method> <!-- tearDown -->
        <test-method is-config="true" signature="closeDriver()[pri:0, instance:SiteTestCases.LoginTests.LoginPageTests@2b30a42c]" started-at="2022-12-09T10:55:03 PKT" name="closeDriver" finished-at="2022-12-09T10:55:04 PKT" duration-ms="551" status="PASS">
          <reporter-output>
          </reporter-output>
        </test-method> <!-- closeDriver -->
      </class> <!-- SiteTestCases.LoginTests.LoginPageTests -->
    </test> <!-- LoginViaMagicLink -->
    <test started-at="2022-12-09T10:55:04 PKT" name="ForgotPassword" finished-at="2022-12-09T10:56:08 PKT" duration-ms="64396">
      <class name="SiteTestCases.LoginTests.LoginPageTests">
        <test-method is-config="true" signature="initDriver(java.lang.String)[pri:0, instance:SiteTestCases.LoginTests.LoginPageTests@792b749c]" started-at="2022-12-09T10:55:04 PKT" name="initDriver" finished-at="2022-12-09T10:55:06 PKT" duration-ms="2228" status="PASS">
          <params>
            <param index="0">
              <value>
                <![CDATA[Chrome]]>
              </value>
            </param>
          </params>
          <reporter-output>
          </reporter-output>
        </test-method> <!-- initDriver -->
        <test-method is-config="true" signature="initPageObjectClass()[pri:0, instance:SiteTestCases.LoginTests.LoginPageTests@792b749c]" started-at="2022-12-09T10:55:06 PKT" name="initPageObjectClass" finished-at="2022-12-09T10:55:06 PKT" duration-ms="1" status="PASS">
          <reporter-output>
          </reporter-output>
        </test-method> <!-- initPageObjectClass -->
        <test-method is-config="true" signature="initPageObjectClass1()[pri:0, instance:SiteTestCases.LoginTests.LoginPageTests@792b749c]" started-at="2022-12-09T10:55:06 PKT" name="initPageObjectClass1" finished-at="2022-12-09T10:55:06 PKT" duration-ms="3" status="PASS">
          <reporter-output>
          </reporter-output>
        </test-method> <!-- initPageObjectClass1 -->
        <test-method is-config="true" signature="initPageObjectClass2()[pri:0, instance:SiteTestCases.LoginTests.LoginPageTests@792b749c]" started-at="2022-12-09T10:55:06 PKT" name="initPageObjectClass2" finished-at="2022-12-09T10:55:06 PKT" duration-ms="2" status="PASS">
          <reporter-output>
          </reporter-output>
        </test-method> <!-- initPageObjectClass2 -->
        <test-method signature="ForgotPassword(java.lang.String)[pri:0, instance:SiteTestCases.LoginTests.LoginPageTests@792b749c]" started-at="2022-12-09T10:55:06 PKT" name="ForgotPassword" finished-at="2022-12-09T10:56:06 PKT" duration-ms="60002" status="PASS">
          <params>
            <param index="0">
              <value>
                <![CDATA[https://qa.portal.packagex.xyz/login]]>
              </value>
            </param>
          </params>
          <reporter-output>
          </reporter-output>
        </test-method> <!-- ForgotPassword -->
        <test-method is-config="true" signature="tearDown(org.testng.ITestResult)[pri:0, instance:SiteTestCases.LoginTests.LoginPageTests@792b749c]" started-at="2022-12-09T10:56:06 PKT" name="tearDown" finished-at="2022-12-09T10:56:06 PKT" duration-ms="0" status="PASS">
          <params>
            <param index="0">
              <value>
                <![CDATA[[TestResult name=ForgotPassword status=SUCCESS method=LoginPageTests.ForgotPassword(java.lang.String)[pri:0, instance:SiteTestCases.LoginTests.LoginPageTests@792b749c] output={null}]]]>
              </value>
            </param>
          </params>
          <reporter-output>
          </reporter-output>
        </test-method> <!-- tearDown -->
        <test-method is-config="true" signature="closeDriver()[pri:0, instance:SiteTestCases.LoginTests.LoginPageTests@792b749c]" started-at="2022-12-09T10:56:06 PKT" name="closeDriver" finished-at="2022-12-09T10:56:08 PKT" duration-ms="2143" status="PASS">
          <reporter-output>
          </reporter-output>
        </test-method> <!-- closeDriver -->
      </class> <!-- SiteTestCases.LoginTests.LoginPageTests -->
    </test> <!-- ForgotPassword -->
    <test started-at="2022-12-09T10:56:08 PKT" name="AddNewAdmin" finished-at="2022-12-09T10:59:17 PKT" duration-ms="189223">
      <class name="SiteTestCases.UsersTests.UsersPageTests">
        <test-method is-config="true" signature="initDriver(java.lang.String)[pri:0, instance:SiteTestCases.UsersTests.UsersPageTests@723ca036]" started-at="2022-12-09T10:56:08 PKT" name="initDriver" finished-at="2022-12-09T10:56:09 PKT" duration-ms="1304" status="PASS">
          <params>
            <param index="0">
              <value>
                <![CDATA[Chrome]]>
              </value>
            </param>
          </params>
          <reporter-output>
          </reporter-output>
        </test-method> <!-- initDriver -->
        <test-method is-config="true" signature="initPageObjectClass()[pri:0, instance:SiteTestCases.UsersTests.UsersPageTests@723ca036]" started-at="2022-12-09T10:56:09 PKT" name="initPageObjectClass" finished-at="2022-12-09T10:56:09 PKT" duration-ms="1" status="PASS">
          <reporter-output>
          </reporter-output>
        </test-method> <!-- initPageObjectClass -->
        <test-method is-config="true" signature="initPageObjectClass1()[pri:0, instance:SiteTestCases.UsersTests.UsersPageTests@723ca036]" started-at="2022-12-09T10:56:09 PKT" name="initPageObjectClass1" finished-at="2022-12-09T10:56:09 PKT" duration-ms="3" status="PASS">
          <reporter-output>
          </reporter-output>
        </test-method> <!-- initPageObjectClass1 -->
        <test-method is-config="true" signature="initPageObjectClass2()[pri:0, instance:SiteTestCases.UsersTests.UsersPageTests@723ca036]" started-at="2022-12-09T10:56:09 PKT" name="initPageObjectClass2" finished-at="2022-12-09T10:56:09 PKT" duration-ms="3" status="PASS">
          <reporter-output>
          </reporter-output>
        </test-method> <!-- initPageObjectClass2 -->
        <test-method is-config="true" signature="initPageObjectClass3()[pri:0, instance:SiteTestCases.UsersTests.UsersPageTests@723ca036]" started-at="2022-12-09T10:56:09 PKT" name="initPageObjectClass3" finished-at="2022-12-09T10:56:09 PKT" duration-ms="17" status="PASS">
          <reporter-output>
          </reporter-output>
        </test-method> <!-- initPageObjectClass3 -->
        <test-method is-config="true" signature="initPageObjectClass4()[pri:0, instance:SiteTestCases.UsersTests.UsersPageTests@723ca036]" started-at="2022-12-09T10:56:09 PKT" name="initPageObjectClass4" finished-at="2022-12-09T10:56:09 PKT" duration-ms="10" status="PASS">
          <reporter-output>
          </reporter-output>
        </test-method> <!-- initPageObjectClass4 -->
        <test-method signature="AddNewAdminUser(java.lang.String)[pri:0, instance:SiteTestCases.UsersTests.UsersPageTests@723ca036]" started-at="2022-12-09T10:56:09 PKT" name="AddNewAdminUser" finished-at="2022-12-09T10:59:17 PKT" duration-ms="187350" status="PASS">
          <params>
            <param index="0">
              <value>
                <![CDATA[https://qa.portal.packagex.xyz/login]]>
              </value>
            </param>
          </params>
          <reporter-output>
          </reporter-output>
        </test-method> <!-- AddNewAdminUser -->
        <test-method is-config="true" signature="tearDown(org.testng.ITestResult)[pri:0, instance:SiteTestCases.UsersTests.UsersPageTests@723ca036]" started-at="2022-12-09T10:59:17 PKT" name="tearDown" finished-at="2022-12-09T10:59:17 PKT" duration-ms="0" status="PASS">
          <params>
            <param index="0">
              <value>
                <![CDATA[[TestResult name=AddNewAdminUser status=SUCCESS method=UsersPageTests.AddNewAdminUser(java.lang.String)[pri:0, instance:SiteTestCases.UsersTests.UsersPageTests@723ca036] output={null}]]]>
              </value>
            </param>
          </params>
          <reporter-output>
          </reporter-output>
        </test-method> <!-- tearDown -->
        <test-method is-config="true" signature="closeDriver()[pri:0, instance:SiteTestCases.UsersTests.UsersPageTests@723ca036]" started-at="2022-12-09T10:59:17 PKT" name="closeDriver" finished-at="2022-12-09T10:59:17 PKT" duration-ms="525" status="PASS">
          <reporter-output>
          </reporter-output>
        </test-method> <!-- closeDriver -->
      </class> <!-- SiteTestCases.UsersTests.UsersPageTests -->
    </test> <!-- AddNewAdmin -->
    <test started-at="2022-12-09T10:59:17 PKT" name="AddNewManager" finished-at="2022-12-09T11:04:31 PKT" duration-ms="313488">
      <class name="SiteTestCases.UsersTests.UsersPageTests">
        <test-method is-config="true" signature="initDriver(java.lang.String)[pri:0, instance:SiteTestCases.UsersTests.UsersPageTests@4c163e3]" started-at="2022-12-09T10:59:17 PKT" name="initDriver" finished-at="2022-12-09T10:59:19 PKT" duration-ms="1468" status="PASS">
          <params>
            <param index="0">
              <value>
                <![CDATA[Chrome]]>
              </value>
            </param>
          </params>
          <reporter-output>
          </reporter-output>
        </test-method> <!-- initDriver -->
        <test-method is-config="true" signature="initPageObjectClass()[pri:0, instance:SiteTestCases.UsersTests.UsersPageTests@4c163e3]" started-at="2022-12-09T10:59:19 PKT" name="initPageObjectClass" finished-at="2022-12-09T10:59:19 PKT" duration-ms="1" status="PASS">
          <reporter-output>
          </reporter-output>
        </test-method> <!-- initPageObjectClass -->
        <test-method is-config="true" signature="initPageObjectClass1()[pri:0, instance:SiteTestCases.UsersTests.UsersPageTests@4c163e3]" started-at="2022-12-09T10:59:19 PKT" name="initPageObjectClass1" finished-at="2022-12-09T10:59:19 PKT" duration-ms="2" status="PASS">
          <reporter-output>
          </reporter-output>
        </test-method> <!-- initPageObjectClass1 -->
        <test-method is-config="true" signature="initPageObjectClass2()[pri:0, instance:SiteTestCases.UsersTests.UsersPageTests@4c163e3]" started-at="2022-12-09T10:59:19 PKT" name="initPageObjectClass2" finished-at="2022-12-09T10:59:19 PKT" duration-ms="2" status="PASS">
          <reporter-output>
          </reporter-output>
        </test-method> <!-- initPageObjectClass2 -->
        <test-method is-config="true" signature="initPageObjectClass3()[pri:0, instance:SiteTestCases.UsersTests.UsersPageTests@4c163e3]" started-at="2022-12-09T10:59:19 PKT" name="initPageObjectClass3" finished-at="2022-12-09T10:59:19 PKT" duration-ms="5" status="PASS">
          <reporter-output>
          </reporter-output>
        </test-method> <!-- initPageObjectClass3 -->
        <test-method is-config="true" signature="initPageObjectClass4()[pri:0, instance:SiteTestCases.UsersTests.UsersPageTests@4c163e3]" started-at="2022-12-09T10:59:19 PKT" name="initPageObjectClass4" finished-at="2022-12-09T10:59:19 PKT" duration-ms="3" status="PASS">
          <reporter-output>
          </reporter-output>
        </test-method> <!-- initPageObjectClass4 -->
        <test-method signature="AddNewManagerUser(java.lang.String)[pri:0, instance:SiteTestCases.UsersTests.UsersPageTests@4c163e3]" started-at="2022-12-09T10:59:19 PKT" name="AddNewManagerUser" finished-at="2022-12-09T11:04:30 PKT" duration-ms="311502" status="PASS">
          <params>
            <param index="0">
              <value>
                <![CDATA[https://qa.portal.packagex.xyz/login]]>
              </value>
            </param>
          </params>
          <reporter-output>
          </reporter-output>
        </test-method> <!-- AddNewManagerUser -->
        <test-method is-config="true" signature="tearDown(org.testng.ITestResult)[pri:0, instance:SiteTestCases.UsersTests.UsersPageTests@4c163e3]" started-at="2022-12-09T11:04:30 PKT" name="tearDown" finished-at="2022-12-09T11:04:30 PKT" duration-ms="0" status="PASS">
          <params>
            <param index="0">
              <value>
                <![CDATA[[TestResult name=AddNewManagerUser status=SUCCESS method=UsersPageTests.AddNewManagerUser(java.lang.String)[pri:0, instance:SiteTestCases.UsersTests.UsersPageTests@4c163e3] output={null}]]]>
              </value>
            </param>
          </params>
          <reporter-output>
          </reporter-output>
        </test-method> <!-- tearDown -->
        <test-method is-config="true" signature="closeDriver()[pri:0, instance:SiteTestCases.UsersTests.UsersPageTests@4c163e3]" started-at="2022-12-09T11:04:30 PKT" name="closeDriver" finished-at="2022-12-09T11:04:31 PKT" duration-ms="500" status="PASS">
          <reporter-output>
          </reporter-output>
        </test-method> <!-- closeDriver -->
      </class> <!-- SiteTestCases.UsersTests.UsersPageTests -->
    </test> <!-- AddNewManager -->
    <test started-at="2022-12-09T11:04:31 PKT" name="AddNewOperator" finished-at="2022-12-09T11:09:10 PKT" duration-ms="279673">
      <class name="SiteTestCases.UsersTests.UsersPageTests">
        <test-method is-config="true" signature="initDriver(java.lang.String)[pri:0, instance:SiteTestCases.UsersTests.UsersPageTests@536f2a7e]" started-at="2022-12-09T11:04:31 PKT" name="initDriver" finished-at="2022-12-09T11:04:32 PKT" duration-ms="1278" status="PASS">
          <params>
            <param index="0">
              <value>
                <![CDATA[Chrome]]>
              </value>
            </param>
          </params>
          <reporter-output>
          </reporter-output>
        </test-method> <!-- initDriver -->
        <test-method is-config="true" signature="initPageObjectClass()[pri:0, instance:SiteTestCases.UsersTests.UsersPageTests@536f2a7e]" started-at="2022-12-09T11:04:32 PKT" name="initPageObjectClass" finished-at="2022-12-09T11:04:32 PKT" duration-ms="1" status="PASS">
          <reporter-output>
          </reporter-output>
        </test-method> <!-- initPageObjectClass -->
        <test-method is-config="true" signature="initPageObjectClass1()[pri:0, instance:SiteTestCases.UsersTests.UsersPageTests@536f2a7e]" started-at="2022-12-09T11:04:32 PKT" name="initPageObjectClass1" finished-at="2022-12-09T11:04:32 PKT" duration-ms="2" status="PASS">
          <reporter-output>
          </reporter-output>
        </test-method> <!-- initPageObjectClass1 -->
        <test-method is-config="true" signature="initPageObjectClass2()[pri:0, instance:SiteTestCases.UsersTests.UsersPageTests@536f2a7e]" started-at="2022-12-09T11:04:32 PKT" name="initPageObjectClass2" finished-at="2022-12-09T11:04:32 PKT" duration-ms="1" status="PASS">
          <reporter-output>
          </reporter-output>
        </test-method> <!-- initPageObjectClass2 -->
        <test-method is-config="true" signature="initPageObjectClass3()[pri:0, instance:SiteTestCases.UsersTests.UsersPageTests@536f2a7e]" started-at="2022-12-09T11:04:32 PKT" name="initPageObjectClass3" finished-at="2022-12-09T11:04:32 PKT" duration-ms="5" status="PASS">
          <reporter-output>
          </reporter-output>
        </test-method> <!-- initPageObjectClass3 -->
        <test-method is-config="true" signature="initPageObjectClass4()[pri:0, instance:SiteTestCases.UsersTests.UsersPageTests@536f2a7e]" started-at="2022-12-09T11:04:32 PKT" name="initPageObjectClass4" finished-at="2022-12-09T11:04:32 PKT" duration-ms="2" status="PASS">
          <reporter-output>
          </reporter-output>
        </test-method> <!-- initPageObjectClass4 -->
        <test-method signature="AddNewOperatorUser(java.lang.String)[pri:0, instance:SiteTestCases.UsersTests.UsersPageTests@536f2a7e]" started-at="2022-12-09T11:04:32 PKT" name="AddNewOperatorUser" finished-at="2022-12-09T11:09:10 PKT" duration-ms="277652" status="PASS">
          <params>
            <param index="0">
              <value>
                <![CDATA[https://qa.portal.packagex.xyz/login]]>
              </value>
            </param>
          </params>
          <reporter-output>
          </reporter-output>
        </test-method> <!-- AddNewOperatorUser -->
        <test-method is-config="true" signature="tearDown(org.testng.ITestResult)[pri:0, instance:SiteTestCases.UsersTests.UsersPageTests@536f2a7e]" started-at="2022-12-09T11:09:10 PKT" name="tearDown" finished-at="2022-12-09T11:09:10 PKT" duration-ms="1" status="PASS">
          <params>
            <param index="0">
              <value>
                <![CDATA[[TestResult name=AddNewOperatorUser status=SUCCESS method=UsersPageTests.AddNewOperatorUser(java.lang.String)[pri:0, instance:SiteTestCases.UsersTests.UsersPageTests@536f2a7e] output={null}]]]>
              </value>
            </param>
          </params>
          <reporter-output>
          </reporter-output>
        </test-method> <!-- tearDown -->
        <test-method is-config="true" signature="closeDriver()[pri:0, instance:SiteTestCases.UsersTests.UsersPageTests@536f2a7e]" started-at="2022-12-09T11:09:10 PKT" name="closeDriver" finished-at="2022-12-09T11:09:10 PKT" duration-ms="713" status="PASS">
          <reporter-output>
          </reporter-output>
        </test-method> <!-- closeDriver -->
      </class> <!-- SiteTestCases.UsersTests.UsersPageTests -->
    </test> <!-- AddNewOperator -->
    <test started-at="2022-12-09T11:09:10 PKT" name="AddNewAdminUserFiltersSorting" finished-at="2022-12-09T11:12:18 PKT" duration-ms="187668">
      <class name="SiteTestCases.UsersTests.UsersPageTests">
        <test-method is-config="true" signature="initDriver(java.lang.String)[pri:0, instance:SiteTestCases.UsersTests.UsersPageTests@65987993]" started-at="2022-12-09T11:09:10 PKT" name="initDriver" finished-at="2022-12-09T11:09:12 PKT" duration-ms="1707" status="PASS">
          <params>
            <param index="0">
              <value>
                <![CDATA[Chrome]]>
              </value>
            </param>
          </params>
          <reporter-output>
          </reporter-output>
        </test-method> <!-- initDriver -->
        <test-method is-config="true" signature="initPageObjectClass()[pri:0, instance:SiteTestCases.UsersTests.UsersPageTests@65987993]" started-at="2022-12-09T11:09:12 PKT" name="initPageObjectClass" finished-at="2022-12-09T11:09:12 PKT" duration-ms="0" status="PASS">
          <reporter-output>
          </reporter-output>
        </test-method> <!-- initPageObjectClass -->
        <test-method is-config="true" signature="initPageObjectClass1()[pri:0, instance:SiteTestCases.UsersTests.UsersPageTests@65987993]" started-at="2022-12-09T11:09:12 PKT" name="initPageObjectClass1" finished-at="2022-12-09T11:09:12 PKT" duration-ms="1" status="PASS">
          <reporter-output>
          </reporter-output>
        </test-method> <!-- initPageObjectClass1 -->
        <test-method is-config="true" signature="initPageObjectClass2()[pri:0, instance:SiteTestCases.UsersTests.UsersPageTests@65987993]" started-at="2022-12-09T11:09:12 PKT" name="initPageObjectClass2" finished-at="2022-12-09T11:09:12 PKT" duration-ms="1" status="PASS">
          <reporter-output>
          </reporter-output>
        </test-method> <!-- initPageObjectClass2 -->
        <test-method is-config="true" signature="initPageObjectClass3()[pri:0, instance:SiteTestCases.UsersTests.UsersPageTests@65987993]" started-at="2022-12-09T11:09:12 PKT" name="initPageObjectClass3" finished-at="2022-12-09T11:09:12 PKT" duration-ms="2" status="PASS">
          <reporter-output>
          </reporter-output>
        </test-method> <!-- initPageObjectClass3 -->
        <test-method is-config="true" signature="initPageObjectClass4()[pri:0, instance:SiteTestCases.UsersTests.UsersPageTests@65987993]" started-at="2022-12-09T11:09:12 PKT" name="initPageObjectClass4" finished-at="2022-12-09T11:09:12 PKT" duration-ms="2" status="PASS">
          <reporter-output>
          </reporter-output>
        </test-method> <!-- initPageObjectClass4 -->
        <test-method signature="AddNewAdminUserFiltersSorting(java.lang.String)[pri:0, instance:SiteTestCases.UsersTests.UsersPageTests@65987993]" started-at="2022-12-09T11:09:12 PKT" name="AddNewAdminUserFiltersSorting" finished-at="2022-12-09T11:12:18 PKT" duration-ms="185516" status="PASS">
          <params>
            <param index="0">
              <value>
                <![CDATA[https://qa.portal.packagex.xyz/login]]>
              </value>
            </param>
          </params>
          <reporter-output>
          </reporter-output>
        </test-method> <!-- AddNewAdminUserFiltersSorting -->
        <test-method is-config="true" signature="tearDown(org.testng.ITestResult)[pri:0, instance:SiteTestCases.UsersTests.UsersPageTests@65987993]" started-at="2022-12-09T11:12:18 PKT" name="tearDown" finished-at="2022-12-09T11:12:18 PKT" duration-ms="2" status="PASS">
          <params>
            <param index="0">
              <value>
                <![CDATA[[TestResult name=AddNewAdminUserFiltersSorting status=SUCCESS method=UsersPageTests.AddNewAdminUserFiltersSorting(java.lang.String)[pri:0, instance:SiteTestCases.UsersTests.UsersPageTests@65987993] output={null}]]]>
              </value>
            </param>
          </params>
          <reporter-output>
          </reporter-output>
        </test-method> <!-- tearDown -->
        <test-method is-config="true" signature="closeDriver()[pri:0, instance:SiteTestCases.UsersTests.UsersPageTests@65987993]" started-at="2022-12-09T11:12:18 PKT" name="closeDriver" finished-at="2022-12-09T11:12:18 PKT" duration-ms="426" status="PASS">
          <reporter-output>
          </reporter-output>
        </test-method> <!-- closeDriver -->
      </class> <!-- SiteTestCases.UsersTests.UsersPageTests -->
    </test> <!-- AddNewAdminUserFiltersSorting -->
    <test started-at="2022-12-09T11:12:18 PKT" name="AddNewRecipient" finished-at="2022-12-09T11:16:29 PKT" duration-ms="251124">
      <class name="SiteTestCases.RecipientsTests.RecipientsPageTests">
        <test-method is-config="true" signature="initDriver(java.lang.String)[pri:0, instance:SiteTestCases.RecipientsTests.RecipientsPageTests@55cb6996]" started-at="2022-12-09T11:12:18 PKT" name="initDriver" finished-at="2022-12-09T11:12:19 PKT" duration-ms="1296" status="PASS">
          <params>
            <param index="0">
              <value>
                <![CDATA[Chrome]]>
              </value>
            </param>
          </params>
          <reporter-output>
          </reporter-output>
        </test-method> <!-- initDriver -->
        <test-method is-config="true" signature="initPageObjectClass()[pri:0, instance:SiteTestCases.RecipientsTests.RecipientsPageTests@55cb6996]" started-at="2022-12-09T11:12:19 PKT" name="initPageObjectClass" finished-at="2022-12-09T11:12:19 PKT" duration-ms="1" status="PASS">
          <reporter-output>
          </reporter-output>
        </test-method> <!-- initPageObjectClass -->
        <test-method is-config="true" signature="initPageObjectClass1()[pri:0, instance:SiteTestCases.RecipientsTests.RecipientsPageTests@55cb6996]" started-at="2022-12-09T11:12:19 PKT" name="initPageObjectClass1" finished-at="2022-12-09T11:12:19 PKT" duration-ms="1" status="PASS">
          <reporter-output>
          </reporter-output>
        </test-method> <!-- initPageObjectClass1 -->
        <test-method is-config="true" signature="initPageObjectClass2()[pri:0, instance:SiteTestCases.RecipientsTests.RecipientsPageTests@55cb6996]" started-at="2022-12-09T11:12:19 PKT" name="initPageObjectClass2" finished-at="2022-12-09T11:12:19 PKT" duration-ms="3" status="PASS">
          <reporter-output>
          </reporter-output>
        </test-method> <!-- initPageObjectClass2 -->
        <test-method is-config="true" signature="initPageObjectClass3()[pri:0, instance:SiteTestCases.RecipientsTests.RecipientsPageTests@55cb6996]" started-at="2022-12-09T11:12:19 PKT" name="initPageObjectClass3" finished-at="2022-12-09T11:12:19 PKT" duration-ms="1" status="PASS">
          <reporter-output>
          </reporter-output>
        </test-method> <!-- initPageObjectClass3 -->
        <test-method is-config="true" signature="initPageObjectClass4()[pri:0, instance:SiteTestCases.RecipientsTests.RecipientsPageTests@55cb6996]" started-at="2022-12-09T11:12:19 PKT" name="initPageObjectClass4" finished-at="2022-12-09T11:12:19 PKT" duration-ms="2" status="PASS">
          <reporter-output>
          </reporter-output>
        </test-method> <!-- initPageObjectClass4 -->
        <test-method signature="AddNewRecipient(java.lang.String)[pri:0, instance:SiteTestCases.RecipientsTests.RecipientsPageTests@55cb6996]" started-at="2022-12-09T11:12:19 PKT" name="AddNewRecipient" finished-at="2022-12-09T11:16:29 PKT" duration-ms="249274" status="PASS">
          <params>
            <param index="0">
              <value>
                <![CDATA[https://qa.portal.packagex.xyz/login]]>
              </value>
            </param>
          </params>
          <reporter-output>
          </reporter-output>
        </test-method> <!-- AddNewRecipient -->
        <test-method is-config="true" signature="tearDown(org.testng.ITestResult)[pri:0, instance:SiteTestCases.RecipientsTests.RecipientsPageTests@55cb6996]" started-at="2022-12-09T11:16:29 PKT" name="tearDown" finished-at="2022-12-09T11:16:29 PKT" duration-ms="0" status="PASS">
          <params>
            <param index="0">
              <value>
                <![CDATA[[TestResult name=AddNewRecipient status=SUCCESS method=RecipientsPageTests.AddNewRecipient(java.lang.String)[pri:0, instance:SiteTestCases.RecipientsTests.RecipientsPageTests@55cb6996] output={null}]]]>
              </value>
            </param>
          </params>
          <reporter-output>
          </reporter-output>
        </test-method> <!-- tearDown -->
        <test-method is-config="true" signature="closeDriver()[pri:0, instance:SiteTestCases.RecipientsTests.RecipientsPageTests@55cb6996]" started-at="2022-12-09T11:16:29 PKT" name="closeDriver" finished-at="2022-12-09T11:16:29 PKT" duration-ms="518" status="PASS">
          <reporter-output>
          </reporter-output>
        </test-method> <!-- closeDriver -->
      </class> <!-- SiteTestCases.RecipientsTests.RecipientsPageTests -->
    </test> <!-- AddNewRecipient -->
    <test started-at="2022-12-09T11:16:29 PKT" name="AddNewGroup" finished-at="2022-12-09T11:19:35 PKT" duration-ms="185583">
      <class name="SiteTestCases.RecipientsTests.RecipientsPageTests">
        <test-method is-config="true" signature="initDriver(java.lang.String)[pri:0, instance:SiteTestCases.RecipientsTests.RecipientsPageTests@26abb146]" started-at="2022-12-09T11:16:29 PKT" name="initDriver" finished-at="2022-12-09T11:16:30 PKT" duration-ms="1229" status="PASS">
          <params>
            <param index="0">
              <value>
                <![CDATA[Chrome]]>
              </value>
            </param>
          </params>
          <reporter-output>
          </reporter-output>
        </test-method> <!-- initDriver -->
        <test-method is-config="true" signature="initPageObjectClass()[pri:0, instance:SiteTestCases.RecipientsTests.RecipientsPageTests@26abb146]" started-at="2022-12-09T11:16:30 PKT" name="initPageObjectClass" finished-at="2022-12-09T11:16:30 PKT" duration-ms="1" status="PASS">
          <reporter-output>
          </reporter-output>
        </test-method> <!-- initPageObjectClass -->
        <test-method is-config="true" signature="initPageObjectClass1()[pri:0, instance:SiteTestCases.RecipientsTests.RecipientsPageTests@26abb146]" started-at="2022-12-09T11:16:30 PKT" name="initPageObjectClass1" finished-at="2022-12-09T11:16:30 PKT" duration-ms="1" status="PASS">
          <reporter-output>
          </reporter-output>
        </test-method> <!-- initPageObjectClass1 -->
        <test-method is-config="true" signature="initPageObjectClass2()[pri:0, instance:SiteTestCases.RecipientsTests.RecipientsPageTests@26abb146]" started-at="2022-12-09T11:16:30 PKT" name="initPageObjectClass2" finished-at="2022-12-09T11:16:30 PKT" duration-ms="2" status="PASS">
          <reporter-output>
          </reporter-output>
        </test-method> <!-- initPageObjectClass2 -->
        <test-method is-config="true" signature="initPageObjectClass3()[pri:0, instance:SiteTestCases.RecipientsTests.RecipientsPageTests@26abb146]" started-at="2022-12-09T11:16:30 PKT" name="initPageObjectClass3" finished-at="2022-12-09T11:16:30 PKT" duration-ms="1" status="PASS">
          <reporter-output>
          </reporter-output>
        </test-method> <!-- initPageObjectClass3 -->
        <test-method is-config="true" signature="initPageObjectClass4()[pri:0, instance:SiteTestCases.RecipientsTests.RecipientsPageTests@26abb146]" started-at="2022-12-09T11:16:30 PKT" name="initPageObjectClass4" finished-at="2022-12-09T11:16:30 PKT" duration-ms="1" status="PASS">
          <reporter-output>
          </reporter-output>
        </test-method> <!-- initPageObjectClass4 -->
        <test-method signature="AddNewGroup(java.lang.String)[pri:0, instance:SiteTestCases.RecipientsTests.RecipientsPageTests@26abb146]" started-at="2022-12-09T11:16:30 PKT" name="AddNewGroup" finished-at="2022-12-09T11:19:34 PKT" duration-ms="183924" status="PASS">
          <params>
            <param index="0">
              <value>
                <![CDATA[https://qa.portal.packagex.xyz/login]]>
              </value>
            </param>
          </params>
          <reporter-output>
          </reporter-output>
        </test-method> <!-- AddNewGroup -->
        <test-method is-config="true" signature="tearDown(org.testng.ITestResult)[pri:0, instance:SiteTestCases.RecipientsTests.RecipientsPageTests@26abb146]" started-at="2022-12-09T11:19:34 PKT" name="tearDown" finished-at="2022-12-09T11:19:34 PKT" duration-ms="0" status="PASS">
          <params>
            <param index="0">
              <value>
                <![CDATA[[TestResult name=AddNewGroup status=SUCCESS method=RecipientsPageTests.AddNewGroup(java.lang.String)[pri:0, instance:SiteTestCases.RecipientsTests.RecipientsPageTests@26abb146] output={null}]]]>
              </value>
            </param>
          </params>
          <reporter-output>
          </reporter-output>
        </test-method> <!-- tearDown -->
        <test-method is-config="true" signature="closeDriver()[pri:0, instance:SiteTestCases.RecipientsTests.RecipientsPageTests@26abb146]" started-at="2022-12-09T11:19:34 PKT" name="closeDriver" finished-at="2022-12-09T11:19:35 PKT" duration-ms="417" status="PASS">
          <reporter-output>
          </reporter-output>
        </test-method> <!-- closeDriver -->
      </class> <!-- SiteTestCases.RecipientsTests.RecipientsPageTests -->
    </test> <!-- AddNewGroup -->
    <test started-at="2022-12-09T11:19:35 PKT" name="UploadCSVUPMerge" finished-at="2022-12-09T11:21:14 PKT" duration-ms="99498">
      <class name="SiteTestCases.RecipientsTests.RecipientsPageTests">
        <test-method is-config="true" signature="initDriver(java.lang.String)[pri:0, instance:SiteTestCases.RecipientsTests.RecipientsPageTests@5b7a7f33]" started-at="2022-12-09T11:19:35 PKT" name="initDriver" finished-at="2022-12-09T11:19:36 PKT" duration-ms="1267" status="PASS">
          <params>
            <param index="0">
              <value>
                <![CDATA[Chrome]]>
              </value>
            </param>
          </params>
          <reporter-output>
          </reporter-output>
        </test-method> <!-- initDriver -->
        <test-method is-config="true" signature="initPageObjectClass()[pri:0, instance:SiteTestCases.RecipientsTests.RecipientsPageTests@5b7a7f33]" started-at="2022-12-09T11:19:36 PKT" name="initPageObjectClass" finished-at="2022-12-09T11:19:36 PKT" duration-ms="0" status="PASS">
          <reporter-output>
          </reporter-output>
        </test-method> <!-- initPageObjectClass -->
        <test-method is-config="true" signature="initPageObjectClass1()[pri:0, instance:SiteTestCases.RecipientsTests.RecipientsPageTests@5b7a7f33]" started-at="2022-12-09T11:19:36 PKT" name="initPageObjectClass1" finished-at="2022-12-09T11:19:36 PKT" duration-ms="6" status="PASS">
          <reporter-output>
          </reporter-output>
        </test-method> <!-- initPageObjectClass1 -->
        <test-method is-config="true" signature="initPageObjectClass2()[pri:0, instance:SiteTestCases.RecipientsTests.RecipientsPageTests@5b7a7f33]" started-at="2022-12-09T11:19:36 PKT" name="initPageObjectClass2" finished-at="2022-12-09T11:19:36 PKT" duration-ms="3" status="PASS">
          <reporter-output>
          </reporter-output>
        </test-method> <!-- initPageObjectClass2 -->
        <test-method is-config="true" signature="initPageObjectClass3()[pri:0, instance:SiteTestCases.RecipientsTests.RecipientsPageTests@5b7a7f33]" started-at="2022-12-09T11:19:36 PKT" name="initPageObjectClass3" finished-at="2022-12-09T11:19:36 PKT" duration-ms="1" status="PASS">
          <reporter-output>
          </reporter-output>
        </test-method> <!-- initPageObjectClass3 -->
        <test-method is-config="true" signature="initPageObjectClass4()[pri:0, instance:SiteTestCases.RecipientsTests.RecipientsPageTests@5b7a7f33]" started-at="2022-12-09T11:19:36 PKT" name="initPageObjectClass4" finished-at="2022-12-09T11:19:36 PKT" duration-ms="2" status="PASS">
          <reporter-output>
          </reporter-output>
        </test-method> <!-- initPageObjectClass4 -->
        <test-method signature="UploadCSVUPMerge(java.lang.String)[pri:0, instance:SiteTestCases.RecipientsTests.RecipientsPageTests@5b7a7f33]" started-at="2022-12-09T11:19:36 PKT" name="UploadCSVUPMerge" finished-at="2022-12-09T11:21:14 PKT" duration-ms="97495" status="PASS">
          <params>
            <param index="0">
              <value>
                <![CDATA[https://qa.portal.packagex.xyz/login]]>
              </value>
            </param>
          </params>
          <reporter-output>
          </reporter-output>
        </test-method> <!-- UploadCSVUPMerge -->
        <test-method is-config="true" signature="closeDriver()[pri:0, instance:SiteTestCases.RecipientsTests.RecipientsPageTests@5b7a7f33]" started-at="2022-12-09T11:21:14 PKT" name="closeDriver" finished-at="2022-12-09T11:21:14 PKT" duration-ms="713" status="PASS">
          <reporter-output>
          </reporter-output>
        </test-method> <!-- closeDriver -->
        <test-method is-config="true" signature="tearDown(org.testng.ITestResult)[pri:0, instance:SiteTestCases.RecipientsTests.RecipientsPageTests@5b7a7f33]" started-at="2022-12-09T11:21:14 PKT" name="tearDown" finished-at="2022-12-09T11:21:14 PKT" duration-ms="0" status="PASS">
          <params>
            <param index="0">
              <value>
                <![CDATA[[TestResult name=UploadCSVUPMerge status=SUCCESS method=RecipientsPageTests.UploadCSVUPMerge(java.lang.String)[pri:0, instance:SiteTestCases.RecipientsTests.RecipientsPageTests@5b7a7f33] output={null}]]]>
              </value>
            </param>
          </params>
          <reporter-output>
          </reporter-output>
        </test-method> <!-- tearDown -->
      </class> <!-- SiteTestCases.RecipientsTests.RecipientsPageTests -->
    </test> <!-- UploadCSVUPMerge -->
    <test started-at="2022-12-09T11:21:14 PKT" name="UploadCSVUPOverwrite" finished-at="2022-12-09T11:22:11 PKT" duration-ms="57054">
      <class name="SiteTestCases.RecipientsTests.RecipientsPageTests">
        <test-method is-config="true" signature="initDriver(java.lang.String)[pri:0, instance:SiteTestCases.RecipientsTests.RecipientsPageTests@4b8d604b]" started-at="2022-12-09T11:21:14 PKT" name="initDriver" finished-at="2022-12-09T11:21:16 PKT" duration-ms="1555" status="PASS">
          <params>
            <param index="0">
              <value>
                <![CDATA[Chrome]]>
              </value>
            </param>
          </params>
          <reporter-output>
          </reporter-output>
        </test-method> <!-- initDriver -->
        <test-method is-config="true" signature="initPageObjectClass()[pri:0, instance:SiteTestCases.RecipientsTests.RecipientsPageTests@4b8d604b]" started-at="2022-12-09T11:21:16 PKT" name="initPageObjectClass" finished-at="2022-12-09T11:21:16 PKT" duration-ms="1" status="PASS">
          <reporter-output>
          </reporter-output>
        </test-method> <!-- initPageObjectClass -->
        <test-method is-config="true" signature="initPageObjectClass1()[pri:0, instance:SiteTestCases.RecipientsTests.RecipientsPageTests@4b8d604b]" started-at="2022-12-09T11:21:16 PKT" name="initPageObjectClass1" finished-at="2022-12-09T11:21:16 PKT" duration-ms="1" status="PASS">
          <reporter-output>
          </reporter-output>
        </test-method> <!-- initPageObjectClass1 -->
        <test-method is-config="true" signature="initPageObjectClass2()[pri:0, instance:SiteTestCases.RecipientsTests.RecipientsPageTests@4b8d604b]" started-at="2022-12-09T11:21:16 PKT" name="initPageObjectClass2" finished-at="2022-12-09T11:21:16 PKT" duration-ms="2" status="PASS">
          <reporter-output>
          </reporter-output>
        </test-method> <!-- initPageObjectClass2 -->
        <test-method is-config="true" signature="initPageObjectClass3()[pri:0, instance:SiteTestCases.RecipientsTests.RecipientsPageTests@4b8d604b]" started-at="2022-12-09T11:21:16 PKT" name="initPageObjectClass3" finished-at="2022-12-09T11:21:16 PKT" duration-ms="2" status="PASS">
          <reporter-output>
          </reporter-output>
        </test-method> <!-- initPageObjectClass3 -->
        <test-method is-config="true" signature="initPageObjectClass4()[pri:0, instance:SiteTestCases.RecipientsTests.RecipientsPageTests@4b8d604b]" started-at="2022-12-09T11:21:16 PKT" name="initPageObjectClass4" finished-at="2022-12-09T11:21:16 PKT" duration-ms="2" status="PASS">
          <reporter-output>
          </reporter-output>
        </test-method> <!-- initPageObjectClass4 -->
        <test-method signature="UploadCSVUPOverwrite(java.lang.String)[pri:0, instance:SiteTestCases.RecipientsTests.RecipientsPageTests@4b8d604b]" started-at="2022-12-09T11:21:16 PKT" name="UploadCSVUPOverwrite" finished-at="2022-12-09T11:22:11 PKT" duration-ms="54901" status="FAIL">
          <params>
            <param index="0">
              <value>
                <![CDATA[https://qa.portal.packagex.xyz/login]]>
              </value>
            </param>
          </params>
          <exception class="org.openqa.selenium.StaleElementReferenceException">
            <message>
              <![CDATA[stale element reference: element is not attached to the page document
  (Session info: chrome=107.0.5304.107)
For documentation on this error, please visit: https://selenium.dev/exceptions/#stale_element_reference
Build info: version: '4.1.2', revision: '9a5a329c5a'
System info: host: 'QA', ip: '192.168.7.189', os.name: 'Windows 10', os.arch: 'amd64', os.version: '10.0', java.version: '17.0.4.1'
Driver info: org.openqa.selenium.chrome.ChromeDriver
Command: [f47e82ba02a67279231b86d8ac336e99, getElementText {id=5b99d75a-746b-4f65-b97d-250ee32243e5}]
Capabilities {acceptInsecureCerts: false, browserName: chrome, browserVersion: 107.0.5304.107, chrome: {chromedriverVersion: 107.0.5304.62 (1eec40d3a576..., userDataDir: C:\Users\QA131F~1.USE\AppDa...}, goog:chromeOptions: {debuggerAddress: localhost:61262}, javascriptEnabled: true, networkConnectionEnabled: false, pageLoadStrategy: normal, platform: WINDOWS, platformName: WINDOWS, proxy: Proxy(), se:cdp: ws://localhost:61262/devtoo..., se:cdpVersion: 107.0.5304.107, setWindowRect: true, strictFileInteractability: false, timeouts: {implicit: 0, pageLoad: 300000, script: 30000}, unhandledPromptBehavior: dismiss and notify, webauthn:extension:credBlob: true, webauthn:extension:largeBlob: true, webauthn:virtualAuthenticators: true}
Element: [[ChromeDriver: chrome on WINDOWS (f47e82ba02a67279231b86d8ac336e99)] -> xpath: //div[@class='ant-notification-notice-with-icon']]
Session ID: f47e82ba02a67279231b86d8ac336e99]]>
            </message>
            <full-stacktrace>
              <![CDATA[org.openqa.selenium.StaleElementReferenceException: stale element reference: element is not attached to the page document
  (Session info: chrome=107.0.5304.107)
For documentation on this error, please visit: https://selenium.dev/exceptions/#stale_element_reference
Build info: version: '4.1.2', revision: '9a5a329c5a'
System info: host: 'QA', ip: '192.168.7.189', os.name: 'Windows 10', os.arch: 'amd64', os.version: '10.0', java.version: '17.0.4.1'
Driver info: org.openqa.selenium.chrome.ChromeDriver
Command: [f47e82ba02a67279231b86d8ac336e99, getElementText {id=5b99d75a-746b-4f65-b97d-250ee32243e5}]
Capabilities {acceptInsecureCerts: false, browserName: chrome, browserVersion: 107.0.5304.107, chrome: {chromedriverVersion: 107.0.5304.62 (1eec40d3a576..., userDataDir: C:\Users\QA131F~1.USE\AppDa...}, goog:chromeOptions: {debuggerAddress: localhost:61262}, javascriptEnabled: true, networkConnectionEnabled: false, pageLoadStrategy: normal, platform: WINDOWS, platformName: WINDOWS, proxy: Proxy(), se:cdp: ws://localhost:61262/devtoo..., se:cdpVersion: 107.0.5304.107, setWindowRect: true, strictFileInteractability: false, timeouts: {implicit: 0, pageLoad: 300000, script: 30000}, unhandledPromptBehavior: dismiss and notify, webauthn:extension:credBlob: true, webauthn:extension:largeBlob: true, webauthn:virtualAuthenticators: true}
Element: [[ChromeDriver: chrome on WINDOWS (f47e82ba02a67279231b86d8ac336e99)] -> xpath: //div[@class='ant-notification-notice-with-icon']]
Session ID: f47e82ba02a67279231b86d8ac336e99
at java.base/jdk.internal.reflect.NativeConstructorAccessorImpl.newInstance0(Native Method)
at java.base/jdk.internal.reflect.NativeConstructorAccessorImpl.newInstance(NativeConstructorAccessorImpl.java:77)
at java.base/jdk.internal.reflect.DelegatingConstructorAccessorImpl.newInstance(DelegatingConstructorAccessorImpl.java:45)
at java.base/java.lang.reflect.Constructor.newInstanceWithCaller(Constructor.java:499)
at java.base/java.lang.reflect.Constructor.newInstance(Constructor.java:480)
at org.openqa.selenium.remote.codec.w3c.W3CHttpResponseCodec.createException(W3CHttpResponseCodec.java:200)
at org.openqa.selenium.remote.codec.w3c.W3CHttpResponseCodec.decode(W3CHttpResponseCodec.java:133)
at org.openqa.selenium.remote.codec.w3c.W3CHttpResponseCodec.decode(W3CHttpResponseCodec.java:53)
at org.openqa.selenium.remote.HttpCommandExecutor.execute(HttpCommandExecutor.java:184)
at org.openqa.selenium.remote.service.DriverCommandExecutor.invokeExecute(DriverCommandExecutor.java:164)
at org.openqa.selenium.remote.service.DriverCommandExecutor.execute(DriverCommandExecutor.java:139)
at org.openqa.selenium.remote.RemoteWebDriver.execute(RemoteWebDriver.java:559)
at org.openqa.selenium.remote.RemoteWebElement.execute(RemoteWebElement.java:251)
at org.openqa.selenium.remote.RemoteWebElement.getText(RemoteWebElement.java:201)
at jdk.internal.reflect.GeneratedMethodAccessor5.invoke(Unknown Source)
at java.base/jdk.internal.reflect.DelegatingMethodAccessorImpl.invoke(DelegatingMethodAccessorImpl.java:43)
at java.base/java.lang.reflect.Method.invoke(Method.java:568)
at org.openqa.selenium.support.pagefactory.internal.LocatingElementHandler.invoke(LocatingElementHandler.java:52)
at jdk.proxy2/jdk.proxy2.$Proxy22.getText(Unknown Source)
at Recipients.RecipientsPage.csvUploadedAssertion(RecipientsPage.java:1425)
at Recipients.RecipientsPage.uploadCSV(RecipientsPage.java:501)
at SiteTestCases.RecipientsTests.RecipientsPageTests.UploadCSVUPOverwrite(RecipientsPageTests.java:125)
at java.base/jdk.internal.reflect.NativeMethodAccessorImpl.invoke0(Native Method)
at java.base/jdk.internal.reflect.NativeMethodAccessorImpl.invoke(NativeMethodAccessorImpl.java:77)
at java.base/jdk.internal.reflect.DelegatingMethodAccessorImpl.invoke(DelegatingMethodAccessorImpl.java:43)
at java.base/java.lang.reflect.Method.invoke(Method.java:568)
at org.testng.internal.MethodInvocationHelper.invokeMethod(MethodInvocationHelper.java:133)
at org.testng.internal.TestInvoker.invokeMethod(TestInvoker.java:598)
at org.testng.internal.TestInvoker.invokeTestMethod(TestInvoker.java:173)
at org.testng.internal.MethodRunner.runInSequence(MethodRunner.java:46)
at org.testng.internal.TestInvoker$MethodInvocationAgent.invoke(TestInvoker.java:824)
at org.testng.internal.TestInvoker.invokeTestMethods(TestInvoker.java:146)
at org.testng.internal.TestMethodWorker.invokeTestMethods(TestMethodWorker.java:146)
at org.testng.internal.TestMethodWorker.run(TestMethodWorker.java:128)
at java.base/java.util.ArrayList.forEach(ArrayList.java:1511)
at org.testng.TestRunner.privateRun(TestRunner.java:794)
at org.testng.TestRunner.run(TestRunner.java:596)
at org.testng.SuiteRunner.runTest(SuiteRunner.java:377)
at org.testng.SuiteRunner.runSequentially(SuiteRunner.java:371)
at org.testng.SuiteRunner.privateRun(SuiteRunner.java:332)
at org.testng.SuiteRunner.run(SuiteRunner.java:276)
at org.testng.SuiteRunnerWorker.runSuite(SuiteRunnerWorker.java:53)
at org.testng.SuiteRunnerWorker.run(SuiteRunnerWorker.java:96)
at org.testng.TestNG.runSuitesSequentially(TestNG.java:1212)
at org.testng.TestNG.runSuitesLocally(TestNG.java:1134)
at org.testng.TestNG.runSuites(TestNG.java:1063)
at org.testng.TestNG.run(TestNG.java:1031)
at org.testng.remote.AbstractRemoteTestNG.run(AbstractRemoteTestNG.java:115)
at org.testng.remote.RemoteTestNG.initAndRun(RemoteTestNG.java:251)
at org.testng.remote.RemoteTestNG.main(RemoteTestNG.java:77)
]]>
            </full-stacktrace>
          </exception> <!-- org.openqa.selenium.StaleElementReferenceException -->
          <reporter-output>
          </reporter-output>
        </test-method> <!-- UploadCSVUPOverwrite -->
        <test-method is-config="true" signature="tearDown(org.testng.ITestResult)[pri:0, instance:SiteTestCases.RecipientsTests.RecipientsPageTests@4b8d604b]" started-at="2022-12-09T11:22:11 PKT" name="tearDown" finished-at="2022-12-09T11:22:11 PKT" duration-ms="233" status="PASS">
          <params>
            <param index="0">
              <value>
                <![CDATA[[TestResult name=UploadCSVUPOverwrite status=FAILURE method=RecipientsPageTests.UploadCSVUPOverwrite(java.lang.String)[pri:0, instance:SiteTestCases.RecipientsTests.RecipientsPageTests@4b8d604b] output={null}]]]>
              </value>
            </param>
          </params>
          <reporter-output>
          </reporter-output>
        </test-method> <!-- tearDown -->
        <test-method is-config="true" signature="closeDriver()[pri:0, instance:SiteTestCases.RecipientsTests.RecipientsPageTests@4b8d604b]" started-at="2022-12-09T11:22:11 PKT" name="closeDriver" finished-at="2022-12-09T11:22:11 PKT" duration-ms="352" status="PASS">
          <reporter-output>
          </reporter-output>
        </test-method> <!-- closeDriver -->
      </class> <!-- SiteTestCases.RecipientsTests.RecipientsPageTests -->
    </test> <!-- UploadCSVUPOverwrite -->
    <test started-at="2022-12-09T11:22:11 PKT" name="UploadCSVInvalidEmail" finished-at="2022-12-09T11:23:47 PKT" duration-ms="95448">
      <class name="SiteTestCases.RecipientsTests.RecipientsPageTests">
        <test-method is-config="true" signature="initDriver(java.lang.String)[pri:0, instance:SiteTestCases.RecipientsTests.RecipientsPageTests@15888343]" started-at="2022-12-09T11:22:11 PKT" name="initDriver" finished-at="2022-12-09T11:22:13 PKT" duration-ms="1393" status="PASS">
          <params>
            <param index="0">
              <value>
                <![CDATA[Chrome]]>
              </value>
            </param>
          </params>
          <reporter-output>
          </reporter-output>
        </test-method> <!-- initDriver -->
        <test-method is-config="true" signature="initPageObjectClass()[pri:0, instance:SiteTestCases.RecipientsTests.RecipientsPageTests@15888343]" started-at="2022-12-09T11:22:13 PKT" name="initPageObjectClass" finished-at="2022-12-09T11:22:13 PKT" duration-ms="0" status="PASS">
          <reporter-output>
          </reporter-output>
        </test-method> <!-- initPageObjectClass -->
        <test-method is-config="true" signature="initPageObjectClass1()[pri:0, instance:SiteTestCases.RecipientsTests.RecipientsPageTests@15888343]" started-at="2022-12-09T11:22:13 PKT" name="initPageObjectClass1" finished-at="2022-12-09T11:22:13 PKT" duration-ms="1" status="PASS">
          <reporter-output>
          </reporter-output>
        </test-method> <!-- initPageObjectClass1 -->
        <test-method is-config="true" signature="initPageObjectClass2()[pri:0, instance:SiteTestCases.RecipientsTests.RecipientsPageTests@15888343]" started-at="2022-12-09T11:22:13 PKT" name="initPageObjectClass2" finished-at="2022-12-09T11:22:13 PKT" duration-ms="4" status="PASS">
          <reporter-output>
          </reporter-output>
        </test-method> <!-- initPageObjectClass2 -->
        <test-method is-config="true" signature="initPageObjectClass3()[pri:0, instance:SiteTestCases.RecipientsTests.RecipientsPageTests@15888343]" started-at="2022-12-09T11:22:13 PKT" name="initPageObjectClass3" finished-at="2022-12-09T11:22:13 PKT" duration-ms="1" status="PASS">
          <reporter-output>
          </reporter-output>
        </test-method> <!-- initPageObjectClass3 -->
        <test-method is-config="true" signature="initPageObjectClass4()[pri:0, instance:SiteTestCases.RecipientsTests.RecipientsPageTests@15888343]" started-at="2022-12-09T11:22:13 PKT" name="initPageObjectClass4" finished-at="2022-12-09T11:22:13 PKT" duration-ms="4" status="PASS">
          <reporter-output>
          </reporter-output>
        </test-method> <!-- initPageObjectClass4 -->
        <test-method signature="UploadCSVInvalidEmail(java.lang.String)[pri:0, instance:SiteTestCases.RecipientsTests.RecipientsPageTests@15888343]" started-at="2022-12-09T11:22:13 PKT" name="UploadCSVInvalidEmail" finished-at="2022-12-09T11:23:44 PKT" duration-ms="91536" status="FAIL">
          <params>
            <param index="0">
              <value>
                <![CDATA[https://qa.portal.packagex.xyz/login]]>
              </value>
            </param>
          </params>
          <exception class="org.openqa.selenium.TimeoutException">
            <message>
              <![CDATA[Expected condition failed: waiting for element to be clickable: Proxy element for: DefaultElementLocator 'By.xpath: //span[text()='Next']' (tried for 30 second(s) with 500 milliseconds interval)]]>
            </message>
            <full-stacktrace>
              <![CDATA[org.openqa.selenium.TimeoutException: Expected condition failed: waiting for element to be clickable: Proxy element for: DefaultElementLocator 'By.xpath: //span[text()='Next']' (tried for 30 second(s) with 500 milliseconds interval)
at org.openqa.selenium.support.ui.WebDriverWait.timeoutException(WebDriverWait.java:138)
at org.openqa.selenium.support.ui.FluentWait.until(FluentWait.java:231)
at Utilities.CommonActions.waitForElement(CommonActions.java:254)
at Recipients.RecipientsPage.clickNext(RecipientsPage.java:1291)
at Recipients.RecipientsPage.uploadCSV(RecipientsPage.java:480)
at SiteTestCases.RecipientsTests.RecipientsPageTests.UploadCSVInvalidEmail(RecipientsPageTests.java:140)
at java.base/jdk.internal.reflect.NativeMethodAccessorImpl.invoke0(Native Method)
at java.base/jdk.internal.reflect.NativeMethodAccessorImpl.invoke(NativeMethodAccessorImpl.java:77)
at java.base/jdk.internal.reflect.DelegatingMethodAccessorImpl.invoke(DelegatingMethodAccessorImpl.java:43)
at java.base/java.lang.reflect.Method.invoke(Method.java:568)
at org.testng.internal.MethodInvocationHelper.invokeMethod(MethodInvocationHelper.java:133)
at org.testng.internal.TestInvoker.invokeMethod(TestInvoker.java:598)
at org.testng.internal.TestInvoker.invokeTestMethod(TestInvoker.java:173)
at org.testng.internal.MethodRunner.runInSequence(MethodRunner.java:46)
at org.testng.internal.TestInvoker$MethodInvocationAgent.invoke(TestInvoker.java:824)
at org.testng.internal.TestInvoker.invokeTestMethods(TestInvoker.java:146)
at org.testng.internal.TestMethodWorker.invokeTestMethods(TestMethodWorker.java:146)
at org.testng.internal.TestMethodWorker.run(TestMethodWorker.java:128)
at java.base/java.util.ArrayList.forEach(ArrayList.java:1511)
at org.testng.TestRunner.privateRun(TestRunner.java:794)
at org.testng.TestRunner.run(TestRunner.java:596)
at org.testng.SuiteRunner.runTest(SuiteRunner.java:377)
at org.testng.SuiteRunner.runSequentially(SuiteRunner.java:371)
at org.testng.SuiteRunner.privateRun(SuiteRunner.java:332)
at org.testng.SuiteRunner.run(SuiteRunner.java:276)
at org.testng.SuiteRunnerWorker.runSuite(SuiteRunnerWorker.java:53)
at org.testng.SuiteRunnerWorker.run(SuiteRunnerWorker.java:96)
at org.testng.TestNG.runSuitesSequentially(TestNG.java:1212)
at org.testng.TestNG.runSuitesLocally(TestNG.java:1134)
at org.testng.TestNG.runSuites(TestNG.java:1063)
at org.testng.TestNG.run(TestNG.java:1031)
at org.testng.remote.AbstractRemoteTestNG.run(AbstractRemoteTestNG.java:115)
at org.testng.remote.RemoteTestNG.initAndRun(RemoteTestNG.java:251)
at org.testng.remote.RemoteTestNG.main(RemoteTestNG.java:77)
Caused by: org.openqa.selenium.NoSuchElementException: no such element: Unable to locate element: {"method":"xpath","selector":"//span[text()='Next']"}
  (Session info: chrome=107.0.5304.107)
For documentation on this error, please visit: https://selenium.dev/exceptions/#no_such_element
Build info: version: '4.1.2', revision: '9a5a329c5a'
System info: host: 'QA', ip: '192.168.7.189', os.name: 'Windows 10', os.arch: 'amd64', os.version: '10.0', java.version: '17.0.4.1'
Driver info: org.openqa.selenium.chrome.ChromeDriver
Command: [5c7fb112f8a22d03ee53c4042a11e743, findElement {using=xpath, value=//span[text()='Next']}]
Capabilities {acceptInsecureCerts: false, browserName: chrome, browserVersion: 107.0.5304.107, chrome: {chromedriverVersion: 107.0.5304.62 (1eec40d3a576..., userDataDir: C:\Users\QA131F~1.USE\AppDa...}, goog:chromeOptions: {debuggerAddress: localhost:61332}, javascriptEnabled: true, networkConnectionEnabled: false, pageLoadStrategy: normal, platform: WINDOWS, platformName: WINDOWS, proxy: Proxy(), se:cdp: ws://localhost:61332/devtoo..., se:cdpVersion: 107.0.5304.107, setWindowRect: true, strictFileInteractability: false, timeouts: {implicit: 0, pageLoad: 300000, script: 30000}, unhandledPromptBehavior: dismiss and notify, webauthn:extension:credBlob: true, webauthn:extension:largeBlob: true, webauthn:virtualAuthenticators: true}
Session ID: 5c7fb112f8a22d03ee53c4042a11e743
at jdk.internal.reflect.GeneratedConstructorAccessor23.newInstance(Unknown Source)
at java.base/jdk.internal.reflect.DelegatingConstructorAccessorImpl.newInstance(DelegatingConstructorAccessorImpl.java:45)
at java.base/java.lang.reflect.Constructor.newInstanceWithCaller(Constructor.java:499)
at java.base/java.lang.reflect.Constructor.newInstance(Constructor.java:480)
at org.openqa.selenium.remote.codec.w3c.W3CHttpResponseCodec.createException(W3CHttpResponseCodec.java:200)
at org.openqa.selenium.remote.codec.w3c.W3CHttpResponseCodec.decode(W3CHttpResponseCodec.java:133)
at org.openqa.selenium.remote.codec.w3c.W3CHttpResponseCodec.decode(W3CHttpResponseCodec.java:53)
at org.openqa.selenium.remote.HttpCommandExecutor.execute(HttpCommandExecutor.java:184)
at org.openqa.selenium.remote.service.DriverCommandExecutor.invokeExecute(DriverCommandExecutor.java:164)
at org.openqa.selenium.remote.service.DriverCommandExecutor.execute(DriverCommandExecutor.java:139)
at org.openqa.selenium.remote.RemoteWebDriver.execute(RemoteWebDriver.java:559)
at org.openqa.selenium.remote.ElementLocation$ElementFinder$2.findElement(ElementLocation.java:162)
at org.openqa.selenium.remote.ElementLocation.findElement(ElementLocation.java:60)
at org.openqa.selenium.remote.RemoteWebDriver.findElement(RemoteWebDriver.java:383)
at org.openqa.selenium.remote.RemoteWebDriver.findElement(RemoteWebDriver.java:375)
at org.openqa.selenium.support.pagefactory.DefaultElementLocator.findElement(DefaultElementLocator.java:70)
at org.openqa.selenium.support.pagefactory.internal.LocatingElementHandler.invoke(LocatingElementHandler.java:39)
at jdk.proxy2/jdk.proxy2.$Proxy22.isDisplayed(Unknown Source)
at org.openqa.selenium.support.ui.ExpectedConditions.elementIfVisible(ExpectedConditions.java:307)
at org.openqa.selenium.support.ui.ExpectedConditions.access$000(ExpectedConditions.java:40)
at org.openqa.selenium.support.ui.ExpectedConditions$10.apply(ExpectedConditions.java:293)
at org.openqa.selenium.support.ui.ExpectedConditions$10.apply(ExpectedConditions.java:290)
at org.openqa.selenium.support.ui.ExpectedConditions$23.apply(ExpectedConditions.java:660)
at org.openqa.selenium.support.ui.ExpectedConditions$23.apply(ExpectedConditions.java:656)
at org.openqa.selenium.support.ui.FluentWait.until(FluentWait.java:208)
... 32 more
]]>
            </full-stacktrace>
          </exception> <!-- org.openqa.selenium.TimeoutException -->
          <reporter-output>
          </reporter-output>
        </test-method> <!-- UploadCSVInvalidEmail -->
        <test-method is-config="true" signature="tearDown(org.testng.ITestResult)[pri:0, instance:SiteTestCases.RecipientsTests.RecipientsPageTests@15888343]" started-at="2022-12-09T11:23:44 PKT" name="tearDown" finished-at="2022-12-09T11:23:45 PKT" duration-ms="259" status="PASS">
          <params>
            <param index="0">
              <value>
                <![CDATA[[TestResult name=UploadCSVInvalidEmail status=FAILURE method=RecipientsPageTests.UploadCSVInvalidEmail(java.lang.String)[pri:0, instance:SiteTestCases.RecipientsTests.RecipientsPageTests@15888343] output={null}]]]>
              </value>
            </param>
          </params>
          <reporter-output>
          </reporter-output>
        </test-method> <!-- tearDown -->
        <test-method is-config="true" signature="closeDriver()[pri:0, instance:SiteTestCases.RecipientsTests.RecipientsPageTests@15888343]" started-at="2022-12-09T11:23:45 PKT" name="closeDriver" finished-at="2022-12-09T11:23:47 PKT" duration-ms="2245" status="PASS">
          <reporter-output>
          </reporter-output>
        </test-method> <!-- closeDriver -->
      </class> <!-- SiteTestCases.RecipientsTests.RecipientsPageTests -->
    </test> <!-- UploadCSVInvalidEmail -->
    <test started-at="2022-12-09T11:23:47 PKT" name="UploadCSVDuplicateEmail" finished-at="2022-12-09T11:25:18 PKT" duration-ms="90866">
      <class name="SiteTestCases.RecipientsTests.RecipientsPageTests">
        <test-method is-config="true" signature="initDriver(java.lang.String)[pri:0, instance:SiteTestCases.RecipientsTests.RecipientsPageTests@6a8658ff]" started-at="2022-12-09T11:23:47 PKT" name="initDriver" finished-at="2022-12-09T11:23:48 PKT" duration-ms="1280" status="PASS">
          <params>
            <param index="0">
              <value>
                <![CDATA[Chrome]]>
              </value>
            </param>
          </params>
          <reporter-output>
          </reporter-output>
        </test-method> <!-- initDriver -->
        <test-method is-config="true" signature="initPageObjectClass()[pri:0, instance:SiteTestCases.RecipientsTests.RecipientsPageTests@6a8658ff]" started-at="2022-12-09T11:23:48 PKT" name="initPageObjectClass" finished-at="2022-12-09T11:23:48 PKT" duration-ms="1" status="PASS">
          <reporter-output>
          </reporter-output>
        </test-method> <!-- initPageObjectClass -->
        <test-method is-config="true" signature="initPageObjectClass1()[pri:0, instance:SiteTestCases.RecipientsTests.RecipientsPageTests@6a8658ff]" started-at="2022-12-09T11:23:48 PKT" name="initPageObjectClass1" finished-at="2022-12-09T11:23:48 PKT" duration-ms="1" status="PASS">
          <reporter-output>
          </reporter-output>
        </test-method> <!-- initPageObjectClass1 -->
        <test-method is-config="true" signature="initPageObjectClass2()[pri:0, instance:SiteTestCases.RecipientsTests.RecipientsPageTests@6a8658ff]" started-at="2022-12-09T11:23:48 PKT" name="initPageObjectClass2" finished-at="2022-12-09T11:23:48 PKT" duration-ms="1" status="PASS">
          <reporter-output>
          </reporter-output>
        </test-method> <!-- initPageObjectClass2 -->
        <test-method is-config="true" signature="initPageObjectClass3()[pri:0, instance:SiteTestCases.RecipientsTests.RecipientsPageTests@6a8658ff]" started-at="2022-12-09T11:23:48 PKT" name="initPageObjectClass3" finished-at="2022-12-09T11:23:48 PKT" duration-ms="1" status="PASS">
          <reporter-output>
          </reporter-output>
        </test-method> <!-- initPageObjectClass3 -->
        <test-method is-config="true" signature="initPageObjectClass4()[pri:0, instance:SiteTestCases.RecipientsTests.RecipientsPageTests@6a8658ff]" started-at="2022-12-09T11:23:48 PKT" name="initPageObjectClass4" finished-at="2022-12-09T11:23:48 PKT" duration-ms="2" status="PASS">
          <reporter-output>
          </reporter-output>
        </test-method> <!-- initPageObjectClass4 -->
        <test-method signature="UploadCSVDuplicateEmail(java.lang.String)[pri:0, instance:SiteTestCases.RecipientsTests.RecipientsPageTests@6a8658ff]" started-at="2022-12-09T11:23:48 PKT" name="UploadCSVDuplicateEmail" finished-at="2022-12-09T11:25:15 PKT" duration-ms="87252" status="FAIL">
          <params>
            <param index="0">
              <value>
                <![CDATA[https://qa.portal.packagex.xyz/login]]>
              </value>
            </param>
          </params>
          <exception class="org.openqa.selenium.TimeoutException">
            <message>
              <![CDATA[Expected condition failed: waiting for element to be clickable: Proxy element for: DefaultElementLocator 'By.xpath: //span[text()='Next']' (tried for 30 second(s) with 500 milliseconds interval)]]>
            </message>
            <full-stacktrace>
              <![CDATA[org.openqa.selenium.TimeoutException: Expected condition failed: waiting for element to be clickable: Proxy element for: DefaultElementLocator 'By.xpath: //span[text()='Next']' (tried for 30 second(s) with 500 milliseconds interval)
at org.openqa.selenium.support.ui.WebDriverWait.timeoutException(WebDriverWait.java:138)
at org.openqa.selenium.support.ui.FluentWait.until(FluentWait.java:231)
at Utilities.CommonActions.waitForElement(CommonActions.java:254)
at Recipients.RecipientsPage.clickNext(RecipientsPage.java:1291)
at Recipients.RecipientsPage.uploadCSV(RecipientsPage.java:480)
at SiteTestCases.RecipientsTests.RecipientsPageTests.UploadCSVDuplicateEmail(RecipientsPageTests.java:156)
at java.base/jdk.internal.reflect.NativeMethodAccessorImpl.invoke0(Native Method)
at java.base/jdk.internal.reflect.NativeMethodAccessorImpl.invoke(NativeMethodAccessorImpl.java:77)
at java.base/jdk.internal.reflect.DelegatingMethodAccessorImpl.invoke(DelegatingMethodAccessorImpl.java:43)
at java.base/java.lang.reflect.Method.invoke(Method.java:568)
at org.testng.internal.MethodInvocationHelper.invokeMethod(MethodInvocationHelper.java:133)
at org.testng.internal.TestInvoker.invokeMethod(TestInvoker.java:598)
at org.testng.internal.TestInvoker.invokeTestMethod(TestInvoker.java:173)
at org.testng.internal.MethodRunner.runInSequence(MethodRunner.java:46)
at org.testng.internal.TestInvoker$MethodInvocationAgent.invoke(TestInvoker.java:824)
at org.testng.internal.TestInvoker.invokeTestMethods(TestInvoker.java:146)
at org.testng.internal.TestMethodWorker.invokeTestMethods(TestMethodWorker.java:146)
at org.testng.internal.TestMethodWorker.run(TestMethodWorker.java:128)
at java.base/java.util.ArrayList.forEach(ArrayList.java:1511)
at org.testng.TestRunner.privateRun(TestRunner.java:794)
at org.testng.TestRunner.run(TestRunner.java:596)
at org.testng.SuiteRunner.runTest(SuiteRunner.java:377)
at org.testng.SuiteRunner.runSequentially(SuiteRunner.java:371)
at org.testng.SuiteRunner.privateRun(SuiteRunner.java:332)
at org.testng.SuiteRunner.run(SuiteRunner.java:276)
at org.testng.SuiteRunnerWorker.runSuite(SuiteRunnerWorker.java:53)
at org.testng.SuiteRunnerWorker.run(SuiteRunnerWorker.java:96)
at org.testng.TestNG.runSuitesSequentially(TestNG.java:1212)
at org.testng.TestNG.runSuitesLocally(TestNG.java:1134)
at org.testng.TestNG.runSuites(TestNG.java:1063)
at org.testng.TestNG.run(TestNG.java:1031)
at org.testng.remote.AbstractRemoteTestNG.run(AbstractRemoteTestNG.java:115)
at org.testng.remote.RemoteTestNG.initAndRun(RemoteTestNG.java:251)
at org.testng.remote.RemoteTestNG.main(RemoteTestNG.java:77)
Caused by: org.openqa.selenium.NoSuchElementException: no such element: Unable to locate element: {"method":"xpath","selector":"//span[text()='Next']"}
  (Session info: chrome=107.0.5304.107)
For documentation on this error, please visit: https://selenium.dev/exceptions/#no_such_element
Build info: version: '4.1.2', revision: '9a5a329c5a'
System info: host: 'QA', ip: '192.168.7.189', os.name: 'Windows 10', os.arch: 'amd64', os.version: '10.0', java.version: '17.0.4.1'
Driver info: org.openqa.selenium.chrome.ChromeDriver
Command: [1881fa08f919308b4bdea43f30bdcd5f, findElement {using=xpath, value=//span[text()='Next']}]
Capabilities {acceptInsecureCerts: false, browserName: chrome, browserVersion: 107.0.5304.107, chrome: {chromedriverVersion: 107.0.5304.62 (1eec40d3a576..., userDataDir: C:\Users\QA131F~1.USE\AppDa...}, goog:chromeOptions: {debuggerAddress: localhost:61425}, javascriptEnabled: true, networkConnectionEnabled: false, pageLoadStrategy: normal, platform: WINDOWS, platformName: WINDOWS, proxy: Proxy(), se:cdp: ws://localhost:61425/devtoo..., se:cdpVersion: 107.0.5304.107, setWindowRect: true, strictFileInteractability: false, timeouts: {implicit: 0, pageLoad: 300000, script: 30000}, unhandledPromptBehavior: dismiss and notify, webauthn:extension:credBlob: true, webauthn:extension:largeBlob: true, webauthn:virtualAuthenticators: true}
Session ID: 1881fa08f919308b4bdea43f30bdcd5f
at jdk.internal.reflect.GeneratedConstructorAccessor23.newInstance(Unknown Source)
at java.base/jdk.internal.reflect.DelegatingConstructorAccessorImpl.newInstance(DelegatingConstructorAccessorImpl.java:45)
at java.base/java.lang.reflect.Constructor.newInstanceWithCaller(Constructor.java:499)
at java.base/java.lang.reflect.Constructor.newInstance(Constructor.java:480)
at org.openqa.selenium.remote.codec.w3c.W3CHttpResponseCodec.createException(W3CHttpResponseCodec.java:200)
at org.openqa.selenium.remote.codec.w3c.W3CHttpResponseCodec.decode(W3CHttpResponseCodec.java:133)
at org.openqa.selenium.remote.codec.w3c.W3CHttpResponseCodec.decode(W3CHttpResponseCodec.java:53)
at org.openqa.selenium.remote.HttpCommandExecutor.execute(HttpCommandExecutor.java:184)
at org.openqa.selenium.remote.service.DriverCommandExecutor.invokeExecute(DriverCommandExecutor.java:164)
at org.openqa.selenium.remote.service.DriverCommandExecutor.execute(DriverCommandExecutor.java:139)
at org.openqa.selenium.remote.RemoteWebDriver.execute(RemoteWebDriver.java:559)
at org.openqa.selenium.remote.ElementLocation$ElementFinder$2.findElement(ElementLocation.java:162)
at org.openqa.selenium.remote.ElementLocation.findElement(ElementLocation.java:60)
at org.openqa.selenium.remote.RemoteWebDriver.findElement(RemoteWebDriver.java:383)
at org.openqa.selenium.remote.RemoteWebDriver.findElement(RemoteWebDriver.java:375)
at org.openqa.selenium.support.pagefactory.DefaultElementLocator.findElement(DefaultElementLocator.java:70)
at org.openqa.selenium.support.pagefactory.internal.LocatingElementHandler.invoke(LocatingElementHandler.java:39)
at jdk.proxy2/jdk.proxy2.$Proxy22.isDisplayed(Unknown Source)
at org.openqa.selenium.support.ui.ExpectedConditions.elementIfVisible(ExpectedConditions.java:307)
at org.openqa.selenium.support.ui.ExpectedConditions.access$000(ExpectedConditions.java:40)
at org.openqa.selenium.support.ui.ExpectedConditions$10.apply(ExpectedConditions.java:293)
at org.openqa.selenium.support.ui.ExpectedConditions$10.apply(ExpectedConditions.java:290)
at org.openqa.selenium.support.ui.ExpectedConditions$23.apply(ExpectedConditions.java:660)
at org.openqa.selenium.support.ui.ExpectedConditions$23.apply(ExpectedConditions.java:656)
at org.openqa.selenium.support.ui.FluentWait.until(FluentWait.java:208)
... 32 more
]]>
            </full-stacktrace>
          </exception> <!-- org.openqa.selenium.TimeoutException -->
          <reporter-output>
          </reporter-output>
        </test-method> <!-- UploadCSVDuplicateEmail -->
        <test-method is-config="true" signature="tearDown(org.testng.ITestResult)[pri:0, instance:SiteTestCases.RecipientsTests.RecipientsPageTests@6a8658ff]" started-at="2022-12-09T11:25:15 PKT" name="tearDown" finished-at="2022-12-09T11:25:16 PKT" duration-ms="241" status="PASS">
          <params>
            <param index="0">
              <value>
                <![CDATA[[TestResult name=UploadCSVDuplicateEmail status=FAILURE method=RecipientsPageTests.UploadCSVDuplicateEmail(java.lang.String)[pri:0, instance:SiteTestCases.RecipientsTests.RecipientsPageTests@6a8658ff] output={null}]]]>
              </value>
            </param>
          </params>
          <reporter-output>
          </reporter-output>
        </test-method> <!-- tearDown -->
        <test-method is-config="true" signature="closeDriver()[pri:0, instance:SiteTestCases.RecipientsTests.RecipientsPageTests@6a8658ff]" started-at="2022-12-09T11:25:16 PKT" name="closeDriver" finished-at="2022-12-09T11:25:18 PKT" duration-ms="2083" status="PASS">
          <reporter-output>
          </reporter-output>
        </test-method> <!-- closeDriver -->
      </class> <!-- SiteTestCases.RecipientsTests.RecipientsPageTests -->
    </test> <!-- UploadCSVDuplicateEmail -->
    <test started-at="2022-12-09T11:25:18 PKT" name="UploadCSVNameEmailMissing" finished-at="2022-12-09T11:26:52 PKT" duration-ms="94399">
      <class name="SiteTestCases.RecipientsTests.RecipientsPageTests">
        <test-method is-config="true" signature="initDriver(java.lang.String)[pri:0, instance:SiteTestCases.RecipientsTests.RecipientsPageTests@30f842ca]" started-at="2022-12-09T11:25:18 PKT" name="initDriver" finished-at="2022-12-09T11:25:19 PKT" duration-ms="1236" status="PASS">
          <params>
            <param index="0">
              <value>
                <![CDATA[Chrome]]>
              </value>
            </param>
          </params>
          <reporter-output>
          </reporter-output>
        </test-method> <!-- initDriver -->
        <test-method is-config="true" signature="initPageObjectClass()[pri:0, instance:SiteTestCases.RecipientsTests.RecipientsPageTests@30f842ca]" started-at="2022-12-09T11:25:19 PKT" name="initPageObjectClass" finished-at="2022-12-09T11:25:19 PKT" duration-ms="0" status="PASS">
          <reporter-output>
          </reporter-output>
        </test-method> <!-- initPageObjectClass -->
        <test-method is-config="true" signature="initPageObjectClass1()[pri:0, instance:SiteTestCases.RecipientsTests.RecipientsPageTests@30f842ca]" started-at="2022-12-09T11:25:19 PKT" name="initPageObjectClass1" finished-at="2022-12-09T11:25:19 PKT" duration-ms="0" status="PASS">
          <reporter-output>
          </reporter-output>
        </test-method> <!-- initPageObjectClass1 -->
        <test-method is-config="true" signature="initPageObjectClass2()[pri:0, instance:SiteTestCases.RecipientsTests.RecipientsPageTests@30f842ca]" started-at="2022-12-09T11:25:19 PKT" name="initPageObjectClass2" finished-at="2022-12-09T11:25:19 PKT" duration-ms="1" status="PASS">
          <reporter-output>
          </reporter-output>
        </test-method> <!-- initPageObjectClass2 -->
        <test-method is-config="true" signature="initPageObjectClass3()[pri:0, instance:SiteTestCases.RecipientsTests.RecipientsPageTests@30f842ca]" started-at="2022-12-09T11:25:19 PKT" name="initPageObjectClass3" finished-at="2022-12-09T11:25:19 PKT" duration-ms="2" status="PASS">
          <reporter-output>
          </reporter-output>
        </test-method> <!-- initPageObjectClass3 -->
        <test-method is-config="true" signature="initPageObjectClass4()[pri:0, instance:SiteTestCases.RecipientsTests.RecipientsPageTests@30f842ca]" started-at="2022-12-09T11:25:19 PKT" name="initPageObjectClass4" finished-at="2022-12-09T11:25:19 PKT" duration-ms="1" status="PASS">
          <reporter-output>
          </reporter-output>
        </test-method> <!-- initPageObjectClass4 -->
        <test-method signature="UploadCSVNameEmailMissing(java.lang.String)[pri:0, instance:SiteTestCases.RecipientsTests.RecipientsPageTests@30f842ca]" started-at="2022-12-09T11:25:19 PKT" name="UploadCSVNameEmailMissing" finished-at="2022-12-09T11:26:50 PKT" duration-ms="90770" status="FAIL">
          <params>
            <param index="0">
              <value>
                <![CDATA[https://qa.portal.packagex.xyz/login]]>
              </value>
            </param>
          </params>
          <exception class="org.openqa.selenium.TimeoutException">
            <message>
              <![CDATA[Expected condition failed: waiting for element to be clickable: Proxy element for: DefaultElementLocator 'By.xpath: //span[text()='Next']' (tried for 30 second(s) with 500 milliseconds interval)]]>
            </message>
            <full-stacktrace>
              <![CDATA[org.openqa.selenium.TimeoutException: Expected condition failed: waiting for element to be clickable: Proxy element for: DefaultElementLocator 'By.xpath: //span[text()='Next']' (tried for 30 second(s) with 500 milliseconds interval)
at org.openqa.selenium.support.ui.WebDriverWait.timeoutException(WebDriverWait.java:138)
at org.openqa.selenium.support.ui.FluentWait.until(FluentWait.java:231)
at Utilities.CommonActions.waitForElement(CommonActions.java:254)
at Recipients.RecipientsPage.clickNext(RecipientsPage.java:1291)
at Recipients.RecipientsPage.uploadCSVNameEmailMissing(RecipientsPage.java:706)
at SiteTestCases.RecipientsTests.RecipientsPageTests.UploadCSVNameEmailMissing(RecipientsPageTests.java:238)
at java.base/jdk.internal.reflect.NativeMethodAccessorImpl.invoke0(Native Method)
at java.base/jdk.internal.reflect.NativeMethodAccessorImpl.invoke(NativeMethodAccessorImpl.java:77)
at java.base/jdk.internal.reflect.DelegatingMethodAccessorImpl.invoke(DelegatingMethodAccessorImpl.java:43)
at java.base/java.lang.reflect.Method.invoke(Method.java:568)
at org.testng.internal.MethodInvocationHelper.invokeMethod(MethodInvocationHelper.java:133)
at org.testng.internal.TestInvoker.invokeMethod(TestInvoker.java:598)
at org.testng.internal.TestInvoker.invokeTestMethod(TestInvoker.java:173)
at org.testng.internal.MethodRunner.runInSequence(MethodRunner.java:46)
at org.testng.internal.TestInvoker$MethodInvocationAgent.invoke(TestInvoker.java:824)
at org.testng.internal.TestInvoker.invokeTestMethods(TestInvoker.java:146)
at org.testng.internal.TestMethodWorker.invokeTestMethods(TestMethodWorker.java:146)
at org.testng.internal.TestMethodWorker.run(TestMethodWorker.java:128)
at java.base/java.util.ArrayList.forEach(ArrayList.java:1511)
at org.testng.TestRunner.privateRun(TestRunner.java:794)
at org.testng.TestRunner.run(TestRunner.java:596)
at org.testng.SuiteRunner.runTest(SuiteRunner.java:377)
at org.testng.SuiteRunner.runSequentially(SuiteRunner.java:371)
at org.testng.SuiteRunner.privateRun(SuiteRunner.java:332)
at org.testng.SuiteRunner.run(SuiteRunner.java:276)
at org.testng.SuiteRunnerWorker.runSuite(SuiteRunnerWorker.java:53)
at org.testng.SuiteRunnerWorker.run(SuiteRunnerWorker.java:96)
at org.testng.TestNG.runSuitesSequentially(TestNG.java:1212)
at org.testng.TestNG.runSuitesLocally(TestNG.java:1134)
at org.testng.TestNG.runSuites(TestNG.java:1063)
at org.testng.TestNG.run(TestNG.java:1031)
at org.testng.remote.AbstractRemoteTestNG.run(AbstractRemoteTestNG.java:115)
at org.testng.remote.RemoteTestNG.initAndRun(RemoteTestNG.java:251)
at org.testng.remote.RemoteTestNG.main(RemoteTestNG.java:77)
Caused by: org.openqa.selenium.NoSuchElementException: no such element: Unable to locate element: {"method":"xpath","selector":"//span[text()='Next']"}
  (Session info: chrome=107.0.5304.107)
For documentation on this error, please visit: https://selenium.dev/exceptions/#no_such_element
Build info: version: '4.1.2', revision: '9a5a329c5a'
System info: host: 'QA', ip: '192.168.7.189', os.name: 'Windows 10', os.arch: 'amd64', os.version: '10.0', java.version: '17.0.4.1'
Driver info: org.openqa.selenium.chrome.ChromeDriver
Command: [5c3b74aedc268b871ceeb7683decd6ee, findElement {using=xpath, value=//span[text()='Next']}]
Capabilities {acceptInsecureCerts: false, browserName: chrome, browserVersion: 107.0.5304.107, chrome: {chromedriverVersion: 107.0.5304.62 (1eec40d3a576..., userDataDir: C:\Users\QA131F~1.USE\AppDa...}, goog:chromeOptions: {debuggerAddress: localhost:61513}, javascriptEnabled: true, networkConnectionEnabled: false, pageLoadStrategy: normal, platform: WINDOWS, platformName: WINDOWS, proxy: Proxy(), se:cdp: ws://localhost:61513/devtoo..., se:cdpVersion: 107.0.5304.107, setWindowRect: true, strictFileInteractability: false, timeouts: {implicit: 0, pageLoad: 300000, script: 30000}, unhandledPromptBehavior: dismiss and notify, webauthn:extension:credBlob: true, webauthn:extension:largeBlob: true, webauthn:virtualAuthenticators: true}
Session ID: 5c3b74aedc268b871ceeb7683decd6ee
at jdk.internal.reflect.GeneratedConstructorAccessor23.newInstance(Unknown Source)
at java.base/jdk.internal.reflect.DelegatingConstructorAccessorImpl.newInstance(DelegatingConstructorAccessorImpl.java:45)
at java.base/java.lang.reflect.Constructor.newInstanceWithCaller(Constructor.java:499)
at java.base/java.lang.reflect.Constructor.newInstance(Constructor.java:480)
at org.openqa.selenium.remote.codec.w3c.W3CHttpResponseCodec.createException(W3CHttpResponseCodec.java:200)
at org.openqa.selenium.remote.codec.w3c.W3CHttpResponseCodec.decode(W3CHttpResponseCodec.java:133)
at org.openqa.selenium.remote.codec.w3c.W3CHttpResponseCodec.decode(W3CHttpResponseCodec.java:53)
at org.openqa.selenium.remote.HttpCommandExecutor.execute(HttpCommandExecutor.java:184)
at org.openqa.selenium.remote.service.DriverCommandExecutor.invokeExecute(DriverCommandExecutor.java:164)
at org.openqa.selenium.remote.service.DriverCommandExecutor.execute(DriverCommandExecutor.java:139)
at org.openqa.selenium.remote.RemoteWebDriver.execute(RemoteWebDriver.java:559)
at org.openqa.selenium.remote.ElementLocation$ElementFinder$2.findElement(ElementLocation.java:162)
at org.openqa.selenium.remote.ElementLocation.findElement(ElementLocation.java:60)
at org.openqa.selenium.remote.RemoteWebDriver.findElement(RemoteWebDriver.java:383)
at org.openqa.selenium.remote.RemoteWebDriver.findElement(RemoteWebDriver.java:375)
at org.openqa.selenium.support.pagefactory.DefaultElementLocator.findElement(DefaultElementLocator.java:70)
at org.openqa.selenium.support.pagefactory.internal.LocatingElementHandler.invoke(LocatingElementHandler.java:39)
at jdk.proxy2/jdk.proxy2.$Proxy22.isDisplayed(Unknown Source)
at org.openqa.selenium.support.ui.ExpectedConditions.elementIfVisible(ExpectedConditions.java:307)
at org.openqa.selenium.support.ui.ExpectedConditions.access$000(ExpectedConditions.java:40)
at org.openqa.selenium.support.ui.ExpectedConditions$10.apply(ExpectedConditions.java:293)
at org.openqa.selenium.support.ui.ExpectedConditions$10.apply(ExpectedConditions.java:290)
at org.openqa.selenium.support.ui.ExpectedConditions$23.apply(ExpectedConditions.java:660)
at org.openqa.selenium.support.ui.ExpectedConditions$23.apply(ExpectedConditions.java:656)
at org.openqa.selenium.support.ui.FluentWait.until(FluentWait.java:208)
... 32 more
]]>
            </full-stacktrace>
          </exception> <!-- org.openqa.selenium.TimeoutException -->
          <reporter-output>
          </reporter-output>
        </test-method> <!-- UploadCSVNameEmailMissing -->
        <test-method is-config="true" signature="tearDown(org.testng.ITestResult)[pri:0, instance:SiteTestCases.RecipientsTests.RecipientsPageTests@30f842ca]" started-at="2022-12-09T11:26:50 PKT" name="tearDown" finished-at="2022-12-09T11:26:50 PKT" duration-ms="236" status="PASS">
          <params>
            <param index="0">
              <value>
                <![CDATA[[TestResult name=UploadCSVNameEmailMissing status=FAILURE method=RecipientsPageTests.UploadCSVNameEmailMissing(java.lang.String)[pri:0, instance:SiteTestCases.RecipientsTests.RecipientsPageTests@30f842ca] output={null}]]]>
              </value>
            </param>
          </params>
          <reporter-output>
          </reporter-output>
        </test-method> <!-- tearDown -->
        <test-method is-config="true" signature="closeDriver()[pri:0, instance:SiteTestCases.RecipientsTests.RecipientsPageTests@30f842ca]" started-at="2022-12-09T11:26:50 PKT" name="closeDriver" finished-at="2022-12-09T11:26:52 PKT" duration-ms="2132" status="PASS">
          <reporter-output>
          </reporter-output>
        </test-method> <!-- closeDriver -->
      </class> <!-- SiteTestCases.RecipientsTests.RecipientsPageTests -->
    </test> <!-- UploadCSVNameEmailMissing -->
    <test started-at="2022-12-09T11:26:52 PKT" name="UploadCSVEmailMissing" finished-at="2022-12-09T11:28:29 PKT" duration-ms="96671">
      <class name="SiteTestCases.RecipientsTests.RecipientsPageTests">
        <test-method is-config="true" signature="initDriver(java.lang.String)[pri:0, instance:SiteTestCases.RecipientsTests.RecipientsPageTests@25df00a0]" started-at="2022-12-09T11:26:52 PKT" name="initDriver" finished-at="2022-12-09T11:26:53 PKT" duration-ms="1121" status="PASS">
          <params>
            <param index="0">
              <value>
                <![CDATA[Chrome]]>
              </value>
            </param>
          </params>
          <reporter-output>
          </reporter-output>
        </test-method> <!-- initDriver -->
        <test-method is-config="true" signature="initPageObjectClass()[pri:0, instance:SiteTestCases.RecipientsTests.RecipientsPageTests@25df00a0]" started-at="2022-12-09T11:26:53 PKT" name="initPageObjectClass" finished-at="2022-12-09T11:26:53 PKT" duration-ms="1" status="PASS">
          <reporter-output>
          </reporter-output>
        </test-method> <!-- initPageObjectClass -->
        <test-method is-config="true" signature="initPageObjectClass1()[pri:0, instance:SiteTestCases.RecipientsTests.RecipientsPageTests@25df00a0]" started-at="2022-12-09T11:26:53 PKT" name="initPageObjectClass1" finished-at="2022-12-09T11:26:53 PKT" duration-ms="3" status="PASS">
          <reporter-output>
          </reporter-output>
        </test-method> <!-- initPageObjectClass1 -->
        <test-method is-config="true" signature="initPageObjectClass2()[pri:0, instance:SiteTestCases.RecipientsTests.RecipientsPageTests@25df00a0]" started-at="2022-12-09T11:26:53 PKT" name="initPageObjectClass2" finished-at="2022-12-09T11:26:53 PKT" duration-ms="2" status="PASS">
          <reporter-output>
          </reporter-output>
        </test-method> <!-- initPageObjectClass2 -->
        <test-method is-config="true" signature="initPageObjectClass3()[pri:0, instance:SiteTestCases.RecipientsTests.RecipientsPageTests@25df00a0]" started-at="2022-12-09T11:26:53 PKT" name="initPageObjectClass3" finished-at="2022-12-09T11:26:53 PKT" duration-ms="2" status="PASS">
          <reporter-output>
          </reporter-output>
        </test-method> <!-- initPageObjectClass3 -->
        <test-method is-config="true" signature="initPageObjectClass4()[pri:0, instance:SiteTestCases.RecipientsTests.RecipientsPageTests@25df00a0]" started-at="2022-12-09T11:26:53 PKT" name="initPageObjectClass4" finished-at="2022-12-09T11:26:53 PKT" duration-ms="2" status="PASS">
          <reporter-output>
          </reporter-output>
        </test-method> <!-- initPageObjectClass4 -->
        <test-method signature="UploadCSVEmailMissing(java.lang.String)[pri:0, instance:SiteTestCases.RecipientsTests.RecipientsPageTests@25df00a0]" started-at="2022-12-09T11:26:53 PKT" name="UploadCSVEmailMissing" finished-at="2022-12-09T11:28:26 PKT" duration-ms="93234" status="FAIL">
          <params>
            <param index="0">
              <value>
                <![CDATA[https://qa.portal.packagex.xyz/login]]>
              </value>
            </param>
          </params>
          <exception class="org.openqa.selenium.TimeoutException">
            <message>
              <![CDATA[Expected condition failed: waiting for element to be clickable: Proxy element for: DefaultElementLocator 'By.xpath: //span[text()='Next']' (tried for 30 second(s) with 500 milliseconds interval)]]>
            </message>
            <full-stacktrace>
              <![CDATA[org.openqa.selenium.TimeoutException: Expected condition failed: waiting for element to be clickable: Proxy element for: DefaultElementLocator 'By.xpath: //span[text()='Next']' (tried for 30 second(s) with 500 milliseconds interval)
at org.openqa.selenium.support.ui.WebDriverWait.timeoutException(WebDriverWait.java:138)
at org.openqa.selenium.support.ui.FluentWait.until(FluentWait.java:231)
at Utilities.CommonActions.waitForElement(CommonActions.java:254)
at Recipients.RecipientsPage.clickNext(RecipientsPage.java:1291)
at Recipients.RecipientsPage.uploadCSVMissingData(RecipientsPage.java:847)
at SiteTestCases.RecipientsTests.RecipientsPageTests.UploadCSVEmailMissing(RecipientsPageTests.java:172)
at java.base/jdk.internal.reflect.NativeMethodAccessorImpl.invoke0(Native Method)
at java.base/jdk.internal.reflect.NativeMethodAccessorImpl.invoke(NativeMethodAccessorImpl.java:77)
at java.base/jdk.internal.reflect.DelegatingMethodAccessorImpl.invoke(DelegatingMethodAccessorImpl.java:43)
at java.base/java.lang.reflect.Method.invoke(Method.java:568)
at org.testng.internal.MethodInvocationHelper.invokeMethod(MethodInvocationHelper.java:133)
at org.testng.internal.TestInvoker.invokeMethod(TestInvoker.java:598)
at org.testng.internal.TestInvoker.invokeTestMethod(TestInvoker.java:173)
at org.testng.internal.MethodRunner.runInSequence(MethodRunner.java:46)
at org.testng.internal.TestInvoker$MethodInvocationAgent.invoke(TestInvoker.java:824)
at org.testng.internal.TestInvoker.invokeTestMethods(TestInvoker.java:146)
at org.testng.internal.TestMethodWorker.invokeTestMethods(TestMethodWorker.java:146)
at org.testng.internal.TestMethodWorker.run(TestMethodWorker.java:128)
at java.base/java.util.ArrayList.forEach(ArrayList.java:1511)
at org.testng.TestRunner.privateRun(TestRunner.java:794)
at org.testng.TestRunner.run(TestRunner.java:596)
at org.testng.SuiteRunner.runTest(SuiteRunner.java:377)
at org.testng.SuiteRunner.runSequentially(SuiteRunner.java:371)
at org.testng.SuiteRunner.privateRun(SuiteRunner.java:332)
at org.testng.SuiteRunner.run(SuiteRunner.java:276)
at org.testng.SuiteRunnerWorker.runSuite(SuiteRunnerWorker.java:53)
at org.testng.SuiteRunnerWorker.run(SuiteRunnerWorker.java:96)
at org.testng.TestNG.runSuitesSequentially(TestNG.java:1212)
at org.testng.TestNG.runSuitesLocally(TestNG.java:1134)
at org.testng.TestNG.runSuites(TestNG.java:1063)
at org.testng.TestNG.run(TestNG.java:1031)
at org.testng.remote.AbstractRemoteTestNG.run(AbstractRemoteTestNG.java:115)
at org.testng.remote.RemoteTestNG.initAndRun(RemoteTestNG.java:251)
at org.testng.remote.RemoteTestNG.main(RemoteTestNG.java:77)
Caused by: org.openqa.selenium.NoSuchElementException: no such element: Unable to locate element: {"method":"xpath","selector":"//span[text()='Next']"}
  (Session info: chrome=107.0.5304.107)
For documentation on this error, please visit: https://selenium.dev/exceptions/#no_such_element
Build info: version: '4.1.2', revision: '9a5a329c5a'
System info: host: 'QA', ip: '192.168.7.189', os.name: 'Windows 10', os.arch: 'amd64', os.version: '10.0', java.version: '17.0.4.1'
Driver info: org.openqa.selenium.chrome.ChromeDriver
Command: [f7cbdb8b2fea095ed2fad38b3b3fbdcc, findElement {using=xpath, value=//span[text()='Next']}]
Capabilities {acceptInsecureCerts: false, browserName: chrome, browserVersion: 107.0.5304.107, chrome: {chromedriverVersion: 107.0.5304.62 (1eec40d3a576..., userDataDir: C:\Users\QA131F~1.USE\AppDa...}, goog:chromeOptions: {debuggerAddress: localhost:61603}, javascriptEnabled: true, networkConnectionEnabled: false, pageLoadStrategy: normal, platform: WINDOWS, platformName: WINDOWS, proxy: Proxy(), se:cdp: ws://localhost:61603/devtoo..., se:cdpVersion: 107.0.5304.107, setWindowRect: true, strictFileInteractability: false, timeouts: {implicit: 0, pageLoad: 300000, script: 30000}, unhandledPromptBehavior: dismiss and notify, webauthn:extension:credBlob: true, webauthn:extension:largeBlob: true, webauthn:virtualAuthenticators: true}
Session ID: f7cbdb8b2fea095ed2fad38b3b3fbdcc
at jdk.internal.reflect.GeneratedConstructorAccessor23.newInstance(Unknown Source)
at java.base/jdk.internal.reflect.DelegatingConstructorAccessorImpl.newInstance(DelegatingConstructorAccessorImpl.java:45)
at java.base/java.lang.reflect.Constructor.newInstanceWithCaller(Constructor.java:499)
at java.base/java.lang.reflect.Constructor.newInstance(Constructor.java:480)
at org.openqa.selenium.remote.codec.w3c.W3CHttpResponseCodec.createException(W3CHttpResponseCodec.java:200)
at org.openqa.selenium.remote.codec.w3c.W3CHttpResponseCodec.decode(W3CHttpResponseCodec.java:133)
at org.openqa.selenium.remote.codec.w3c.W3CHttpResponseCodec.decode(W3CHttpResponseCodec.java:53)
at org.openqa.selenium.remote.HttpCommandExecutor.execute(HttpCommandExecutor.java:184)
at org.openqa.selenium.remote.service.DriverCommandExecutor.invokeExecute(DriverCommandExecutor.java:164)
at org.openqa.selenium.remote.service.DriverCommandExecutor.execute(DriverCommandExecutor.java:139)
at org.openqa.selenium.remote.RemoteWebDriver.execute(RemoteWebDriver.java:559)
at org.openqa.selenium.remote.ElementLocation$ElementFinder$2.findElement(ElementLocation.java:162)
at org.openqa.selenium.remote.ElementLocation.findElement(ElementLocation.java:60)
at org.openqa.selenium.remote.RemoteWebDriver.findElement(RemoteWebDriver.java:383)
at org.openqa.selenium.remote.RemoteWebDriver.findElement(RemoteWebDriver.java:375)
at org.openqa.selenium.support.pagefactory.DefaultElementLocator.findElement(DefaultElementLocator.java:70)
at org.openqa.selenium.support.pagefactory.internal.LocatingElementHandler.invoke(LocatingElementHandler.java:39)
at jdk.proxy2/jdk.proxy2.$Proxy22.isDisplayed(Unknown Source)
at org.openqa.selenium.support.ui.ExpectedConditions.elementIfVisible(ExpectedConditions.java:307)
at org.openqa.selenium.support.ui.ExpectedConditions.access$000(ExpectedConditions.java:40)
at org.openqa.selenium.support.ui.ExpectedConditions$10.apply(ExpectedConditions.java:293)
at org.openqa.selenium.support.ui.ExpectedConditions$10.apply(ExpectedConditions.java:290)
at org.openqa.selenium.support.ui.ExpectedConditions$23.apply(ExpectedConditions.java:660)
at org.openqa.selenium.support.ui.ExpectedConditions$23.apply(ExpectedConditions.java:656)
at org.openqa.selenium.support.ui.FluentWait.until(FluentWait.java:208)
... 32 more
]]>
            </full-stacktrace>
          </exception> <!-- org.openqa.selenium.TimeoutException -->
          <reporter-output>
          </reporter-output>
        </test-method> <!-- UploadCSVEmailMissing -->
        <test-method is-config="true" signature="tearDown(org.testng.ITestResult)[pri:0, instance:SiteTestCases.RecipientsTests.RecipientsPageTests@25df00a0]" started-at="2022-12-09T11:28:26 PKT" name="tearDown" finished-at="2022-12-09T11:28:27 PKT" duration-ms="286" status="PASS">
          <params>
            <param index="0">
              <value>
                <![CDATA[[TestResult name=UploadCSVEmailMissing status=FAILURE method=RecipientsPageTests.UploadCSVEmailMissing(java.lang.String)[pri:0, instance:SiteTestCases.RecipientsTests.RecipientsPageTests@25df00a0] output={null}]]]>
              </value>
            </param>
          </params>
          <reporter-output>
          </reporter-output>
        </test-method> <!-- tearDown -->
        <test-method is-config="true" signature="closeDriver()[pri:0, instance:SiteTestCases.RecipientsTests.RecipientsPageTests@25df00a0]" started-at="2022-12-09T11:28:27 PKT" name="closeDriver" finished-at="2022-12-09T11:28:29 PKT" duration-ms="2016" status="PASS">
          <reporter-output>
          </reporter-output>
        </test-method> <!-- closeDriver -->
      </class> <!-- SiteTestCases.RecipientsTests.RecipientsPageTests -->
    </test> <!-- UploadCSVEmailMissing -->
    <test started-at="2022-12-09T11:28:29 PKT" name="UploadCSVLongAdress" finished-at="2022-12-09T11:30:07 PKT" duration-ms="97863">
      <class name="SiteTestCases.RecipientsTests.RecipientsPageTests">
        <test-method is-config="true" signature="initDriver(java.lang.String)[pri:0, instance:SiteTestCases.RecipientsTests.RecipientsPageTests@60f00693]" started-at="2022-12-09T11:28:29 PKT" name="initDriver" finished-at="2022-12-09T11:28:30 PKT" duration-ms="1286" status="PASS">
          <params>
            <param index="0">
              <value>
                <![CDATA[Chrome]]>
              </value>
            </param>
          </params>
          <reporter-output>
          </reporter-output>
        </test-method> <!-- initDriver -->
        <test-method is-config="true" signature="initPageObjectClass()[pri:0, instance:SiteTestCases.RecipientsTests.RecipientsPageTests@60f00693]" started-at="2022-12-09T11:28:30 PKT" name="initPageObjectClass" finished-at="2022-12-09T11:28:30 PKT" duration-ms="0" status="PASS">
          <reporter-output>
          </reporter-output>
        </test-method> <!-- initPageObjectClass -->
        <test-method is-config="true" signature="initPageObjectClass1()[pri:0, instance:SiteTestCases.RecipientsTests.RecipientsPageTests@60f00693]" started-at="2022-12-09T11:28:30 PKT" name="initPageObjectClass1" finished-at="2022-12-09T11:28:30 PKT" duration-ms="1" status="PASS">
          <reporter-output>
          </reporter-output>
        </test-method> <!-- initPageObjectClass1 -->
        <test-method is-config="true" signature="initPageObjectClass2()[pri:0, instance:SiteTestCases.RecipientsTests.RecipientsPageTests@60f00693]" started-at="2022-12-09T11:28:30 PKT" name="initPageObjectClass2" finished-at="2022-12-09T11:28:30 PKT" duration-ms="2" status="PASS">
          <reporter-output>
          </reporter-output>
        </test-method> <!-- initPageObjectClass2 -->
        <test-method is-config="true" signature="initPageObjectClass3()[pri:0, instance:SiteTestCases.RecipientsTests.RecipientsPageTests@60f00693]" started-at="2022-12-09T11:28:30 PKT" name="initPageObjectClass3" finished-at="2022-12-09T11:28:30 PKT" duration-ms="1" status="PASS">
          <reporter-output>
          </reporter-output>
        </test-method> <!-- initPageObjectClass3 -->
        <test-method is-config="true" signature="initPageObjectClass4()[pri:0, instance:SiteTestCases.RecipientsTests.RecipientsPageTests@60f00693]" started-at="2022-12-09T11:28:30 PKT" name="initPageObjectClass4" finished-at="2022-12-09T11:28:30 PKT" duration-ms="2" status="PASS">
          <reporter-output>
          </reporter-output>
        </test-method> <!-- initPageObjectClass4 -->
        <test-method signature="UploadCSVLongAdress(java.lang.String)[pri:0, instance:SiteTestCases.RecipientsTests.RecipientsPageTests@60f00693]" started-at="2022-12-09T11:28:30 PKT" name="UploadCSVLongAdress" finished-at="2022-12-09T11:30:04 PKT" duration-ms="94263" status="FAIL">
          <params>
            <param index="0">
              <value>
                <![CDATA[https://qa.portal.packagex.xyz/login]]>
              </value>
            </param>
          </params>
          <exception class="org.openqa.selenium.TimeoutException">
            <message>
              <![CDATA[Expected condition failed: waiting for element to be clickable: Proxy element for: DefaultElementLocator 'By.xpath: //span[text()='Next']' (tried for 30 second(s) with 500 milliseconds interval)]]>
            </message>
            <full-stacktrace>
              <![CDATA[org.openqa.selenium.TimeoutException: Expected condition failed: waiting for element to be clickable: Proxy element for: DefaultElementLocator 'By.xpath: //span[text()='Next']' (tried for 30 second(s) with 500 milliseconds interval)
at org.openqa.selenium.support.ui.WebDriverWait.timeoutException(WebDriverWait.java:138)
at org.openqa.selenium.support.ui.FluentWait.until(FluentWait.java:231)
at Utilities.CommonActions.waitForElement(CommonActions.java:254)
at Recipients.RecipientsPage.clickNext(RecipientsPage.java:1291)
at Recipients.RecipientsPage.uploadCSV(RecipientsPage.java:480)
at SiteTestCases.RecipientsTests.RecipientsPageTests.UploadCSVLongAdress(RecipientsPageTests.java:188)
at java.base/jdk.internal.reflect.NativeMethodAccessorImpl.invoke0(Native Method)
at java.base/jdk.internal.reflect.NativeMethodAccessorImpl.invoke(NativeMethodAccessorImpl.java:77)
at java.base/jdk.internal.reflect.DelegatingMethodAccessorImpl.invoke(DelegatingMethodAccessorImpl.java:43)
at java.base/java.lang.reflect.Method.invoke(Method.java:568)
at org.testng.internal.MethodInvocationHelper.invokeMethod(MethodInvocationHelper.java:133)
at org.testng.internal.TestInvoker.invokeMethod(TestInvoker.java:598)
at org.testng.internal.TestInvoker.invokeTestMethod(TestInvoker.java:173)
at org.testng.internal.MethodRunner.runInSequence(MethodRunner.java:46)
at org.testng.internal.TestInvoker$MethodInvocationAgent.invoke(TestInvoker.java:824)
at org.testng.internal.TestInvoker.invokeTestMethods(TestInvoker.java:146)
at org.testng.internal.TestMethodWorker.invokeTestMethods(TestMethodWorker.java:146)
at org.testng.internal.TestMethodWorker.run(TestMethodWorker.java:128)
at java.base/java.util.ArrayList.forEach(ArrayList.java:1511)
at org.testng.TestRunner.privateRun(TestRunner.java:794)
at org.testng.TestRunner.run(TestRunner.java:596)
at org.testng.SuiteRunner.runTest(SuiteRunner.java:377)
at org.testng.SuiteRunner.runSequentially(SuiteRunner.java:371)
at org.testng.SuiteRunner.privateRun(SuiteRunner.java:332)
at org.testng.SuiteRunner.run(SuiteRunner.java:276)
at org.testng.SuiteRunnerWorker.runSuite(SuiteRunnerWorker.java:53)
at org.testng.SuiteRunnerWorker.run(SuiteRunnerWorker.java:96)
at org.testng.TestNG.runSuitesSequentially(TestNG.java:1212)
at org.testng.TestNG.runSuitesLocally(TestNG.java:1134)
at org.testng.TestNG.runSuites(TestNG.java:1063)
at org.testng.TestNG.run(TestNG.java:1031)
at org.testng.remote.AbstractRemoteTestNG.run(AbstractRemoteTestNG.java:115)
at org.testng.remote.RemoteTestNG.initAndRun(RemoteTestNG.java:251)
at org.testng.remote.RemoteTestNG.main(RemoteTestNG.java:77)
Caused by: org.openqa.selenium.NoSuchElementException: no such element: Unable to locate element: {"method":"xpath","selector":"//span[text()='Next']"}
  (Session info: chrome=107.0.5304.107)
For documentation on this error, please visit: https://selenium.dev/exceptions/#no_such_element
Build info: version: '4.1.2', revision: '9a5a329c5a'
System info: host: 'QA', ip: '192.168.7.189', os.name: 'Windows 10', os.arch: 'amd64', os.version: '10.0', java.version: '17.0.4.1'
Driver info: org.openqa.selenium.chrome.ChromeDriver
Command: [e8724bca8aba2ccd051a1c5e2d896673, findElement {using=xpath, value=//span[text()='Next']}]
Capabilities {acceptInsecureCerts: false, browserName: chrome, browserVersion: 107.0.5304.107, chrome: {chromedriverVersion: 107.0.5304.62 (1eec40d3a576..., userDataDir: C:\Users\QA131F~1.USE\AppDa...}, goog:chromeOptions: {debuggerAddress: localhost:61695}, javascriptEnabled: true, networkConnectionEnabled: false, pageLoadStrategy: normal, platform: WINDOWS, platformName: WINDOWS, proxy: Proxy(), se:cdp: ws://localhost:61695/devtoo..., se:cdpVersion: 107.0.5304.107, setWindowRect: true, strictFileInteractability: false, timeouts: {implicit: 0, pageLoad: 300000, script: 30000}, unhandledPromptBehavior: dismiss and notify, webauthn:extension:credBlob: true, webauthn:extension:largeBlob: true, webauthn:virtualAuthenticators: true}
Session ID: e8724bca8aba2ccd051a1c5e2d896673
at jdk.internal.reflect.GeneratedConstructorAccessor23.newInstance(Unknown Source)
at java.base/jdk.internal.reflect.DelegatingConstructorAccessorImpl.newInstance(DelegatingConstructorAccessorImpl.java:45)
at java.base/java.lang.reflect.Constructor.newInstanceWithCaller(Constructor.java:499)
at java.base/java.lang.reflect.Constructor.newInstance(Constructor.java:480)
at org.openqa.selenium.remote.codec.w3c.W3CHttpResponseCodec.createException(W3CHttpResponseCodec.java:200)
at org.openqa.selenium.remote.codec.w3c.W3CHttpResponseCodec.decode(W3CHttpResponseCodec.java:133)
at org.openqa.selenium.remote.codec.w3c.W3CHttpResponseCodec.decode(W3CHttpResponseCodec.java:53)
at org.openqa.selenium.remote.HttpCommandExecutor.execute(HttpCommandExecutor.java:184)
at org.openqa.selenium.remote.service.DriverCommandExecutor.invokeExecute(DriverCommandExecutor.java:164)
at org.openqa.selenium.remote.service.DriverCommandExecutor.execute(DriverCommandExecutor.java:139)
at org.openqa.selenium.remote.RemoteWebDriver.execute(RemoteWebDriver.java:559)
at org.openqa.selenium.remote.ElementLocation$ElementFinder$2.findElement(ElementLocation.java:162)
at org.openqa.selenium.remote.ElementLocation.findElement(ElementLocation.java:60)
at org.openqa.selenium.remote.RemoteWebDriver.findElement(RemoteWebDriver.java:383)
at org.openqa.selenium.remote.RemoteWebDriver.findElement(RemoteWebDriver.java:375)
at org.openqa.selenium.support.pagefactory.DefaultElementLocator.findElement(DefaultElementLocator.java:70)
at org.openqa.selenium.support.pagefactory.internal.LocatingElementHandler.invoke(LocatingElementHandler.java:39)
at jdk.proxy2/jdk.proxy2.$Proxy22.isDisplayed(Unknown Source)
at org.openqa.selenium.support.ui.ExpectedConditions.elementIfVisible(ExpectedConditions.java:307)
at org.openqa.selenium.support.ui.ExpectedConditions.access$000(ExpectedConditions.java:40)
at org.openqa.selenium.support.ui.ExpectedConditions$10.apply(ExpectedConditions.java:293)
at org.openqa.selenium.support.ui.ExpectedConditions$10.apply(ExpectedConditions.java:290)
at org.openqa.selenium.support.ui.ExpectedConditions$23.apply(ExpectedConditions.java:660)
at org.openqa.selenium.support.ui.ExpectedConditions$23.apply(ExpectedConditions.java:656)
at org.openqa.selenium.support.ui.FluentWait.until(FluentWait.java:208)
... 32 more
]]>
            </full-stacktrace>
          </exception> <!-- org.openqa.selenium.TimeoutException -->
          <reporter-output>
          </reporter-output>
        </test-method> <!-- UploadCSVLongAdress -->
        <test-method is-config="true" signature="tearDown(org.testng.ITestResult)[pri:0, instance:SiteTestCases.RecipientsTests.RecipientsPageTests@60f00693]" started-at="2022-12-09T11:30:04 PKT" name="tearDown" finished-at="2022-12-09T11:30:05 PKT" duration-ms="270" status="PASS">
          <params>
            <param index="0">
              <value>
                <![CDATA[[TestResult name=UploadCSVLongAdress status=FAILURE method=RecipientsPageTests.UploadCSVLongAdress(java.lang.String)[pri:0, instance:SiteTestCases.RecipientsTests.RecipientsPageTests@60f00693] output={null}]]]>
              </value>
            </param>
          </params>
          <reporter-output>
          </reporter-output>
        </test-method> <!-- tearDown -->
        <test-method is-config="true" signature="closeDriver()[pri:0, instance:SiteTestCases.RecipientsTests.RecipientsPageTests@60f00693]" started-at="2022-12-09T11:30:05 PKT" name="closeDriver" finished-at="2022-12-09T11:30:07 PKT" duration-ms="2032" status="PASS">
          <reporter-output>
          </reporter-output>
        </test-method> <!-- closeDriver -->
      </class> <!-- SiteTestCases.RecipientsTests.RecipientsPageTests -->
    </test> <!-- UploadCSVLongAdress -->
    <test started-at="2022-12-09T11:30:07 PKT" name="UploadCSVUpdateMerge" finished-at="2022-12-09T11:31:38 PKT" duration-ms="91200">
      <class name="SiteTestCases.RecipientsTests.RecipientsPageTests">
        <test-method is-config="true" signature="initDriver(java.lang.String)[pri:0, instance:SiteTestCases.RecipientsTests.RecipientsPageTests@5a5a729f]" started-at="2022-12-09T11:30:07 PKT" name="initDriver" finished-at="2022-12-09T11:30:08 PKT" duration-ms="1277" status="PASS">
          <params>
            <param index="0">
              <value>
                <![CDATA[Chrome]]>
              </value>
            </param>
          </params>
          <reporter-output>
          </reporter-output>
        </test-method> <!-- initDriver -->
        <test-method is-config="true" signature="initPageObjectClass()[pri:0, instance:SiteTestCases.RecipientsTests.RecipientsPageTests@5a5a729f]" started-at="2022-12-09T11:30:08 PKT" name="initPageObjectClass" finished-at="2022-12-09T11:30:08 PKT" duration-ms="1" status="PASS">
          <reporter-output>
          </reporter-output>
        </test-method> <!-- initPageObjectClass -->
        <test-method is-config="true" signature="initPageObjectClass2()[pri:0, instance:SiteTestCases.RecipientsTests.RecipientsPageTests@5a5a729f]" started-at="2022-12-09T11:30:08 PKT" name="initPageObjectClass2" finished-at="2022-12-09T11:30:08 PKT" duration-ms="2" status="PASS">
          <reporter-output>
          </reporter-output>
        </test-method> <!-- initPageObjectClass2 -->
        <test-method is-config="true" signature="initPageObjectClass1()[pri:0, instance:SiteTestCases.RecipientsTests.RecipientsPageTests@5a5a729f]" started-at="2022-12-09T11:30:08 PKT" name="initPageObjectClass1" finished-at="2022-12-09T11:30:08 PKT" duration-ms="0" status="PASS">
          <reporter-output>
          </reporter-output>
        </test-method> <!-- initPageObjectClass1 -->
        <test-method is-config="true" signature="initPageObjectClass3()[pri:0, instance:SiteTestCases.RecipientsTests.RecipientsPageTests@5a5a729f]" started-at="2022-12-09T11:30:08 PKT" name="initPageObjectClass3" finished-at="2022-12-09T11:30:08 PKT" duration-ms="3" status="PASS">
          <reporter-output>
          </reporter-output>
        </test-method> <!-- initPageObjectClass3 -->
        <test-method is-config="true" signature="initPageObjectClass4()[pri:0, instance:SiteTestCases.RecipientsTests.RecipientsPageTests@5a5a729f]" started-at="2022-12-09T11:30:08 PKT" name="initPageObjectClass4" finished-at="2022-12-09T11:30:08 PKT" duration-ms="1" status="PASS">
          <reporter-output>
          </reporter-output>
        </test-method> <!-- initPageObjectClass4 -->
        <test-method signature="UploadCSVUpdateMerge(java.lang.String,java.lang.String)[pri:0, instance:SiteTestCases.RecipientsTests.RecipientsPageTests@5a5a729f]" started-at="2022-12-09T11:30:08 PKT" name="UploadCSVUpdateMerge" finished-at="2022-12-09T11:31:36 PKT" duration-ms="87645" status="FAIL">
          <params>
            <param index="0">
              <value>
                <![CDATA[https://qa.portal.packagex.xyz/login]]>
              </value>
            </param>
            <param index="1">
              <value>
                <![CDATA[@Optional]]>
              </value>
            </param>
          </params>
          <exception class="org.openqa.selenium.TimeoutException">
            <message>
              <![CDATA[Expected condition failed: waiting for element to be clickable: Proxy element for: DefaultElementLocator 'By.xpath: //span[text()='Next']' (tried for 30 second(s) with 500 milliseconds interval)]]>
            </message>
            <full-stacktrace>
              <![CDATA[org.openqa.selenium.TimeoutException: Expected condition failed: waiting for element to be clickable: Proxy element for: DefaultElementLocator 'By.xpath: //span[text()='Next']' (tried for 30 second(s) with 500 milliseconds interval)
at org.openqa.selenium.support.ui.WebDriverWait.timeoutException(WebDriverWait.java:138)
at org.openqa.selenium.support.ui.FluentWait.until(FluentWait.java:231)
at Utilities.CommonActions.waitForElement(CommonActions.java:254)
at Recipients.RecipientsPage.clickNext(RecipientsPage.java:1291)
at Recipients.RecipientsPage.uploadCSV(RecipientsPage.java:480)
at SiteTestCases.RecipientsTests.RecipientsPageTests.UploadCSVUpdateMerge(RecipientsPageTests.java:203)
at java.base/jdk.internal.reflect.NativeMethodAccessorImpl.invoke0(Native Method)
at java.base/jdk.internal.reflect.NativeMethodAccessorImpl.invoke(NativeMethodAccessorImpl.java:77)
at java.base/jdk.internal.reflect.DelegatingMethodAccessorImpl.invoke(DelegatingMethodAccessorImpl.java:43)
at java.base/java.lang.reflect.Method.invoke(Method.java:568)
at org.testng.internal.MethodInvocationHelper.invokeMethod(MethodInvocationHelper.java:133)
at org.testng.internal.TestInvoker.invokeMethod(TestInvoker.java:598)
at org.testng.internal.TestInvoker.invokeTestMethod(TestInvoker.java:173)
at org.testng.internal.MethodRunner.runInSequence(MethodRunner.java:46)
at org.testng.internal.TestInvoker$MethodInvocationAgent.invoke(TestInvoker.java:824)
at org.testng.internal.TestInvoker.invokeTestMethods(TestInvoker.java:146)
at org.testng.internal.TestMethodWorker.invokeTestMethods(TestMethodWorker.java:146)
at org.testng.internal.TestMethodWorker.run(TestMethodWorker.java:128)
at java.base/java.util.ArrayList.forEach(ArrayList.java:1511)
at org.testng.TestRunner.privateRun(TestRunner.java:794)
at org.testng.TestRunner.run(TestRunner.java:596)
at org.testng.SuiteRunner.runTest(SuiteRunner.java:377)
at org.testng.SuiteRunner.runSequentially(SuiteRunner.java:371)
at org.testng.SuiteRunner.privateRun(SuiteRunner.java:332)
at org.testng.SuiteRunner.run(SuiteRunner.java:276)
at org.testng.SuiteRunnerWorker.runSuite(SuiteRunnerWorker.java:53)
at org.testng.SuiteRunnerWorker.run(SuiteRunnerWorker.java:96)
at org.testng.TestNG.runSuitesSequentially(TestNG.java:1212)
at org.testng.TestNG.runSuitesLocally(TestNG.java:1134)
at org.testng.TestNG.runSuites(TestNG.java:1063)
at org.testng.TestNG.run(TestNG.java:1031)
at org.testng.remote.AbstractRemoteTestNG.run(AbstractRemoteTestNG.java:115)
at org.testng.remote.RemoteTestNG.initAndRun(RemoteTestNG.java:251)
at org.testng.remote.RemoteTestNG.main(RemoteTestNG.java:77)
Caused by: org.openqa.selenium.NoSuchElementException: no such element: Unable to locate element: {"method":"xpath","selector":"//span[text()='Next']"}
  (Session info: chrome=107.0.5304.107)
For documentation on this error, please visit: https://selenium.dev/exceptions/#no_such_element
Build info: version: '4.1.2', revision: '9a5a329c5a'
System info: host: 'QA', ip: '192.168.7.189', os.name: 'Windows 10', os.arch: 'amd64', os.version: '10.0', java.version: '17.0.4.1'
Driver info: org.openqa.selenium.chrome.ChromeDriver
Command: [ad0c2a96cf6e8d27651b81287fadbf27, findElement {using=xpath, value=//span[text()='Next']}]
Capabilities {acceptInsecureCerts: false, browserName: chrome, browserVersion: 107.0.5304.107, chrome: {chromedriverVersion: 107.0.5304.62 (1eec40d3a576..., userDataDir: C:\Users\QA131F~1.USE\AppDa...}, goog:chromeOptions: {debuggerAddress: localhost:61791}, javascriptEnabled: true, networkConnectionEnabled: false, pageLoadStrategy: normal, platform: WINDOWS, platformName: WINDOWS, proxy: Proxy(), se:cdp: ws://localhost:61791/devtoo..., se:cdpVersion: 107.0.5304.107, setWindowRect: true, strictFileInteractability: false, timeouts: {implicit: 0, pageLoad: 300000, script: 30000}, unhandledPromptBehavior: dismiss and notify, webauthn:extension:credBlob: true, webauthn:extension:largeBlob: true, webauthn:virtualAuthenticators: true}
Session ID: ad0c2a96cf6e8d27651b81287fadbf27
at jdk.internal.reflect.GeneratedConstructorAccessor23.newInstance(Unknown Source)
at java.base/jdk.internal.reflect.DelegatingConstructorAccessorImpl.newInstance(DelegatingConstructorAccessorImpl.java:45)
at java.base/java.lang.reflect.Constructor.newInstanceWithCaller(Constructor.java:499)
at java.base/java.lang.reflect.Constructor.newInstance(Constructor.java:480)
at org.openqa.selenium.remote.codec.w3c.W3CHttpResponseCodec.createException(W3CHttpResponseCodec.java:200)
at org.openqa.selenium.remote.codec.w3c.W3CHttpResponseCodec.decode(W3CHttpResponseCodec.java:133)
at org.openqa.selenium.remote.codec.w3c.W3CHttpResponseCodec.decode(W3CHttpResponseCodec.java:53)
at org.openqa.selenium.remote.HttpCommandExecutor.execute(HttpCommandExecutor.java:184)
at org.openqa.selenium.remote.service.DriverCommandExecutor.invokeExecute(DriverCommandExecutor.java:164)
at org.openqa.selenium.remote.service.DriverCommandExecutor.execute(DriverCommandExecutor.java:139)
at org.openqa.selenium.remote.RemoteWebDriver.execute(RemoteWebDriver.java:559)
at org.openqa.selenium.remote.ElementLocation$ElementFinder$2.findElement(ElementLocation.java:162)
at org.openqa.selenium.remote.ElementLocation.findElement(ElementLocation.java:60)
at org.openqa.selenium.remote.RemoteWebDriver.findElement(RemoteWebDriver.java:383)
at org.openqa.selenium.remote.RemoteWebDriver.findElement(RemoteWebDriver.java:375)
at org.openqa.selenium.support.pagefactory.DefaultElementLocator.findElement(DefaultElementLocator.java:70)
at org.openqa.selenium.support.pagefactory.internal.LocatingElementHandler.invoke(LocatingElementHandler.java:39)
at jdk.proxy2/jdk.proxy2.$Proxy22.isDisplayed(Unknown Source)
at org.openqa.selenium.support.ui.ExpectedConditions.elementIfVisible(ExpectedConditions.java:307)
at org.openqa.selenium.support.ui.ExpectedConditions.access$000(ExpectedConditions.java:40)
at org.openqa.selenium.support.ui.ExpectedConditions$10.apply(ExpectedConditions.java:293)
at org.openqa.selenium.support.ui.ExpectedConditions$10.apply(ExpectedConditions.java:290)
at org.openqa.selenium.support.ui.ExpectedConditions$23.apply(ExpectedConditions.java:660)
at org.openqa.selenium.support.ui.ExpectedConditions$23.apply(ExpectedConditions.java:656)
at org.openqa.selenium.support.ui.FluentWait.until(FluentWait.java:208)
... 32 more
]]>
            </full-stacktrace>
          </exception> <!-- org.openqa.selenium.TimeoutException -->
          <reporter-output>
          </reporter-output>
        </test-method> <!-- UploadCSVUpdateMerge -->
        <test-method is-config="true" signature="tearDown(org.testng.ITestResult)[pri:0, instance:SiteTestCases.RecipientsTests.RecipientsPageTests@5a5a729f]" started-at="2022-12-09T11:31:36 PKT" name="tearDown" finished-at="2022-12-09T11:31:36 PKT" duration-ms="256" status="PASS">
          <params>
            <param index="0">
              <value>
                <![CDATA[[TestResult name=UploadCSVUpdateMerge status=FAILURE method=RecipientsPageTests.UploadCSVUpdateMerge(java.lang.String,java.lang.String)[pri:0, instance:SiteTestCases.RecipientsTests.RecipientsPageTests@5a5a729f] output={null}]]]>
              </value>
            </param>
          </params>
          <reporter-output>
          </reporter-output>
        </test-method> <!-- tearDown -->
        <test-method is-config="true" signature="closeDriver()[pri:0, instance:SiteTestCases.RecipientsTests.RecipientsPageTests@5a5a729f]" started-at="2022-12-09T11:31:36 PKT" name="closeDriver" finished-at="2022-12-09T11:31:38 PKT" duration-ms="2009" status="PASS">
          <reporter-output>
          </reporter-output>
        </test-method> <!-- closeDriver -->
      </class> <!-- SiteTestCases.RecipientsTests.RecipientsPageTests -->
    </test> <!-- UploadCSVUpdateMerge -->
    <test started-at="2022-12-09T11:31:38 PKT" name="UploadCSVEditUploadMerge" finished-at="2022-12-09T11:33:29 PKT" duration-ms="111426">
      <class name="SiteTestCases.RecipientsTests.RecipientsPageTests">
        <test-method is-config="true" signature="initDriver(java.lang.String)[pri:0, instance:SiteTestCases.RecipientsTests.RecipientsPageTests@3932c79a]" started-at="2022-12-09T11:31:38 PKT" name="initDriver" finished-at="2022-12-09T11:31:39 PKT" duration-ms="1460" status="PASS">
          <params>
            <param index="0">
              <value>
                <![CDATA[Chrome]]>
              </value>
            </param>
          </params>
          <reporter-output>
          </reporter-output>
        </test-method> <!-- initDriver -->
        <test-method is-config="true" signature="initPageObjectClass()[pri:0, instance:SiteTestCases.RecipientsTests.RecipientsPageTests@3932c79a]" started-at="2022-12-09T11:31:39 PKT" name="initPageObjectClass" finished-at="2022-12-09T11:31:39 PKT" duration-ms="1" status="PASS">
          <reporter-output>
          </reporter-output>
        </test-method> <!-- initPageObjectClass -->
        <test-method is-config="true" signature="initPageObjectClass1()[pri:0, instance:SiteTestCases.RecipientsTests.RecipientsPageTests@3932c79a]" started-at="2022-12-09T11:31:39 PKT" name="initPageObjectClass1" finished-at="2022-12-09T11:31:39 PKT" duration-ms="1" status="PASS">
          <reporter-output>
          </reporter-output>
        </test-method> <!-- initPageObjectClass1 -->
        <test-method is-config="true" signature="initPageObjectClass2()[pri:0, instance:SiteTestCases.RecipientsTests.RecipientsPageTests@3932c79a]" started-at="2022-12-09T11:31:39 PKT" name="initPageObjectClass2" finished-at="2022-12-09T11:31:39 PKT" duration-ms="1" status="PASS">
          <reporter-output>
          </reporter-output>
        </test-method> <!-- initPageObjectClass2 -->
        <test-method is-config="true" signature="initPageObjectClass3()[pri:0, instance:SiteTestCases.RecipientsTests.RecipientsPageTests@3932c79a]" started-at="2022-12-09T11:31:39 PKT" name="initPageObjectClass3" finished-at="2022-12-09T11:31:39 PKT" duration-ms="2" status="PASS">
          <reporter-output>
          </reporter-output>
        </test-method> <!-- initPageObjectClass3 -->
        <test-method is-config="true" signature="initPageObjectClass4()[pri:0, instance:SiteTestCases.RecipientsTests.RecipientsPageTests@3932c79a]" started-at="2022-12-09T11:31:39 PKT" name="initPageObjectClass4" finished-at="2022-12-09T11:31:39 PKT" duration-ms="0" status="PASS">
          <reporter-output>
          </reporter-output>
        </test-method> <!-- initPageObjectClass4 -->
        <test-method signature="UploadCSVEditUploadMerge(java.lang.String,java.lang.String)[pri:0, instance:SiteTestCases.RecipientsTests.RecipientsPageTests@3932c79a]" started-at="2022-12-09T11:31:39 PKT" name="UploadCSVEditUploadMerge" finished-at="2022-12-09T11:33:29 PKT" duration-ms="109305" status="FAIL">
          <params>
            <param index="0">
              <value>
                <![CDATA[https://qa.portal.packagex.xyz/login]]>
              </value>
            </param>
            <param index="1">
              <value>
                <![CDATA[@Optional]]>
              </value>
            </param>
          </params>
          <exception class="org.openqa.selenium.TimeoutException">
            <message>
              <![CDATA[Expected condition failed: waiting for element to be clickable: Proxy element for: DefaultElementLocator 'By.xpath: //span[text()='Next']' (tried for 30 second(s) with 500 milliseconds interval)]]>
            </message>
            <full-stacktrace>
              <![CDATA[org.openqa.selenium.TimeoutException: Expected condition failed: waiting for element to be clickable: Proxy element for: DefaultElementLocator 'By.xpath: //span[text()='Next']' (tried for 30 second(s) with 500 milliseconds interval)
at org.openqa.selenium.support.ui.WebDriverWait.timeoutException(WebDriverWait.java:138)
at org.openqa.selenium.support.ui.FluentWait.until(FluentWait.java:231)
at Utilities.CommonActions.waitForElement(CommonActions.java:254)
at Recipients.RecipientsPage.clickNext(RecipientsPage.java:1291)
at Recipients.RecipientsPage.uploadCSV(RecipientsPage.java:480)
at SiteTestCases.RecipientsTests.RecipientsPageTests.UploadCSVEditUploadMerge(RecipientsPageTests.java:223)
at java.base/jdk.internal.reflect.NativeMethodAccessorImpl.invoke0(Native Method)
at java.base/jdk.internal.reflect.NativeMethodAccessorImpl.invoke(NativeMethodAccessorImpl.java:77)
at java.base/jdk.internal.reflect.DelegatingMethodAccessorImpl.invoke(DelegatingMethodAccessorImpl.java:43)
at java.base/java.lang.reflect.Method.invoke(Method.java:568)
at org.testng.internal.MethodInvocationHelper.invokeMethod(MethodInvocationHelper.java:133)
at org.testng.internal.TestInvoker.invokeMethod(TestInvoker.java:598)
at org.testng.internal.TestInvoker.invokeTestMethod(TestInvoker.java:173)
at org.testng.internal.MethodRunner.runInSequence(MethodRunner.java:46)
at org.testng.internal.TestInvoker$MethodInvocationAgent.invoke(TestInvoker.java:824)
at org.testng.internal.TestInvoker.invokeTestMethods(TestInvoker.java:146)
at org.testng.internal.TestMethodWorker.invokeTestMethods(TestMethodWorker.java:146)
at org.testng.internal.TestMethodWorker.run(TestMethodWorker.java:128)
at java.base/java.util.ArrayList.forEach(ArrayList.java:1511)
at org.testng.TestRunner.privateRun(TestRunner.java:794)
at org.testng.TestRunner.run(TestRunner.java:596)
at org.testng.SuiteRunner.runTest(SuiteRunner.java:377)
at org.testng.SuiteRunner.runSequentially(SuiteRunner.java:371)
at org.testng.SuiteRunner.privateRun(SuiteRunner.java:332)
at org.testng.SuiteRunner.run(SuiteRunner.java:276)
at org.testng.SuiteRunnerWorker.runSuite(SuiteRunnerWorker.java:53)
at org.testng.SuiteRunnerWorker.run(SuiteRunnerWorker.java:96)
at org.testng.TestNG.runSuitesSequentially(TestNG.java:1212)
at org.testng.TestNG.runSuitesLocally(TestNG.java:1134)
at org.testng.TestNG.runSuites(TestNG.java:1063)
at org.testng.TestNG.run(TestNG.java:1031)
at org.testng.remote.AbstractRemoteTestNG.run(AbstractRemoteTestNG.java:115)
at org.testng.remote.RemoteTestNG.initAndRun(RemoteTestNG.java:251)
at org.testng.remote.RemoteTestNG.main(RemoteTestNG.java:77)
Caused by: org.openqa.selenium.NoSuchElementException: no such element: Unable to locate element: {"method":"xpath","selector":"//span[text()='Next']"}
  (Session info: chrome=107.0.5304.107)
For documentation on this error, please visit: https://selenium.dev/exceptions/#no_such_element
Build info: version: '4.1.2', revision: '9a5a329c5a'
System info: host: 'QA', ip: '192.168.7.189', os.name: 'Windows 10', os.arch: 'amd64', os.version: '10.0', java.version: '17.0.4.1'
Driver info: org.openqa.selenium.chrome.ChromeDriver
Command: [66d6428170fe908f63ef07fd78631142, findElement {using=xpath, value=//span[text()='Next']}]
Capabilities {acceptInsecureCerts: false, browserName: chrome, browserVersion: 107.0.5304.107, chrome: {chromedriverVersion: 107.0.5304.62 (1eec40d3a576..., userDataDir: C:\Users\QA131F~1.USE\AppDa...}, goog:chromeOptions: {debuggerAddress: localhost:61873}, javascriptEnabled: true, networkConnectionEnabled: false, pageLoadStrategy: normal, platform: WINDOWS, platformName: WINDOWS, proxy: Proxy(), se:cdp: ws://localhost:61873/devtoo..., se:cdpVersion: 107.0.5304.107, setWindowRect: true, strictFileInteractability: false, timeouts: {implicit: 0, pageLoad: 300000, script: 30000}, unhandledPromptBehavior: dismiss and notify, webauthn:extension:credBlob: true, webauthn:extension:largeBlob: true, webauthn:virtualAuthenticators: true}
Session ID: 66d6428170fe908f63ef07fd78631142
at jdk.internal.reflect.GeneratedConstructorAccessor23.newInstance(Unknown Source)
at java.base/jdk.internal.reflect.DelegatingConstructorAccessorImpl.newInstance(DelegatingConstructorAccessorImpl.java:45)
at java.base/java.lang.reflect.Constructor.newInstanceWithCaller(Constructor.java:499)
at java.base/java.lang.reflect.Constructor.newInstance(Constructor.java:480)
at org.openqa.selenium.remote.codec.w3c.W3CHttpResponseCodec.createException(W3CHttpResponseCodec.java:200)
at org.openqa.selenium.remote.codec.w3c.W3CHttpResponseCodec.decode(W3CHttpResponseCodec.java:133)
at org.openqa.selenium.remote.codec.w3c.W3CHttpResponseCodec.decode(W3CHttpResponseCodec.java:53)
at org.openqa.selenium.remote.HttpCommandExecutor.execute(HttpCommandExecutor.java:184)
at org.openqa.selenium.remote.service.DriverCommandExecutor.invokeExecute(DriverCommandExecutor.java:164)
at org.openqa.selenium.remote.service.DriverCommandExecutor.execute(DriverCommandExecutor.java:139)
at org.openqa.selenium.remote.RemoteWebDriver.execute(RemoteWebDriver.java:559)
at org.openqa.selenium.remote.ElementLocation$ElementFinder$2.findElement(ElementLocation.java:162)
at org.openqa.selenium.remote.ElementLocation.findElement(ElementLocation.java:60)
at org.openqa.selenium.remote.RemoteWebDriver.findElement(RemoteWebDriver.java:383)
at org.openqa.selenium.remote.RemoteWebDriver.findElement(RemoteWebDriver.java:375)
at org.openqa.selenium.support.pagefactory.DefaultElementLocator.findElement(DefaultElementLocator.java:70)
at org.openqa.selenium.support.pagefactory.internal.LocatingElementHandler.invoke(LocatingElementHandler.java:39)
at jdk.proxy2/jdk.proxy2.$Proxy22.isDisplayed(Unknown Source)
at org.openqa.selenium.support.ui.ExpectedConditions.elementIfVisible(ExpectedConditions.java:307)
at org.openqa.selenium.support.ui.ExpectedConditions.access$000(ExpectedConditions.java:40)
at org.openqa.selenium.support.ui.ExpectedConditions$10.apply(ExpectedConditions.java:293)
at org.openqa.selenium.support.ui.ExpectedConditions$10.apply(ExpectedConditions.java:290)
at org.openqa.selenium.support.ui.ExpectedConditions$23.apply(ExpectedConditions.java:660)
at org.openqa.selenium.support.ui.ExpectedConditions$23.apply(ExpectedConditions.java:656)
at org.openqa.selenium.support.ui.FluentWait.until(FluentWait.java:208)
... 32 more
]]>
            </full-stacktrace>
          </exception> <!-- org.openqa.selenium.TimeoutException -->
          <reporter-output>
          </reporter-output>
        </test-method> <!-- UploadCSVEditUploadMerge -->
        <test-method is-config="true" signature="tearDown(org.testng.ITestResult)[pri:0, instance:SiteTestCases.RecipientsTests.RecipientsPageTests@3932c79a]" started-at="2022-12-09T11:33:29 PKT" name="tearDown" finished-at="2022-12-09T11:33:29 PKT" duration-ms="199" status="PASS">
          <params>
            <param index="0">
              <value>
                <![CDATA[[TestResult name=UploadCSVEditUploadMerge status=FAILURE method=RecipientsPageTests.UploadCSVEditUploadMerge(java.lang.String,java.lang.String)[pri:0, instance:SiteTestCases.RecipientsTests.RecipientsPageTests@3932c79a] output={null}]]]>
              </value>
            </param>
          </params>
          <reporter-output>
          </reporter-output>
        </test-method> <!-- tearDown -->
        <test-method is-config="true" signature="closeDriver()[pri:0, instance:SiteTestCases.RecipientsTests.RecipientsPageTests@3932c79a]" started-at="2022-12-09T11:33:29 PKT" name="closeDriver" finished-at="2022-12-09T11:33:29 PKT" duration-ms="447" status="PASS">
          <reporter-output>
          </reporter-output>
        </test-method> <!-- closeDriver -->
      </class> <!-- SiteTestCases.RecipientsTests.RecipientsPageTests -->
    </test> <!-- UploadCSVEditUploadMerge -->
    <test started-at="2022-12-09T11:33:29 PKT" name="UploadCSVUnitGroup" finished-at="2022-12-09T11:35:04 PKT" duration-ms="94243">
      <class name="SiteTestCases.RecipientsTests.RecipientsPageTests">
        <test-method is-config="true" signature="initDriver(java.lang.String)[pri:0, instance:SiteTestCases.RecipientsTests.RecipientsPageTests@821330f]" started-at="2022-12-09T11:33:29 PKT" name="initDriver" finished-at="2022-12-09T11:33:31 PKT" duration-ms="2129" status="PASS">
          <params>
            <param index="0">
              <value>
                <![CDATA[Chrome]]>
              </value>
            </param>
          </params>
          <reporter-output>
          </reporter-output>
        </test-method> <!-- initDriver -->
        <test-method is-config="true" signature="initPageObjectClass1()[pri:0, instance:SiteTestCases.RecipientsTests.RecipientsPageTests@821330f]" started-at="2022-12-09T11:33:31 PKT" name="initPageObjectClass1" finished-at="2022-12-09T11:33:31 PKT" duration-ms="1" status="PASS">
          <reporter-output>
          </reporter-output>
        </test-method> <!-- initPageObjectClass1 -->
        <test-method is-config="true" signature="initPageObjectClass()[pri:0, instance:SiteTestCases.RecipientsTests.RecipientsPageTests@821330f]" started-at="2022-12-09T11:33:31 PKT" name="initPageObjectClass" finished-at="2022-12-09T11:33:31 PKT" duration-ms="0" status="PASS">
          <reporter-output>
          </reporter-output>
        </test-method> <!-- initPageObjectClass -->
        <test-method is-config="true" signature="initPageObjectClass2()[pri:0, instance:SiteTestCases.RecipientsTests.RecipientsPageTests@821330f]" started-at="2022-12-09T11:33:31 PKT" name="initPageObjectClass2" finished-at="2022-12-09T11:33:31 PKT" duration-ms="1" status="PASS">
          <reporter-output>
          </reporter-output>
        </test-method> <!-- initPageObjectClass2 -->
        <test-method is-config="true" signature="initPageObjectClass3()[pri:0, instance:SiteTestCases.RecipientsTests.RecipientsPageTests@821330f]" started-at="2022-12-09T11:33:31 PKT" name="initPageObjectClass3" finished-at="2022-12-09T11:33:31 PKT" duration-ms="1" status="PASS">
          <reporter-output>
          </reporter-output>
        </test-method> <!-- initPageObjectClass3 -->
        <test-method is-config="true" signature="initPageObjectClass4()[pri:0, instance:SiteTestCases.RecipientsTests.RecipientsPageTests@821330f]" started-at="2022-12-09T11:33:31 PKT" name="initPageObjectClass4" finished-at="2022-12-09T11:33:31 PKT" duration-ms="0" status="PASS">
          <reporter-output>
          </reporter-output>
        </test-method> <!-- initPageObjectClass4 -->
        <test-method signature="UploadCSVUnitGroup(java.lang.String)[pri:0, instance:SiteTestCases.RecipientsTests.RecipientsPageTests@821330f]" started-at="2022-12-09T11:33:31 PKT" name="UploadCSVUnitGroup" finished-at="2022-12-09T11:35:03 PKT" duration-ms="91355" status="PASS">
          <params>
            <param index="0">
              <value>
                <![CDATA[https://uat.portal.packagex.xyz/login]]>
              </value>
            </param>
          </params>
          <reporter-output>
          </reporter-output>
        </test-method> <!-- UploadCSVUnitGroup -->
        <test-method is-config="true" signature="tearDown(org.testng.ITestResult)[pri:0, instance:SiteTestCases.RecipientsTests.RecipientsPageTests@821330f]" started-at="2022-12-09T11:35:03 PKT" name="tearDown" finished-at="2022-12-09T11:35:03 PKT" duration-ms="0" status="PASS">
          <params>
            <param index="0">
              <value>
                <![CDATA[[TestResult name=UploadCSVUnitGroup status=SUCCESS method=RecipientsPageTests.UploadCSVUnitGroup(java.lang.String)[pri:0, instance:SiteTestCases.RecipientsTests.RecipientsPageTests@821330f] output={null}]]]>
              </value>
            </param>
          </params>
          <reporter-output>
          </reporter-output>
        </test-method> <!-- tearDown -->
        <test-method is-config="true" signature="closeDriver()[pri:0, instance:SiteTestCases.RecipientsTests.RecipientsPageTests@821330f]" started-at="2022-12-09T11:35:03 PKT" name="closeDriver" finished-at="2022-12-09T11:35:04 PKT" duration-ms="751" status="PASS">
          <reporter-output>
          </reporter-output>
        </test-method> <!-- closeDriver -->
      </class> <!-- SiteTestCases.RecipientsTests.RecipientsPageTests -->
    </test> <!-- UploadCSVUnitGroup -->
    <test started-at="2022-12-09T11:35:04 PKT" name="UploadCSVEmptyAlternateFields" finished-at="2022-12-09T11:36:59 PKT" duration-ms="115829">
      <class name="SiteTestCases.RecipientsTests.RecipientsPageTests">
        <test-method is-config="true" signature="initDriver(java.lang.String)[pri:0, instance:SiteTestCases.RecipientsTests.RecipientsPageTests@7857fe2]" started-at="2022-12-09T11:35:04 PKT" name="initDriver" finished-at="2022-12-09T11:35:05 PKT" duration-ms="1837" status="PASS">
          <params>
            <param index="0">
              <value>
                <![CDATA[Chrome]]>
              </value>
            </param>
          </params>
          <reporter-output>
          </reporter-output>
        </test-method> <!-- initDriver -->
        <test-method is-config="true" signature="initPageObjectClass()[pri:0, instance:SiteTestCases.RecipientsTests.RecipientsPageTests@7857fe2]" started-at="2022-12-09T11:35:05 PKT" name="initPageObjectClass" finished-at="2022-12-09T11:35:05 PKT" duration-ms="0" status="PASS">
          <reporter-output>
          </reporter-output>
        </test-method> <!-- initPageObjectClass -->
        <test-method is-config="true" signature="initPageObjectClass1()[pri:0, instance:SiteTestCases.RecipientsTests.RecipientsPageTests@7857fe2]" started-at="2022-12-09T11:35:05 PKT" name="initPageObjectClass1" finished-at="2022-12-09T11:35:05 PKT" duration-ms="0" status="PASS">
          <reporter-output>
          </reporter-output>
        </test-method> <!-- initPageObjectClass1 -->
        <test-method is-config="true" signature="initPageObjectClass2()[pri:0, instance:SiteTestCases.RecipientsTests.RecipientsPageTests@7857fe2]" started-at="2022-12-09T11:35:05 PKT" name="initPageObjectClass2" finished-at="2022-12-09T11:35:05 PKT" duration-ms="1" status="PASS">
          <reporter-output>
          </reporter-output>
        </test-method> <!-- initPageObjectClass2 -->
        <test-method is-config="true" signature="initPageObjectClass4()[pri:0, instance:SiteTestCases.RecipientsTests.RecipientsPageTests@7857fe2]" started-at="2022-12-09T11:35:05 PKT" name="initPageObjectClass4" finished-at="2022-12-09T11:35:05 PKT" duration-ms="1" status="PASS">
          <reporter-output>
          </reporter-output>
        </test-method> <!-- initPageObjectClass4 -->
        <test-method is-config="true" signature="initPageObjectClass3()[pri:0, instance:SiteTestCases.RecipientsTests.RecipientsPageTests@7857fe2]" started-at="2022-12-09T11:35:05 PKT" name="initPageObjectClass3" finished-at="2022-12-09T11:35:05 PKT" duration-ms="0" status="PASS">
          <reporter-output>
          </reporter-output>
        </test-method> <!-- initPageObjectClass3 -->
        <test-method signature="UploadCSVEmptyAlternateFields(java.lang.String)[pri:0, instance:SiteTestCases.RecipientsTests.RecipientsPageTests@7857fe2]" started-at="2022-12-09T11:35:05 PKT" name="UploadCSVEmptyAlternateFields" finished-at="2022-12-09T11:36:59 PKT" duration-ms="113614" status="PASS">
          <params>
            <param index="0">
              <value>
                <![CDATA[https://uat.portal.packagex.xyz/login]]>
              </value>
            </param>
          </params>
          <reporter-output>
          </reporter-output>
        </test-method> <!-- UploadCSVEmptyAlternateFields -->
        <test-method is-config="true" signature="tearDown(org.testng.ITestResult)[pri:0, instance:SiteTestCases.RecipientsTests.RecipientsPageTests@7857fe2]" started-at="2022-12-09T11:36:59 PKT" name="tearDown" finished-at="2022-12-09T11:36:59 PKT" duration-ms="1" status="PASS">
          <params>
            <param index="0">
              <value>
                <![CDATA[[TestResult name=UploadCSVEmptyAlternateFields status=SUCCESS method=RecipientsPageTests.UploadCSVEmptyAlternateFields(java.lang.String)[pri:0, instance:SiteTestCases.RecipientsTests.RecipientsPageTests@7857fe2] output={null}]]]>
              </value>
            </param>
          </params>
          <reporter-output>
          </reporter-output>
        </test-method> <!-- tearDown -->
        <test-method is-config="true" signature="closeDriver()[pri:0, instance:SiteTestCases.RecipientsTests.RecipientsPageTests@7857fe2]" started-at="2022-12-09T11:36:59 PKT" name="closeDriver" finished-at="2022-12-09T11:36:59 PKT" duration-ms="371" status="PASS">
          <reporter-output>
          </reporter-output>
        </test-method> <!-- closeDriver -->
      </class> <!-- SiteTestCases.RecipientsTests.RecipientsPageTests -->
    </test> <!-- UploadCSVEmptyAlternateFields -->
    <test started-at="2022-12-09T11:36:59 PKT" name="UploadCSVAlternateFields" finished-at="2022-12-09T11:38:41 PKT" duration-ms="101494">
      <class name="SiteTestCases.RecipientsTests.RecipientsPageTests">
        <test-method is-config="true" signature="initDriver(java.lang.String)[pri:0, instance:SiteTestCases.RecipientsTests.RecipientsPageTests@446a1e84]" started-at="2022-12-09T11:36:59 PKT" name="initDriver" finished-at="2022-12-09T11:37:01 PKT" duration-ms="1435" status="PASS">
          <params>
            <param index="0">
              <value>
                <![CDATA[Chrome]]>
              </value>
            </param>
          </params>
          <reporter-output>
          </reporter-output>
        </test-method> <!-- initDriver -->
        <test-method is-config="true" signature="initPageObjectClass()[pri:0, instance:SiteTestCases.RecipientsTests.RecipientsPageTests@446a1e84]" started-at="2022-12-09T11:37:01 PKT" name="initPageObjectClass" finished-at="2022-12-09T11:37:01 PKT" duration-ms="1" status="PASS">
          <reporter-output>
          </reporter-output>
        </test-method> <!-- initPageObjectClass -->
        <test-method is-config="true" signature="initPageObjectClass1()[pri:0, instance:SiteTestCases.RecipientsTests.RecipientsPageTests@446a1e84]" started-at="2022-12-09T11:37:01 PKT" name="initPageObjectClass1" finished-at="2022-12-09T11:37:01 PKT" duration-ms="1" status="PASS">
          <reporter-output>
          </reporter-output>
        </test-method> <!-- initPageObjectClass1 -->
        <test-method is-config="true" signature="initPageObjectClass2()[pri:0, instance:SiteTestCases.RecipientsTests.RecipientsPageTests@446a1e84]" started-at="2022-12-09T11:37:01 PKT" name="initPageObjectClass2" finished-at="2022-12-09T11:37:01 PKT" duration-ms="1" status="PASS">
          <reporter-output>
          </reporter-output>
        </test-method> <!-- initPageObjectClass2 -->
        <test-method is-config="true" signature="initPageObjectClass4()[pri:0, instance:SiteTestCases.RecipientsTests.RecipientsPageTests@446a1e84]" started-at="2022-12-09T11:37:01 PKT" name="initPageObjectClass4" finished-at="2022-12-09T11:37:01 PKT" duration-ms="1" status="PASS">
          <reporter-output>
          </reporter-output>
        </test-method> <!-- initPageObjectClass4 -->
        <test-method is-config="true" signature="initPageObjectClass3()[pri:0, instance:SiteTestCases.RecipientsTests.RecipientsPageTests@446a1e84]" started-at="2022-12-09T11:37:01 PKT" name="initPageObjectClass3" finished-at="2022-12-09T11:37:01 PKT" duration-ms="0" status="PASS">
          <reporter-output>
          </reporter-output>
        </test-method> <!-- initPageObjectClass3 -->
        <test-method signature="UploadCSVAlternateFields(java.lang.String)[pri:0, instance:SiteTestCases.RecipientsTests.RecipientsPageTests@446a1e84]" started-at="2022-12-09T11:37:01 PKT" name="UploadCSVAlternateFields" finished-at="2022-12-09T11:38:40 PKT" duration-ms="99548" status="PASS">
          <params>
            <param index="0">
              <value>
                <![CDATA[https://uat.portal.packagex.xyz/login]]>
              </value>
            </param>
          </params>
          <reporter-output>
          </reporter-output>
        </test-method> <!-- UploadCSVAlternateFields -->
        <test-method is-config="true" signature="tearDown(org.testng.ITestResult)[pri:0, instance:SiteTestCases.RecipientsTests.RecipientsPageTests@446a1e84]" started-at="2022-12-09T11:38:40 PKT" name="tearDown" finished-at="2022-12-09T11:38:40 PKT" duration-ms="1" status="PASS">
          <params>
            <param index="0">
              <value>
                <![CDATA[[TestResult name=UploadCSVAlternateFields status=SUCCESS method=RecipientsPageTests.UploadCSVAlternateFields(java.lang.String)[pri:0, instance:SiteTestCases.RecipientsTests.RecipientsPageTests@446a1e84] output={null}]]]>
              </value>
            </param>
          </params>
          <reporter-output>
          </reporter-output>
        </test-method> <!-- tearDown -->
        <test-method is-config="true" signature="closeDriver()[pri:0, instance:SiteTestCases.RecipientsTests.RecipientsPageTests@446a1e84]" started-at="2022-12-09T11:38:40 PKT" name="closeDriver" finished-at="2022-12-09T11:38:41 PKT" duration-ms="498" status="PASS">
          <reporter-output>
          </reporter-output>
        </test-method> <!-- closeDriver -->
      </class> <!-- SiteTestCases.RecipientsTests.RecipientsPageTests -->
    </test> <!-- UploadCSVAlternateFields -->
    <test started-at="2022-12-09T11:38:41 PKT" name="UploadCSVAlternateEmailDuplicate" finished-at="2022-12-09T11:39:59 PKT" duration-ms="78333">
      <class name="SiteTestCases.RecipientsTests.RecipientsPageTests">
        <test-method is-config="true" signature="initDriver(java.lang.String)[pri:0, instance:SiteTestCases.RecipientsTests.RecipientsPageTests@7139992f]" started-at="2022-12-09T11:38:41 PKT" name="initDriver" finished-at="2022-12-09T11:38:42 PKT" duration-ms="1303" status="PASS">
          <params>
            <param index="0">
              <value>
                <![CDATA[Chrome]]>
              </value>
            </param>
          </params>
          <reporter-output>
          </reporter-output>
        </test-method> <!-- initDriver -->
        <test-method is-config="true" signature="initPageObjectClass()[pri:0, instance:SiteTestCases.RecipientsTests.RecipientsPageTests@7139992f]" started-at="2022-12-09T11:38:42 PKT" name="initPageObjectClass" finished-at="2022-12-09T11:38:42 PKT" duration-ms="1" status="PASS">
          <reporter-output>
          </reporter-output>
        </test-method> <!-- initPageObjectClass -->
        <test-method is-config="true" signature="initPageObjectClass2()[pri:0, instance:SiteTestCases.RecipientsTests.RecipientsPageTests@7139992f]" started-at="2022-12-09T11:38:42 PKT" name="initPageObjectClass2" finished-at="2022-12-09T11:38:42 PKT" duration-ms="1" status="PASS">
          <reporter-output>
          </reporter-output>
        </test-method> <!-- initPageObjectClass2 -->
        <test-method is-config="true" signature="initPageObjectClass1()[pri:0, instance:SiteTestCases.RecipientsTests.RecipientsPageTests@7139992f]" started-at="2022-12-09T11:38:42 PKT" name="initPageObjectClass1" finished-at="2022-12-09T11:38:42 PKT" duration-ms="0" status="PASS">
          <reporter-output>
          </reporter-output>
        </test-method> <!-- initPageObjectClass1 -->
        <test-method is-config="true" signature="initPageObjectClass4()[pri:0, instance:SiteTestCases.RecipientsTests.RecipientsPageTests@7139992f]" started-at="2022-12-09T11:38:42 PKT" name="initPageObjectClass4" finished-at="2022-12-09T11:38:42 PKT" duration-ms="1" status="PASS">
          <reporter-output>
          </reporter-output>
        </test-method> <!-- initPageObjectClass4 -->
        <test-method is-config="true" signature="initPageObjectClass3()[pri:0, instance:SiteTestCases.RecipientsTests.RecipientsPageTests@7139992f]" started-at="2022-12-09T11:38:42 PKT" name="initPageObjectClass3" finished-at="2022-12-09T11:38:42 PKT" duration-ms="0" status="PASS">
          <reporter-output>
          </reporter-output>
        </test-method> <!-- initPageObjectClass3 -->
        <test-method signature="UploadCSVAlternateEmailDuplicate(java.lang.String)[pri:0, instance:SiteTestCases.RecipientsTests.RecipientsPageTests@7139992f]" started-at="2022-12-09T11:38:42 PKT" name="UploadCSVAlternateEmailDuplicate" finished-at="2022-12-09T11:39:58 PKT" duration-ms="76195" status="PASS">
          <params>
            <param index="0">
              <value>
                <![CDATA[https://uat.portal.packagex.xyz/login]]>
              </value>
            </param>
          </params>
          <reporter-output>
          </reporter-output>
        </test-method> <!-- UploadCSVAlternateEmailDuplicate -->
        <test-method is-config="true" signature="tearDown(org.testng.ITestResult)[pri:0, instance:SiteTestCases.RecipientsTests.RecipientsPageTests@7139992f]" started-at="2022-12-09T11:39:58 PKT" name="tearDown" finished-at="2022-12-09T11:39:58 PKT" duration-ms="2" status="PASS">
          <params>
            <param index="0">
              <value>
                <![CDATA[[TestResult name=UploadCSVAlternateEmailDuplicate status=SUCCESS method=RecipientsPageTests.UploadCSVAlternateEmailDuplicate(java.lang.String)[pri:0, instance:SiteTestCases.RecipientsTests.RecipientsPageTests@7139992f] output={null}]]]>
              </value>
            </param>
          </params>
          <reporter-output>
          </reporter-output>
        </test-method> <!-- tearDown -->
        <test-method is-config="true" signature="closeDriver()[pri:0, instance:SiteTestCases.RecipientsTests.RecipientsPageTests@7139992f]" started-at="2022-12-09T11:39:58 PKT" name="closeDriver" finished-at="2022-12-09T11:39:59 PKT" duration-ms="819" status="PASS">
          <reporter-output>
          </reporter-output>
        </test-method> <!-- closeDriver -->
      </class> <!-- SiteTestCases.RecipientsTests.RecipientsPageTests -->
    </test> <!-- UploadCSVAlternateEmailDuplicate -->
    <test started-at="2022-12-09T11:39:59 PKT" name="UploadCSVAlternateFieldsDuplicate" finished-at="2022-12-09T11:41:35 PKT" duration-ms="95842">
      <class name="SiteTestCases.RecipientsTests.RecipientsPageTests">
        <test-method is-config="true" signature="initDriver(java.lang.String)[pri:0, instance:SiteTestCases.RecipientsTests.RecipientsPageTests@57db2b13]" started-at="2022-12-09T11:39:59 PKT" name="initDriver" finished-at="2022-12-09T11:40:01 PKT" duration-ms="1317" status="PASS">
          <params>
            <param index="0">
              <value>
                <![CDATA[Chrome]]>
              </value>
            </param>
          </params>
          <reporter-output>
          </reporter-output>
        </test-method> <!-- initDriver -->
        <test-method is-config="true" signature="initPageObjectClass()[pri:0, instance:SiteTestCases.RecipientsTests.RecipientsPageTests@57db2b13]" started-at="2022-12-09T11:40:01 PKT" name="initPageObjectClass" finished-at="2022-12-09T11:40:01 PKT" duration-ms="0" status="PASS">
          <reporter-output>
          </reporter-output>
        </test-method> <!-- initPageObjectClass -->
        <test-method is-config="true" signature="initPageObjectClass1()[pri:0, instance:SiteTestCases.RecipientsTests.RecipientsPageTests@57db2b13]" started-at="2022-12-09T11:40:01 PKT" name="initPageObjectClass1" finished-at="2022-12-09T11:40:01 PKT" duration-ms="1" status="PASS">
          <reporter-output>
          </reporter-output>
        </test-method> <!-- initPageObjectClass1 -->
        <test-method is-config="true" signature="initPageObjectClass2()[pri:0, instance:SiteTestCases.RecipientsTests.RecipientsPageTests@57db2b13]" started-at="2022-12-09T11:40:01 PKT" name="initPageObjectClass2" finished-at="2022-12-09T11:40:01 PKT" duration-ms="1" status="PASS">
          <reporter-output>
          </reporter-output>
        </test-method> <!-- initPageObjectClass2 -->
        <test-method is-config="true" signature="initPageObjectClass3()[pri:0, instance:SiteTestCases.RecipientsTests.RecipientsPageTests@57db2b13]" started-at="2022-12-09T11:40:01 PKT" name="initPageObjectClass3" finished-at="2022-12-09T11:40:01 PKT" duration-ms="1" status="PASS">
          <reporter-output>
          </reporter-output>
        </test-method> <!-- initPageObjectClass3 -->
        <test-method is-config="true" signature="initPageObjectClass4()[pri:0, instance:SiteTestCases.RecipientsTests.RecipientsPageTests@57db2b13]" started-at="2022-12-09T11:40:01 PKT" name="initPageObjectClass4" finished-at="2022-12-09T11:40:01 PKT" duration-ms="1" status="PASS">
          <reporter-output>
          </reporter-output>
        </test-method> <!-- initPageObjectClass4 -->
        <test-method signature="UploadCSVAlternateFieldsDuplicate(java.lang.String)[pri:0, instance:SiteTestCases.RecipientsTests.RecipientsPageTests@57db2b13]" started-at="2022-12-09T11:40:01 PKT" name="UploadCSVAlternateFieldsDuplicate" finished-at="2022-12-09T11:41:35 PKT" duration-ms="94105" status="PASS">
          <params>
            <param index="0">
              <value>
                <![CDATA[https://uat.portal.packagex.xyz/login]]>
              </value>
            </param>
          </params>
          <reporter-output>
          </reporter-output>
        </test-method> <!-- UploadCSVAlternateFieldsDuplicate -->
        <test-method is-config="true" signature="tearDown(org.testng.ITestResult)[pri:0, instance:SiteTestCases.RecipientsTests.RecipientsPageTests@57db2b13]" started-at="2022-12-09T11:41:35 PKT" name="tearDown" finished-at="2022-12-09T11:41:35 PKT" duration-ms="0" status="PASS">
          <params>
            <param index="0">
              <value>
                <![CDATA[[TestResult name=UploadCSVAlternateFieldsDuplicate status=SUCCESS method=RecipientsPageTests.UploadCSVAlternateFieldsDuplicate(java.lang.String)[pri:0, instance:SiteTestCases.RecipientsTests.RecipientsPageTests@57db2b13] output={null}]]]>
              </value>
            </param>
          </params>
          <reporter-output>
          </reporter-output>
        </test-method> <!-- tearDown -->
        <test-method is-config="true" signature="closeDriver()[pri:0, instance:SiteTestCases.RecipientsTests.RecipientsPageTests@57db2b13]" started-at="2022-12-09T11:41:35 PKT" name="closeDriver" finished-at="2022-12-09T11:41:35 PKT" duration-ms="407" status="PASS">
          <reporter-output>
          </reporter-output>
        </test-method> <!-- closeDriver -->
      </class> <!-- SiteTestCases.RecipientsTests.RecipientsPageTests -->
    </test> <!-- UploadCSVAlternateFieldsDuplicate -->
    <test started-at="2022-12-09T11:41:35 PKT" name="Analytics" finished-at="2022-12-09T11:43:40 PKT" duration-ms="125257">
      <class name="SiteTestCases.AnalyticsTests.AnalyticsPageTests">
        <test-method is-config="true" signature="initDriver(java.lang.String)[pri:0, instance:SiteTestCases.AnalyticsTests.AnalyticsPageTests@7fb4f2a9]" started-at="2022-12-09T11:41:35 PKT" name="initDriver" finished-at="2022-12-09T11:41:37 PKT" duration-ms="1387" status="PASS">
          <params>
            <param index="0">
              <value>
                <![CDATA[Chrome]]>
              </value>
            </param>
          </params>
          <reporter-output>
          </reporter-output>
        </test-method> <!-- initDriver -->
        <test-method is-config="true" signature="initPageObjectClass()[pri:0, instance:SiteTestCases.AnalyticsTests.AnalyticsPageTests@7fb4f2a9]" started-at="2022-12-09T11:41:37 PKT" name="initPageObjectClass" finished-at="2022-12-09T11:41:37 PKT" duration-ms="0" status="PASS">
          <reporter-output>
          </reporter-output>
        </test-method> <!-- initPageObjectClass -->
        <test-method is-config="true" signature="initPageObjectClass1()[pri:0, instance:SiteTestCases.AnalyticsTests.AnalyticsPageTests@7fb4f2a9]" started-at="2022-12-09T11:41:37 PKT" name="initPageObjectClass1" finished-at="2022-12-09T11:41:37 PKT" duration-ms="0" status="PASS">
          <reporter-output>
          </reporter-output>
        </test-method> <!-- initPageObjectClass1 -->
        <test-method is-config="true" signature="initPageObjectClass2()[pri:0, instance:SiteTestCases.AnalyticsTests.AnalyticsPageTests@7fb4f2a9]" started-at="2022-12-09T11:41:37 PKT" name="initPageObjectClass2" finished-at="2022-12-09T11:41:37 PKT" duration-ms="19" status="PASS">
          <reporter-output>
          </reporter-output>
        </test-method> <!-- initPageObjectClass2 -->
        <test-method signature="Analytics(java.lang.String)[pri:0, instance:SiteTestCases.AnalyticsTests.AnalyticsPageTests@7fb4f2a9]" started-at="2022-12-09T11:41:37 PKT" name="Analytics" finished-at="2022-12-09T11:43:40 PKT" duration-ms="123402" status="PASS">
          <params>
            <param index="0">
              <value>
                <![CDATA[https://qa.portal.packagex.xyz/login]]>
              </value>
            </param>
          </params>
          <reporter-output>
          </reporter-output>
        </test-method> <!-- Analytics -->
        <test-method is-config="true" signature="tearDown(org.testng.ITestResult)[pri:0, instance:SiteTestCases.AnalyticsTests.AnalyticsPageTests@7fb4f2a9]" started-at="2022-12-09T11:43:40 PKT" name="tearDown" finished-at="2022-12-09T11:43:40 PKT" duration-ms="0" status="PASS">
          <params>
            <param index="0">
              <value>
                <![CDATA[[TestResult name=Analytics status=SUCCESS method=AnalyticsPageTests.Analytics(java.lang.String)[pri:0, instance:SiteTestCases.AnalyticsTests.AnalyticsPageTests@7fb4f2a9] output={null}]]]>
              </value>
            </param>
          </params>
          <reporter-output>
          </reporter-output>
        </test-method> <!-- tearDown -->
        <test-method is-config="true" signature="closeDriver()[pri:0, instance:SiteTestCases.AnalyticsTests.AnalyticsPageTests@7fb4f2a9]" started-at="2022-12-09T11:43:40 PKT" name="closeDriver" finished-at="2022-12-09T11:43:40 PKT" duration-ms="443" status="PASS">
          <reporter-output>
          </reporter-output>
        </test-method> <!-- closeDriver -->
      </class> <!-- SiteTestCases.AnalyticsTests.AnalyticsPageTests -->
    </test> <!-- Analytics -->
    <test started-at="2022-12-09T11:43:40 PKT" name="GlobalSearch" finished-at="2022-12-09T11:44:50 PKT" duration-ms="69845">
      <class name="SiteTestCases.AnalyticsTests.AnalyticsPageTests">
        <test-method is-config="true" signature="initDriver(java.lang.String)[pri:0, instance:SiteTestCases.AnalyticsTests.AnalyticsPageTests@7bbc8656]" started-at="2022-12-09T11:43:40 PKT" name="initDriver" finished-at="2022-12-09T11:43:42 PKT" duration-ms="1239" status="PASS">
          <params>
            <param index="0">
              <value>
                <![CDATA[Chrome]]>
              </value>
            </param>
          </params>
          <reporter-output>
          </reporter-output>
        </test-method> <!-- initDriver -->
        <test-method is-config="true" signature="initPageObjectClass1()[pri:0, instance:SiteTestCases.AnalyticsTests.AnalyticsPageTests@7bbc8656]" started-at="2022-12-09T11:43:42 PKT" name="initPageObjectClass1" finished-at="2022-12-09T11:43:42 PKT" duration-ms="1" status="PASS">
          <reporter-output>
          </reporter-output>
        </test-method> <!-- initPageObjectClass1 -->
        <test-method is-config="true" signature="initPageObjectClass()[pri:0, instance:SiteTestCases.AnalyticsTests.AnalyticsPageTests@7bbc8656]" started-at="2022-12-09T11:43:42 PKT" name="initPageObjectClass" finished-at="2022-12-09T11:43:42 PKT" duration-ms="0" status="PASS">
          <reporter-output>
          </reporter-output>
        </test-method> <!-- initPageObjectClass -->
        <test-method is-config="true" signature="initPageObjectClass2()[pri:0, instance:SiteTestCases.AnalyticsTests.AnalyticsPageTests@7bbc8656]" started-at="2022-12-09T11:43:42 PKT" name="initPageObjectClass2" finished-at="2022-12-09T11:43:42 PKT" duration-ms="0" status="PASS">
          <reporter-output>
          </reporter-output>
        </test-method> <!-- initPageObjectClass2 -->
        <test-method signature="GlobalSearch(java.lang.String)[pri:0, instance:SiteTestCases.AnalyticsTests.AnalyticsPageTests@7bbc8656]" started-at="2022-12-09T11:43:42 PKT" name="GlobalSearch" finished-at="2022-12-09T11:44:50 PKT" duration-ms="68311" status="PASS">
          <params>
            <param index="0">
              <value>
                <![CDATA[https://qa.portal.packagex.xyz/login]]>
              </value>
            </param>
          </params>
          <reporter-output>
          </reporter-output>
        </test-method> <!-- GlobalSearch -->
        <test-method is-config="true" signature="tearDown(org.testng.ITestResult)[pri:0, instance:SiteTestCases.AnalyticsTests.AnalyticsPageTests@7bbc8656]" started-at="2022-12-09T11:44:50 PKT" name="tearDown" finished-at="2022-12-09T11:44:50 PKT" duration-ms="5" status="PASS">
          <params>
            <param index="0">
              <value>
                <![CDATA[[TestResult name=GlobalSearch status=SUCCESS method=AnalyticsPageTests.GlobalSearch(java.lang.String)[pri:0, instance:SiteTestCases.AnalyticsTests.AnalyticsPageTests@7bbc8656] output={null}]]]>
              </value>
            </param>
          </params>
          <reporter-output>
          </reporter-output>
        </test-method> <!-- tearDown -->
        <test-method is-config="true" signature="closeDriver()[pri:0, instance:SiteTestCases.AnalyticsTests.AnalyticsPageTests@7bbc8656]" started-at="2022-12-09T11:44:50 PKT" name="closeDriver" finished-at="2022-12-09T11:44:50 PKT" duration-ms="283" status="PASS">
          <reporter-output>
          </reporter-output>
        </test-method> <!-- closeDriver -->
      </class> <!-- SiteTestCases.AnalyticsTests.AnalyticsPageTests -->
    </test> <!-- GlobalSearch -->
    <test started-at="2022-12-09T11:44:50 PKT" name="SignInOptions_EnableMagicLink" finished-at="2022-12-09T11:45:54 PKT" duration-ms="63780">
      <class name="SiteTestCases.SettingsTests.CompanyManagementTests.CompanyManagementTestsPage">
        <test-method is-config="true" signature="initDriver(java.lang.String)[pri:0, instance:SiteTestCases.SettingsTests.CompanyManagementTests.CompanyManagementTestsPage@3aa078fd]" started-at="2022-12-09T11:44:50 PKT" name="initDriver" finished-at="2022-12-09T11:44:51 PKT" duration-ms="1214" status="PASS">
          <params>
            <param index="0">
              <value>
                <![CDATA[Chrome]]>
              </value>
            </param>
          </params>
          <reporter-output>
          </reporter-output>
        </test-method> <!-- initDriver -->
        <test-method is-config="true" signature="initPageObjectClass()[pri:0, instance:SiteTestCases.SettingsTests.CompanyManagementTests.CompanyManagementTestsPage@3aa078fd]" started-at="2022-12-09T11:44:51 PKT" name="initPageObjectClass" finished-at="2022-12-09T11:44:51 PKT" duration-ms="2" status="PASS">
          <reporter-output>
          </reporter-output>
        </test-method> <!-- initPageObjectClass -->
        <test-method is-config="true" signature="initPageObjectClass2()[pri:0, instance:SiteTestCases.SettingsTests.CompanyManagementTests.CompanyManagementTestsPage@3aa078fd]" started-at="2022-12-09T11:44:51 PKT" name="initPageObjectClass2" finished-at="2022-12-09T11:44:51 PKT" duration-ms="17" status="PASS">
          <reporter-output>
          </reporter-output>
        </test-method> <!-- initPageObjectClass2 -->
        <test-method is-config="true" signature="initPageObjectClass1()[pri:0, instance:SiteTestCases.SettingsTests.CompanyManagementTests.CompanyManagementTestsPage@3aa078fd]" started-at="2022-12-09T11:44:51 PKT" name="initPageObjectClass1" finished-at="2022-12-09T11:44:51 PKT" duration-ms="0" status="PASS">
          <reporter-output>
          </reporter-output>
        </test-method> <!-- initPageObjectClass1 -->
        <test-method is-config="true" signature="initPageObjectClass3()[pri:0, instance:SiteTestCases.SettingsTests.CompanyManagementTests.CompanyManagementTestsPage@3aa078fd]" started-at="2022-12-09T11:44:51 PKT" name="initPageObjectClass3" finished-at="2022-12-09T11:44:51 PKT" duration-ms="2" status="PASS">
          <reporter-output>
          </reporter-output>
        </test-method> <!-- initPageObjectClass3 -->
        <test-method is-config="true" signature="initPageObjectClass4()[pri:0, instance:SiteTestCases.SettingsTests.CompanyManagementTests.CompanyManagementTestsPage@3aa078fd]" started-at="2022-12-09T11:44:51 PKT" name="initPageObjectClass4" finished-at="2022-12-09T11:44:51 PKT" duration-ms="1" status="PASS">
          <reporter-output>
          </reporter-output>
        </test-method> <!-- initPageObjectClass4 -->
        <test-method signature="SignInOptions_EnableMagicLink(java.lang.String)[pri:0, instance:SiteTestCases.SettingsTests.CompanyManagementTests.CompanyManagementTestsPage@3aa078fd]" started-at="2022-12-09T11:44:51 PKT" name="SignInOptions_EnableMagicLink" finished-at="2022-12-09T11:45:54 PKT" duration-ms="62205" status="PASS">
          <params>
            <param index="0">
              <value>
                <![CDATA[https://qa.portal.packagex.xyz/login]]>
              </value>
            </param>
          </params>
          <reporter-output>
          </reporter-output>
        </test-method> <!-- SignInOptions_EnableMagicLink -->
        <test-method is-config="true" signature="closeDriver()[pri:0, instance:SiteTestCases.SettingsTests.CompanyManagementTests.CompanyManagementTestsPage@3aa078fd]" started-at="2022-12-09T11:45:54 PKT" name="closeDriver" finished-at="2022-12-09T11:45:54 PKT" duration-ms="334" status="PASS">
          <reporter-output>
          </reporter-output>
        </test-method> <!-- closeDriver -->
        <test-method is-config="true" signature="tearDown(org.testng.ITestResult)[pri:0, instance:SiteTestCases.SettingsTests.CompanyManagementTests.CompanyManagementTestsPage@3aa078fd]" started-at="2022-12-09T11:45:54 PKT" name="tearDown" finished-at="2022-12-09T11:45:54 PKT" duration-ms="0" status="PASS">
          <params>
            <param index="0">
              <value>
                <![CDATA[[TestResult name=SignInOptions_EnableMagicLink status=SUCCESS method=CompanyManagementTestsPage.SignInOptions_EnableMagicLink(java.lang.String)[pri:0, instance:SiteTestCases.SettingsTests.CompanyManagementTests.CompanyManagementTestsPage@3aa078fd] output={null}]]]>
              </value>
            </param>
          </params>
          <reporter-output>
          </reporter-output>
        </test-method> <!-- tearDown -->
      </class> <!-- SiteTestCases.SettingsTests.CompanyManagementTests.CompanyManagementTestsPage -->
    </test> <!-- SignInOptions_EnableMagicLink -->
    <test started-at="2022-12-09T11:45:54 PKT" name="CreateNewWorkflow" finished-at="2022-12-09T11:46:49 PKT" duration-ms="54756">
      <class name="SiteTestCases.SettingsTests.WorkflowsTests.WorkflowsPageTests">
        <test-method is-config="true" signature="initDriver(java.lang.String)[pri:0, instance:SiteTestCases.SettingsTests.WorkflowsTests.WorkflowsPageTests@14bdbc74]" started-at="2022-12-09T11:45:54 PKT" name="initDriver" finished-at="2022-12-09T11:45:55 PKT" duration-ms="1220" status="PASS">
          <params>
            <param index="0">
              <value>
                <![CDATA[Chrome]]>
              </value>
            </param>
          </params>
          <reporter-output>
          </reporter-output>
        </test-method> <!-- initDriver -->
        <test-method is-config="true" signature="initPageObjectClass()[pri:0, instance:SiteTestCases.SettingsTests.WorkflowsTests.WorkflowsPageTests@14bdbc74]" started-at="2022-12-09T11:45:55 PKT" name="initPageObjectClass" finished-at="2022-12-09T11:45:55 PKT" duration-ms="0" status="PASS">
          <reporter-output>
          </reporter-output>
        </test-method> <!-- initPageObjectClass -->
        <test-method is-config="true" signature="initPageObjectClass1()[pri:0, instance:SiteTestCases.SettingsTests.WorkflowsTests.WorkflowsPageTests@14bdbc74]" started-at="2022-12-09T11:45:55 PKT" name="initPageObjectClass1" finished-at="2022-12-09T11:45:55 PKT" duration-ms="1" status="PASS">
          <reporter-output>
          </reporter-output>
        </test-method> <!-- initPageObjectClass1 -->
        <test-method is-config="true" signature="initPageObjectClass2()[pri:0, instance:SiteTestCases.SettingsTests.WorkflowsTests.WorkflowsPageTests@14bdbc74]" started-at="2022-12-09T11:45:55 PKT" name="initPageObjectClass2" finished-at="2022-12-09T11:45:55 PKT" duration-ms="23" status="PASS">
          <reporter-output>
          </reporter-output>
        </test-method> <!-- initPageObjectClass2 -->
        <test-method is-config="true" signature="initPageObjectClass3()[pri:0, instance:SiteTestCases.SettingsTests.WorkflowsTests.WorkflowsPageTests@14bdbc74]" started-at="2022-12-09T11:45:55 PKT" name="initPageObjectClass3" finished-at="2022-12-09T11:45:55 PKT" duration-ms="2" status="PASS">
          <reporter-output>
          </reporter-output>
        </test-method> <!-- initPageObjectClass3 -->
        <test-method is-config="true" signature="initPageObjectClass4()[pri:0, instance:SiteTestCases.SettingsTests.WorkflowsTests.WorkflowsPageTests@14bdbc74]" started-at="2022-12-09T11:45:55 PKT" name="initPageObjectClass4" finished-at="2022-12-09T11:45:55 PKT" duration-ms="1" status="PASS">
          <reporter-output>
          </reporter-output>
        </test-method> <!-- initPageObjectClass4 -->
        <test-method is-config="true" signature="initPageObjectClass5()[pri:0, instance:SiteTestCases.SettingsTests.WorkflowsTests.WorkflowsPageTests@14bdbc74]" started-at="2022-12-09T11:45:55 PKT" name="initPageObjectClass5" finished-at="2022-12-09T11:45:55 PKT" duration-ms="13" status="PASS">
          <reporter-output>
          </reporter-output>
        </test-method> <!-- initPageObjectClass5 -->
        <test-method signature="CreateNewWorkflow(java.lang.String)[pri:0, instance:SiteTestCases.SettingsTests.WorkflowsTests.WorkflowsPageTests@14bdbc74]" started-at="2022-12-09T11:45:55 PKT" name="CreateNewWorkflow" finished-at="2022-12-09T11:46:48 PKT" duration-ms="52905" status="FAIL">
          <params>
            <param index="0">
              <value>
                <![CDATA[https://qa.portal.packagex.xyz/login]]>
              </value>
            </param>
          </params>
          <exception class="org.openqa.selenium.NoSuchElementException">
            <message>
              <![CDATA[no such element: Unable to locate element: {"method":"xpath","selector":"//div[contains(@style,'rgb(151, 160, 175);')]/span[text()='Bar Code']"}
  (Session info: chrome=107.0.5304.107)
For documentation on this error, please visit: https://selenium.dev/exceptions/#no_such_element
Build info: version: '4.1.2', revision: '9a5a329c5a'
System info: host: 'QA', ip: '192.168.7.189', os.name: 'Windows 10', os.arch: 'amd64', os.version: '10.0', java.version: '17.0.4.1'
Driver info: org.openqa.selenium.chrome.ChromeDriver
Command: [7cee4088f9c4f07d34c48bd54fe00257, findElement {using=xpath, value=//div[contains(@style,'rgb(151, 160, 175);')]/span[text()='Bar Code']}]
Capabilities {acceptInsecureCerts: false, browserName: chrome, browserVersion: 107.0.5304.107, chrome: {chromedriverVersion: 107.0.5304.62 (1eec40d3a576..., userDataDir: C:\Users\QA131F~1.USE\AppDa...}, goog:chromeOptions: {debuggerAddress: localhost:62716}, javascriptEnabled: true, networkConnectionEnabled: false, pageLoadStrategy: normal, platform: WINDOWS, platformName: WINDOWS, proxy: Proxy(), se:cdp: ws://localhost:62716/devtoo..., se:cdpVersion: 107.0.5304.107, setWindowRect: true, strictFileInteractability: false, timeouts: {implicit: 0, pageLoad: 300000, script: 30000}, unhandledPromptBehavior: dismiss and notify, webauthn:extension:credBlob: true, webauthn:extension:largeBlob: true, webauthn:virtualAuthenticators: true}
Session ID: 7cee4088f9c4f07d34c48bd54fe00257]]>
            </message>
            <full-stacktrace>
              <![CDATA[org.openqa.selenium.NoSuchElementException: no such element: Unable to locate element: {"method":"xpath","selector":"//div[contains(@style,'rgb(151, 160, 175);')]/span[text()='Bar Code']"}
  (Session info: chrome=107.0.5304.107)
For documentation on this error, please visit: https://selenium.dev/exceptions/#no_such_element
Build info: version: '4.1.2', revision: '9a5a329c5a'
System info: host: 'QA', ip: '192.168.7.189', os.name: 'Windows 10', os.arch: 'amd64', os.version: '10.0', java.version: '17.0.4.1'
Driver info: org.openqa.selenium.chrome.ChromeDriver
Command: [7cee4088f9c4f07d34c48bd54fe00257, findElement {using=xpath, value=//div[contains(@style,'rgb(151, 160, 175);')]/span[text()='Bar Code']}]
Capabilities {acceptInsecureCerts: false, browserName: chrome, browserVersion: 107.0.5304.107, chrome: {chromedriverVersion: 107.0.5304.62 (1eec40d3a576..., userDataDir: C:\Users\QA131F~1.USE\AppDa...}, goog:chromeOptions: {debuggerAddress: localhost:62716}, javascriptEnabled: true, networkConnectionEnabled: false, pageLoadStrategy: normal, platform: WINDOWS, platformName: WINDOWS, proxy: Proxy(), se:cdp: ws://localhost:62716/devtoo..., se:cdpVersion: 107.0.5304.107, setWindowRect: true, strictFileInteractability: false, timeouts: {implicit: 0, pageLoad: 300000, script: 30000}, unhandledPromptBehavior: dismiss and notify, webauthn:extension:credBlob: true, webauthn:extension:largeBlob: true, webauthn:virtualAuthenticators: true}
Session ID: 7cee4088f9c4f07d34c48bd54fe00257
at jdk.internal.reflect.GeneratedConstructorAccessor23.newInstance(Unknown Source)
at java.base/jdk.internal.reflect.DelegatingConstructorAccessorImpl.newInstance(DelegatingConstructorAccessorImpl.java:45)
at java.base/java.lang.reflect.Constructor.newInstanceWithCaller(Constructor.java:499)
at java.base/java.lang.reflect.Constructor.newInstance(Constructor.java:480)
at org.openqa.selenium.remote.codec.w3c.W3CHttpResponseCodec.createException(W3CHttpResponseCodec.java:200)
at org.openqa.selenium.remote.codec.w3c.W3CHttpResponseCodec.decode(W3CHttpResponseCodec.java:133)
at org.openqa.selenium.remote.codec.w3c.W3CHttpResponseCodec.decode(W3CHttpResponseCodec.java:53)
at org.openqa.selenium.remote.HttpCommandExecutor.execute(HttpCommandExecutor.java:184)
at org.openqa.selenium.remote.service.DriverCommandExecutor.invokeExecute(DriverCommandExecutor.java:164)
at org.openqa.selenium.remote.service.DriverCommandExecutor.execute(DriverCommandExecutor.java:139)
at org.openqa.selenium.remote.RemoteWebDriver.execute(RemoteWebDriver.java:559)
at org.openqa.selenium.remote.ElementLocation$ElementFinder$2.findElement(ElementLocation.java:162)
at org.openqa.selenium.remote.ElementLocation.findElement(ElementLocation.java:60)
at org.openqa.selenium.remote.RemoteWebDriver.findElement(RemoteWebDriver.java:383)
at org.openqa.selenium.remote.RemoteWebDriver.findElement(RemoteWebDriver.java:375)
at org.openqa.selenium.support.pagefactory.DefaultElementLocator.findElement(DefaultElementLocator.java:70)
at org.openqa.selenium.support.pagefactory.internal.LocatingElementHandler.invoke(LocatingElementHandler.java:39)
at jdk.proxy2/jdk.proxy2.$Proxy22.isDisplayed(Unknown Source)
at Settings.Workflows.WorkflowsPage.unSelectAddOnsPackageXCam(WorkflowsPage.java:236)
at Settings.Workflows.WorkflowsPage.customizeAWorkflow(WorkflowsPage.java:499)
at SiteTestCases.SettingsTests.WorkflowsTests.WorkflowsPageTests.CreateNewWorkflow(WorkflowsPageTests.java:58)
at java.base/jdk.internal.reflect.NativeMethodAccessorImpl.invoke0(Native Method)
at java.base/jdk.internal.reflect.NativeMethodAccessorImpl.invoke(NativeMethodAccessorImpl.java:77)
at java.base/jdk.internal.reflect.DelegatingMethodAccessorImpl.invoke(DelegatingMethodAccessorImpl.java:43)
at java.base/java.lang.reflect.Method.invoke(Method.java:568)
at org.testng.internal.MethodInvocationHelper.invokeMethod(MethodInvocationHelper.java:133)
at org.testng.internal.TestInvoker.invokeMethod(TestInvoker.java:598)
at org.testng.internal.TestInvoker.invokeTestMethod(TestInvoker.java:173)
at org.testng.internal.MethodRunner.runInSequence(MethodRunner.java:46)
at org.testng.internal.TestInvoker$MethodInvocationAgent.invoke(TestInvoker.java:824)
at org.testng.internal.TestInvoker.invokeTestMethods(TestInvoker.java:146)
at org.testng.internal.TestMethodWorker.invokeTestMethods(TestMethodWorker.java:146)
at org.testng.internal.TestMethodWorker.run(TestMethodWorker.java:128)
at java.base/java.util.ArrayList.forEach(ArrayList.java:1511)
at org.testng.TestRunner.privateRun(TestRunner.java:794)
at org.testng.TestRunner.run(TestRunner.java:596)
at org.testng.SuiteRunner.runTest(SuiteRunner.java:377)
at org.testng.SuiteRunner.runSequentially(SuiteRunner.java:371)
at org.testng.SuiteRunner.privateRun(SuiteRunner.java:332)
at org.testng.SuiteRunner.run(SuiteRunner.java:276)
at org.testng.SuiteRunnerWorker.runSuite(SuiteRunnerWorker.java:53)
at org.testng.SuiteRunnerWorker.run(SuiteRunnerWorker.java:96)
at org.testng.TestNG.runSuitesSequentially(TestNG.java:1212)
at org.testng.TestNG.runSuitesLocally(TestNG.java:1134)
at org.testng.TestNG.runSuites(TestNG.java:1063)
at org.testng.TestNG.run(TestNG.java:1031)
at org.testng.remote.AbstractRemoteTestNG.run(AbstractRemoteTestNG.java:115)
at org.testng.remote.RemoteTestNG.initAndRun(RemoteTestNG.java:251)
at org.testng.remote.RemoteTestNG.main(RemoteTestNG.java:77)
]]>
            </full-stacktrace>
          </exception> <!-- org.openqa.selenium.NoSuchElementException -->
          <reporter-output>
          </reporter-output>
        </test-method> <!-- CreateNewWorkflow -->
        <test-method is-config="true" signature="tearDown(org.testng.ITestResult)[pri:0, instance:SiteTestCases.SettingsTests.WorkflowsTests.WorkflowsPageTests@14bdbc74]" started-at="2022-12-09T11:46:48 PKT" name="tearDown" finished-at="2022-12-09T11:46:48 PKT" duration-ms="216" status="PASS">
          <params>
            <param index="0">
              <value>
                <![CDATA[[TestResult name=CreateNewWorkflow status=FAILURE method=WorkflowsPageTests.CreateNewWorkflow(java.lang.String)[pri:0, instance:SiteTestCases.SettingsTests.WorkflowsTests.WorkflowsPageTests@14bdbc74] output={null}]]]>
              </value>
            </param>
          </params>
          <reporter-output>
          </reporter-output>
        </test-method> <!-- tearDown -->
        <test-method is-config="true" signature="closeDriver()[pri:0, instance:SiteTestCases.SettingsTests.WorkflowsTests.WorkflowsPageTests@14bdbc74]" started-at="2022-12-09T11:46:48 PKT" name="closeDriver" finished-at="2022-12-09T11:46:49 PKT" duration-ms="374" status="PASS">
          <reporter-output>
          </reporter-output>
        </test-method> <!-- closeDriver -->
      </class> <!-- SiteTestCases.SettingsTests.WorkflowsTests.WorkflowsPageTests -->
    </test> <!-- CreateNewWorkflow -->
    <test started-at="2022-12-09T11:46:49 PKT" name="CustomizeTemplates" finished-at="2022-12-09T11:47:22 PKT" duration-ms="33328">
      <class name="SiteTestCases.SettingsTests.WorkflowsTests.WorkflowsPageTests">
        <test-method is-config="true" signature="initDriver(java.lang.String)[pri:0, instance:SiteTestCases.SettingsTests.WorkflowsTests.WorkflowsPageTests@465232e9]" started-at="2022-12-09T11:46:49 PKT" name="initDriver" finished-at="2022-12-09T11:46:50 PKT" duration-ms="1289" status="PASS">
          <params>
            <param index="0">
              <value>
                <![CDATA[Chrome]]>
              </value>
            </param>
          </params>
          <reporter-output>
          </reporter-output>
        </test-method> <!-- initDriver -->
        <test-method is-config="true" signature="initPageObjectClass()[pri:0, instance:SiteTestCases.SettingsTests.WorkflowsTests.WorkflowsPageTests@465232e9]" started-at="2022-12-09T11:46:50 PKT" name="initPageObjectClass" finished-at="2022-12-09T11:46:50 PKT" duration-ms="1" status="PASS">
          <reporter-output>
          </reporter-output>
        </test-method> <!-- initPageObjectClass -->
        <test-method is-config="true" signature="initPageObjectClass2()[pri:0, instance:SiteTestCases.SettingsTests.WorkflowsTests.WorkflowsPageTests@465232e9]" started-at="2022-12-09T11:46:50 PKT" name="initPageObjectClass2" finished-at="2022-12-09T11:46:50 PKT" duration-ms="0" status="PASS">
          <reporter-output>
          </reporter-output>
        </test-method> <!-- initPageObjectClass2 -->
        <test-method is-config="true" signature="initPageObjectClass3()[pri:0, instance:SiteTestCases.SettingsTests.WorkflowsTests.WorkflowsPageTests@465232e9]" started-at="2022-12-09T11:46:50 PKT" name="initPageObjectClass3" finished-at="2022-12-09T11:46:50 PKT" duration-ms="1" status="PASS">
          <reporter-output>
          </reporter-output>
        </test-method> <!-- initPageObjectClass3 -->
        <test-method is-config="true" signature="initPageObjectClass1()[pri:0, instance:SiteTestCases.SettingsTests.WorkflowsTests.WorkflowsPageTests@465232e9]" started-at="2022-12-09T11:46:50 PKT" name="initPageObjectClass1" finished-at="2022-12-09T11:46:50 PKT" duration-ms="0" status="PASS">
          <reporter-output>
          </reporter-output>
        </test-method> <!-- initPageObjectClass1 -->
        <test-method is-config="true" signature="initPageObjectClass4()[pri:0, instance:SiteTestCases.SettingsTests.WorkflowsTests.WorkflowsPageTests@465232e9]" started-at="2022-12-09T11:46:50 PKT" name="initPageObjectClass4" finished-at="2022-12-09T11:46:50 PKT" duration-ms="0" status="PASS">
          <reporter-output>
          </reporter-output>
        </test-method> <!-- initPageObjectClass4 -->
        <test-method is-config="true" signature="initPageObjectClass5()[pri:0, instance:SiteTestCases.SettingsTests.WorkflowsTests.WorkflowsPageTests@465232e9]" started-at="2022-12-09T11:46:50 PKT" name="initPageObjectClass5" finished-at="2022-12-09T11:46:50 PKT" duration-ms="0" status="PASS">
          <reporter-output>
          </reporter-output>
        </test-method> <!-- initPageObjectClass5 -->
        <test-method signature="CustomizeTemplates(java.lang.String)[pri:0, instance:SiteTestCases.SettingsTests.WorkflowsTests.WorkflowsPageTests@465232e9]" started-at="2022-12-09T11:46:50 PKT" name="CustomizeTemplates" finished-at="2022-12-09T11:47:22 PKT" duration-ms="31726" status="PASS">
          <params>
            <param index="0">
              <value>
                <![CDATA[https://qa.portal.packagex.xyz/login]]>
              </value>
            </param>
          </params>
          <reporter-output>
          </reporter-output>
        </test-method> <!-- CustomizeTemplates -->
        <test-method is-config="true" signature="tearDown(org.testng.ITestResult)[pri:0, instance:SiteTestCases.SettingsTests.WorkflowsTests.WorkflowsPageTests@465232e9]" started-at="2022-12-09T11:47:22 PKT" name="tearDown" finished-at="2022-12-09T11:47:22 PKT" duration-ms="0" status="PASS">
          <params>
            <param index="0">
              <value>
                <![CDATA[[TestResult name=CustomizeTemplates status=SUCCESS method=WorkflowsPageTests.CustomizeTemplates(java.lang.String)[pri:0, instance:SiteTestCases.SettingsTests.WorkflowsTests.WorkflowsPageTests@465232e9] output={null}]]]>
              </value>
            </param>
          </params>
          <reporter-output>
          </reporter-output>
        </test-method> <!-- tearDown -->
        <test-method is-config="true" signature="closeDriver()[pri:0, instance:SiteTestCases.SettingsTests.WorkflowsTests.WorkflowsPageTests@465232e9]" started-at="2022-12-09T11:47:22 PKT" name="closeDriver" finished-at="2022-12-09T11:47:22 PKT" duration-ms="305" status="PASS">
          <reporter-output>
          </reporter-output>
        </test-method> <!-- closeDriver -->
      </class> <!-- SiteTestCases.SettingsTests.WorkflowsTests.WorkflowsPageTests -->
    </test> <!-- CustomizeTemplates -->
    <test started-at="2022-12-09T11:47:22 PKT" name="PreviewCustomize" finished-at="2022-12-09T11:47:57 PKT" duration-ms="34746">
      <class name="SiteTestCases.SettingsTests.WorkflowsTests.WorkflowsPageTests">
        <test-method is-config="true" signature="initDriver(java.lang.String)[pri:0, instance:SiteTestCases.SettingsTests.WorkflowsTests.WorkflowsPageTests@660acfb]" started-at="2022-12-09T11:47:22 PKT" name="initDriver" finished-at="2022-12-09T11:47:23 PKT" duration-ms="1159" status="PASS">
          <params>
            <param index="0">
              <value>
                <![CDATA[Chrome]]>
              </value>
            </param>
          </params>
          <reporter-output>
          </reporter-output>
        </test-method> <!-- initDriver -->
        <test-method is-config="true" signature="initPageObjectClass1()[pri:0, instance:SiteTestCases.SettingsTests.WorkflowsTests.WorkflowsPageTests@660acfb]" started-at="2022-12-09T11:47:23 PKT" name="initPageObjectClass1" finished-at="2022-12-09T11:47:23 PKT" duration-ms="0" status="PASS">
          <reporter-output>
          </reporter-output>
        </test-method> <!-- initPageObjectClass1 -->
        <test-method is-config="true" signature="initPageObjectClass()[pri:0, instance:SiteTestCases.SettingsTests.WorkflowsTests.WorkflowsPageTests@660acfb]" started-at="2022-12-09T11:47:23 PKT" name="initPageObjectClass" finished-at="2022-12-09T11:47:23 PKT" duration-ms="0" status="PASS">
          <reporter-output>
          </reporter-output>
        </test-method> <!-- initPageObjectClass -->
        <test-method is-config="true" signature="initPageObjectClass2()[pri:0, instance:SiteTestCases.SettingsTests.WorkflowsTests.WorkflowsPageTests@660acfb]" started-at="2022-12-09T11:47:23 PKT" name="initPageObjectClass2" finished-at="2022-12-09T11:47:23 PKT" duration-ms="0" status="PASS">
          <reporter-output>
          </reporter-output>
        </test-method> <!-- initPageObjectClass2 -->
        <test-method is-config="true" signature="initPageObjectClass3()[pri:0, instance:SiteTestCases.SettingsTests.WorkflowsTests.WorkflowsPageTests@660acfb]" started-at="2022-12-09T11:47:23 PKT" name="initPageObjectClass3" finished-at="2022-12-09T11:47:23 PKT" duration-ms="0" status="PASS">
          <reporter-output>
          </reporter-output>
        </test-method> <!-- initPageObjectClass3 -->
        <test-method is-config="true" signature="initPageObjectClass4()[pri:0, instance:SiteTestCases.SettingsTests.WorkflowsTests.WorkflowsPageTests@660acfb]" started-at="2022-12-09T11:47:23 PKT" name="initPageObjectClass4" finished-at="2022-12-09T11:47:23 PKT" duration-ms="1" status="PASS">
          <reporter-output>
          </reporter-output>
        </test-method> <!-- initPageObjectClass4 -->
        <test-method signature="PreviewCustomize(java.lang.String)[pri:0, instance:SiteTestCases.SettingsTests.WorkflowsTests.WorkflowsPageTests@660acfb]" started-at="2022-12-09T11:47:23 PKT" name="PreviewCustomize" finished-at="2022-12-09T11:47:57 PKT" duration-ms="33245" status="PASS">
          <params>
            <param index="0">
              <value>
                <![CDATA[https://qa.portal.packagex.xyz/login]]>
              </value>
            </param>
          </params>
          <reporter-output>
          </reporter-output>
        </test-method> <!-- PreviewCustomize -->
        <test-method is-config="true" signature="initPageObjectClass5()[pri:0, instance:SiteTestCases.SettingsTests.WorkflowsTests.WorkflowsPageTests@660acfb]" started-at="2022-12-09T11:47:23 PKT" name="initPageObjectClass5" finished-at="2022-12-09T11:47:23 PKT" duration-ms="0" status="PASS">
          <reporter-output>
          </reporter-output>
        </test-method> <!-- initPageObjectClass5 -->
        <test-method is-config="true" signature="tearDown(org.testng.ITestResult)[pri:0, instance:SiteTestCases.SettingsTests.WorkflowsTests.WorkflowsPageTests@660acfb]" started-at="2022-12-09T11:47:57 PKT" name="tearDown" finished-at="2022-12-09T11:47:57 PKT" duration-ms="2" status="PASS">
          <params>
            <param index="0">
              <value>
                <![CDATA[[TestResult name=PreviewCustomize status=SUCCESS method=WorkflowsPageTests.PreviewCustomize(java.lang.String)[pri:0, instance:SiteTestCases.SettingsTests.WorkflowsTests.WorkflowsPageTests@660acfb] output={null}]]]>
              </value>
            </param>
          </params>
          <reporter-output>
          </reporter-output>
        </test-method> <!-- tearDown -->
        <test-method is-config="true" signature="closeDriver()[pri:0, instance:SiteTestCases.SettingsTests.WorkflowsTests.WorkflowsPageTests@660acfb]" started-at="2022-12-09T11:47:57 PKT" name="closeDriver" finished-at="2022-12-09T11:47:57 PKT" duration-ms="331" status="PASS">
          <reporter-output>
          </reporter-output>
        </test-method> <!-- closeDriver -->
      </class> <!-- SiteTestCases.SettingsTests.WorkflowsTests.WorkflowsPageTests -->
    </test> <!-- PreviewCustomize -->
    <test started-at="2022-12-09T11:47:57 PKT" name="GenerateAPIKey" finished-at="2022-12-09T11:48:40 PKT" duration-ms="43515">
      <class name="SiteTestCases.SettingsTests.APIandWebhooksTests.APIandWebhooksTestsPage">
        <test-method is-config="true" signature="initDriver(java.lang.String)[pri:0, instance:SiteTestCases.SettingsTests.APIandWebhooksTests.APIandWebhooksTestsPage@6e2aa843]" started-at="2022-12-09T11:47:57 PKT" name="initDriver" finished-at="2022-12-09T11:47:58 PKT" duration-ms="1107" status="PASS">
          <params>
            <param index="0">
              <value>
                <![CDATA[Chrome]]>
              </value>
            </param>
          </params>
          <reporter-output>
          </reporter-output>
        </test-method> <!-- initDriver -->
        <test-method is-config="true" signature="initPageObjectClass()[pri:0, instance:SiteTestCases.SettingsTests.APIandWebhooksTests.APIandWebhooksTestsPage@6e2aa843]" started-at="2022-12-09T11:47:58 PKT" name="initPageObjectClass" finished-at="2022-12-09T11:47:58 PKT" duration-ms="1" status="PASS">
          <reporter-output>
          </reporter-output>
        </test-method> <!-- initPageObjectClass -->
        <test-method is-config="true" signature="initPageObjectClass1()[pri:0, instance:SiteTestCases.SettingsTests.APIandWebhooksTests.APIandWebhooksTestsPage@6e2aa843]" started-at="2022-12-09T11:47:58 PKT" name="initPageObjectClass1" finished-at="2022-12-09T11:47:58 PKT" duration-ms="0" status="PASS">
          <reporter-output>
          </reporter-output>
        </test-method> <!-- initPageObjectClass1 -->
        <test-method is-config="true" signature="initPageObjectClass2()[pri:0, instance:SiteTestCases.SettingsTests.APIandWebhooksTests.APIandWebhooksTestsPage@6e2aa843]" started-at="2022-12-09T11:47:58 PKT" name="initPageObjectClass2" finished-at="2022-12-09T11:47:58 PKT" duration-ms="38" status="PASS">
          <reporter-output>
          </reporter-output>
        </test-method> <!-- initPageObjectClass2 -->
        <test-method is-config="true" signature="initPageObjectClass3()[pri:0, instance:SiteTestCases.SettingsTests.APIandWebhooksTests.APIandWebhooksTestsPage@6e2aa843]" started-at="2022-12-09T11:47:58 PKT" name="initPageObjectClass3" finished-at="2022-12-09T11:47:58 PKT" duration-ms="0" status="PASS">
          <reporter-output>
          </reporter-output>
        </test-method> <!-- initPageObjectClass3 -->
        <test-method is-config="true" signature="initPageObjectClass4()[pri:0, instance:SiteTestCases.SettingsTests.APIandWebhooksTests.APIandWebhooksTestsPage@6e2aa843]" started-at="2022-12-09T11:47:58 PKT" name="initPageObjectClass4" finished-at="2022-12-09T11:47:58 PKT" duration-ms="1" status="PASS">
          <reporter-output>
          </reporter-output>
        </test-method> <!-- initPageObjectClass4 -->
        <test-method signature="GenerateAPIKey(java.lang.String)[pri:0, instance:SiteTestCases.SettingsTests.APIandWebhooksTests.APIandWebhooksTestsPage@6e2aa843]" started-at="2022-12-09T11:47:58 PKT" name="GenerateAPIKey" finished-at="2022-12-09T11:48:40 PKT" duration-ms="42070" status="PASS">
          <params>
            <param index="0">
              <value>
                <![CDATA[https://qa.portal.packagex.xyz/login]]>
              </value>
            </param>
          </params>
          <reporter-output>
          </reporter-output>
        </test-method> <!-- GenerateAPIKey -->
        <test-method is-config="true" signature="tearDown(org.testng.ITestResult)[pri:0, instance:SiteTestCases.SettingsTests.APIandWebhooksTests.APIandWebhooksTestsPage@6e2aa843]" started-at="2022-12-09T11:48:40 PKT" name="tearDown" finished-at="2022-12-09T11:48:40 PKT" duration-ms="1" status="PASS">
          <params>
            <param index="0">
              <value>
                <![CDATA[[TestResult name=GenerateAPIKey status=SUCCESS method=APIandWebhooksTestsPage.GenerateAPIKey(java.lang.String)[pri:0, instance:SiteTestCases.SettingsTests.APIandWebhooksTests.APIandWebhooksTestsPage@6e2aa843] output={null}]]]>
              </value>
            </param>
          </params>
          <reporter-output>
          </reporter-output>
        </test-method> <!-- tearDown -->
        <test-method is-config="true" signature="closeDriver()[pri:0, instance:SiteTestCases.SettingsTests.APIandWebhooksTests.APIandWebhooksTestsPage@6e2aa843]" started-at="2022-12-09T11:48:40 PKT" name="closeDriver" finished-at="2022-12-09T11:48:40 PKT" duration-ms="293" status="PASS">
          <reporter-output>
          </reporter-output>
        </test-method> <!-- closeDriver -->
      </class> <!-- SiteTestCases.SettingsTests.APIandWebhooksTests.APIandWebhooksTestsPage -->
    </test> <!-- GenerateAPIKey -->
    <test started-at="2022-12-09T11:48:40 PKT" name="GenerateLabelOCRAPIKey" finished-at="2022-12-09T11:49:25 PKT" duration-ms="44929">
      <class name="SiteTestCases.SettingsTests.APIandWebhooksTests.APIandWebhooksTestsPage">
        <test-method is-config="true" signature="initDriver(java.lang.String)[pri:0, instance:SiteTestCases.SettingsTests.APIandWebhooksTests.APIandWebhooksTestsPage@700fb871]" started-at="2022-12-09T11:48:40 PKT" name="initDriver" finished-at="2022-12-09T11:48:42 PKT" duration-ms="1212" status="PASS">
          <params>
            <param index="0">
              <value>
                <![CDATA[Chrome]]>
              </value>
            </param>
          </params>
          <reporter-output>
          </reporter-output>
        </test-method> <!-- initDriver -->
        <test-method is-config="true" signature="initPageObjectClass1()[pri:0, instance:SiteTestCases.SettingsTests.APIandWebhooksTests.APIandWebhooksTestsPage@700fb871]" started-at="2022-12-09T11:48:42 PKT" name="initPageObjectClass1" finished-at="2022-12-09T11:48:42 PKT" duration-ms="1" status="PASS">
          <reporter-output>
          </reporter-output>
        </test-method> <!-- initPageObjectClass1 -->
        <test-method is-config="true" signature="initPageObjectClass()[pri:0, instance:SiteTestCases.SettingsTests.APIandWebhooksTests.APIandWebhooksTestsPage@700fb871]" started-at="2022-12-09T11:48:42 PKT" name="initPageObjectClass" finished-at="2022-12-09T11:48:42 PKT" duration-ms="0" status="PASS">
          <reporter-output>
          </reporter-output>
        </test-method> <!-- initPageObjectClass -->
        <test-method is-config="true" signature="initPageObjectClass2()[pri:0, instance:SiteTestCases.SettingsTests.APIandWebhooksTests.APIandWebhooksTestsPage@700fb871]" started-at="2022-12-09T11:48:42 PKT" name="initPageObjectClass2" finished-at="2022-12-09T11:48:42 PKT" duration-ms="0" status="PASS">
          <reporter-output>
          </reporter-output>
        </test-method> <!-- initPageObjectClass2 -->
        <test-method is-config="true" signature="initPageObjectClass4()[pri:0, instance:SiteTestCases.SettingsTests.APIandWebhooksTests.APIandWebhooksTestsPage@700fb871]" started-at="2022-12-09T11:48:42 PKT" name="initPageObjectClass4" finished-at="2022-12-09T11:48:42 PKT" duration-ms="1" status="PASS">
          <reporter-output>
          </reporter-output>
        </test-method> <!-- initPageObjectClass4 -->
        <test-method is-config="true" signature="initPageObjectClass3()[pri:0, instance:SiteTestCases.SettingsTests.APIandWebhooksTests.APIandWebhooksTestsPage@700fb871]" started-at="2022-12-09T11:48:42 PKT" name="initPageObjectClass3" finished-at="2022-12-09T11:48:42 PKT" duration-ms="0" status="PASS">
          <reporter-output>
          </reporter-output>
        </test-method> <!-- initPageObjectClass3 -->
        <test-method signature="GenerateLabelOCRAPIKey(java.lang.String)[pri:0, instance:SiteTestCases.SettingsTests.APIandWebhooksTests.APIandWebhooksTestsPage@700fb871]" started-at="2022-12-09T11:48:42 PKT" name="GenerateLabelOCRAPIKey" finished-at="2022-12-09T11:49:25 PKT" duration-ms="43429" status="PASS">
          <params>
            <param index="0">
              <value>
                <![CDATA[https://qa.portal.packagex.xyz/login]]>
              </value>
            </param>
          </params>
          <reporter-output>
          </reporter-output>
        </test-method> <!-- GenerateLabelOCRAPIKey -->
        <test-method is-config="true" signature="closeDriver()[pri:0, instance:SiteTestCases.SettingsTests.APIandWebhooksTests.APIandWebhooksTestsPage@700fb871]" started-at="2022-12-09T11:49:25 PKT" name="closeDriver" finished-at="2022-12-09T11:49:25 PKT" duration-ms="281" status="PASS">
          <reporter-output>
          </reporter-output>
        </test-method> <!-- closeDriver -->
        <test-method is-config="true" signature="tearDown(org.testng.ITestResult)[pri:0, instance:SiteTestCases.SettingsTests.APIandWebhooksTests.APIandWebhooksTestsPage@700fb871]" started-at="2022-12-09T11:49:25 PKT" name="tearDown" finished-at="2022-12-09T11:49:25 PKT" duration-ms="0" status="PASS">
          <params>
            <param index="0">
              <value>
                <![CDATA[[TestResult name=GenerateLabelOCRAPIKey status=SUCCESS method=APIandWebhooksTestsPage.GenerateLabelOCRAPIKey(java.lang.String)[pri:0, instance:SiteTestCases.SettingsTests.APIandWebhooksTests.APIandWebhooksTestsPage@700fb871] output={null}]]]>
              </value>
            </param>
          </params>
          <reporter-output>
          </reporter-output>
        </test-method> <!-- tearDown -->
      </class> <!-- SiteTestCases.SettingsTests.APIandWebhooksTests.APIandWebhooksTestsPage -->
    </test> <!-- GenerateLabelOCRAPIKey -->
    <test started-at="2022-12-09T11:49:25 PKT" name="CreateWebhooks" finished-at="2022-12-09T11:50:20 PKT" duration-ms="55147">
      <class name="SiteTestCases.SettingsTests.APIandWebhooksTests.APIandWebhooksTestsPage">
        <test-method is-config="true" signature="initDriver(java.lang.String)[pri:0, instance:SiteTestCases.SettingsTests.APIandWebhooksTests.APIandWebhooksTestsPage@565f390]" started-at="2022-12-09T11:49:25 PKT" name="initDriver" finished-at="2022-12-09T11:49:27 PKT" duration-ms="1201" status="PASS">
          <params>
            <param index="0">
              <value>
                <![CDATA[Chrome]]>
              </value>
            </param>
          </params>
          <reporter-output>
          </reporter-output>
        </test-method> <!-- initDriver -->
        <test-method is-config="true" signature="initPageObjectClass()[pri:0, instance:SiteTestCases.SettingsTests.APIandWebhooksTests.APIandWebhooksTestsPage@565f390]" started-at="2022-12-09T11:49:27 PKT" name="initPageObjectClass" finished-at="2022-12-09T11:49:27 PKT" duration-ms="0" status="PASS">
          <reporter-output>
          </reporter-output>
        </test-method> <!-- initPageObjectClass -->
        <test-method is-config="true" signature="initPageObjectClass2()[pri:0, instance:SiteTestCases.SettingsTests.APIandWebhooksTests.APIandWebhooksTestsPage@565f390]" started-at="2022-12-09T11:49:27 PKT" name="initPageObjectClass2" finished-at="2022-12-09T11:49:27 PKT" duration-ms="0" status="PASS">
          <reporter-output>
          </reporter-output>
        </test-method> <!-- initPageObjectClass2 -->
        <test-method is-config="true" signature="initPageObjectClass1()[pri:0, instance:SiteTestCases.SettingsTests.APIandWebhooksTests.APIandWebhooksTestsPage@565f390]" started-at="2022-12-09T11:49:27 PKT" name="initPageObjectClass1" finished-at="2022-12-09T11:49:27 PKT" duration-ms="0" status="PASS">
          <reporter-output>
          </reporter-output>
        </test-method> <!-- initPageObjectClass1 -->
        <test-method is-config="true" signature="initPageObjectClass3()[pri:0, instance:SiteTestCases.SettingsTests.APIandWebhooksTests.APIandWebhooksTestsPage@565f390]" started-at="2022-12-09T11:49:27 PKT" name="initPageObjectClass3" finished-at="2022-12-09T11:49:27 PKT" duration-ms="1" status="PASS">
          <reporter-output>
          </reporter-output>
        </test-method> <!-- initPageObjectClass3 -->
        <test-method is-config="true" signature="initPageObjectClass4()[pri:0, instance:SiteTestCases.SettingsTests.APIandWebhooksTests.APIandWebhooksTestsPage@565f390]" started-at="2022-12-09T11:49:27 PKT" name="initPageObjectClass4" finished-at="2022-12-09T11:49:27 PKT" duration-ms="0" status="PASS">
          <reporter-output>
          </reporter-output>
        </test-method> <!-- initPageObjectClass4 -->
        <test-method signature="CreateWebhooks(java.lang.String)[pri:0, instance:SiteTestCases.SettingsTests.APIandWebhooksTests.APIandWebhooksTestsPage@565f390]" started-at="2022-12-09T11:49:27 PKT" name="CreateWebhooks" finished-at="2022-12-09T11:50:20 PKT" duration-ms="53522" status="PASS">
          <params>
            <param index="0">
              <value>
                <![CDATA[https://qa.portal.packagex.xyz/login]]>
              </value>
            </param>
          </params>
          <reporter-output>
          </reporter-output>
        </test-method> <!-- CreateWebhooks -->
        <test-method is-config="true" signature="tearDown(org.testng.ITestResult)[pri:0, instance:SiteTestCases.SettingsTests.APIandWebhooksTests.APIandWebhooksTestsPage@565f390]" started-at="2022-12-09T11:50:20 PKT" name="tearDown" finished-at="2022-12-09T11:50:20 PKT" duration-ms="4" status="PASS">
          <params>
            <param index="0">
              <value>
                <![CDATA[[TestResult name=CreateWebhooks status=SUCCESS method=APIandWebhooksTestsPage.CreateWebhooks(java.lang.String)[pri:0, instance:SiteTestCases.SettingsTests.APIandWebhooksTests.APIandWebhooksTestsPage@565f390] output={null}]]]>
              </value>
            </param>
          </params>
          <reporter-output>
          </reporter-output>
        </test-method> <!-- tearDown -->
        <test-method is-config="true" signature="closeDriver()[pri:0, instance:SiteTestCases.SettingsTests.APIandWebhooksTests.APIandWebhooksTestsPage@565f390]" started-at="2022-12-09T11:50:20 PKT" name="closeDriver" finished-at="2022-12-09T11:50:20 PKT" duration-ms="404" status="PASS">
          <reporter-output>
          </reporter-output>
        </test-method> <!-- closeDriver -->
        <test-method is-config="true" signature="onFinish(org.testng.ITestContext)[pri:0, instance:SiteTestCases.SettingsTests.APIandWebhooksTests.APIandWebhooksTestsPage@565f390]" started-at="2022-12-09T11:50:20 PKT" name="onFinish" finished-at="2022-12-09T11:50:20 PKT" duration-ms="0" status="PASS">
          <params>
            <param index="0">
              <value>
                <![CDATA[org.testng.TestRunner@76d67e5b]]>
              </value>
            </param>
          </params>
          <reporter-output>
          </reporter-output>
        </test-method> <!-- onFinish -->
      </class> <!-- SiteTestCases.SettingsTests.APIandWebhooksTests.APIandWebhooksTestsPage -->
    </test> <!-- CreateWebhooks -->
  </suite> <!-- MailRoom2.Automation QA -->
</testng-results>
